#
# There is insufficient memory for the Java Runtime Environment to continue.
# Native memory allocation (malloc) failed to allocate 1048576 bytes. Error detail: AllocateHeap
# Possible reasons:
#   The system is out of physical RAM or swap space
#   This process is running with CompressedOops enabled, and the Java Heap may be blocking the growth of the native heap
# Possible solutions:
#   Reduce memory load on the system
#   Increase physical memory or swap space
#   Check if swap backing store is full
#   Decrease Java heap size (-Xmx/-Xms)
#   Decrease number of Java threads
#   Decrease Java thread stack sizes (-Xss)
#   Set larger code cache with -XX:ReservedCodeCacheSize=
#   JVM is running with Unscaled Compressed Oops mode in which the Java heap is
#     placed in the first 4GB address space. The Java Heap base address is the
#     maximum limit for the native heap growth. Please use -XX:HeapBaseMinAddress
#     to set the Java Heap base and to place the Java Heap above 4GB virtual address.
# This output file may be truncated or incomplete.
#
#  Out of Memory Error (allocation.cpp:44), pid=10876, tid=32172
#
# JRE version: OpenJDK Runtime Environment Microsoft-11933218 (21.0.8+9) (build 21.0.8+9-LTS)
# Java VM: OpenJDK 64-Bit Server VM Microsoft-11933218 (21.0.8+9-LTS, mixed mode, sharing, tiered, compressed oops, compressed class ptrs, g1 gc, windows-amd64)
# No core dump will be written. Minidumps are not enabled by default on client versions of Windows
#

---------------  S U M M A R Y ------------

Command Line: -javaagent:C:\Program Files\JetBrains\IntelliJ IDEA Community Edition 2025.2.1\lib\idea_rt.jar=60520 -Dfile.encoding=UTF-8 -Dsun.stdout.encoding=UTF-8 -Dsun.stderr.encoding=UTF-8 com.example.demo.Java1.Application

Host: AMD Athlon Gold 3150U with Radeon Graphics     , 4 cores, 5G,  Windows 11 , 64 bit Build 22621 (10.0.22621.5415)
Time: Fri Oct 24 16:03:36 2025 Hora est. Pacífico, Sudamérica elapsed time: 4.205551 seconds (0d 0h 0m 4s)

---------------  T H R E A D  ---------------

Current thread (0x00000205cbe19530):  JavaThread "Attach Listener" daemon [_thread_in_vm, id=32172, stack(0x0000001d5a700000,0x0000001d5a800000) (1024K)]

Stack: [0x0000001d5a700000,0x0000001d5a800000]
Native frames: (J=compiled Java code, j=interpreted, Vv=VM code, C=native code)
V  [jvm.dll+0x6e1729]
V  [jvm.dll+0x8bf47b]
V  [jvm.dll+0x8c19aa]
V  [jvm.dll+0x8c2083]
V  [jvm.dll+0x289fd6]
V  [jvm.dll+0xc3c07]
V  [jvm.dll+0x6e1fd9]
V  [jvm.dll+0x13970e]
V  [jvm.dll+0x40151d]
V  [jvm.dll+0x86975d]
V  [jvm.dll+0x6dff2d]
C  [ucrtbase.dll+0x29333]
C  [KERNEL32.DLL+0x1259d]
C  [ntdll.dll+0x5af78]


---------------  P R O C E S S  ---------------

Threads class SMR info:
_java_thread_list=0x0000020611670f70, length=13, elements={
0x00000205b04efb60, 0x00000205cbe131e0, 0x00000205cbe15150, 0x00000205cbe16410,
0x00000205cbe19530, 0x00000205cbe1a130, 0x00000205cbe1ab80, 0x00000205cbe1b900,
0x00000205cbe20be0, 0x00000205cbeae950, 0x000002061146c930, 0x000002061146d2d0,
0x00000206116c5d50
}

Java Threads: ( => current thread )
  0x00000205b04efb60 JavaThread "main"                              [_thread_in_Java, id=3360, stack(0x0000001d59c00000,0x0000001d59d00000) (1024K)]
  0x00000205cbe131e0 JavaThread "Reference Handler"          daemon [_thread_blocked, id=13956, stack(0x0000001d5a400000,0x0000001d5a500000) (1024K)]
  0x00000205cbe15150 JavaThread "Finalizer"                  daemon [_thread_blocked, id=18392, stack(0x0000001d5a500000,0x0000001d5a600000) (1024K)]
  0x00000205cbe16410 JavaThread "Signal Dispatcher"          daemon [_thread_blocked, id=27772, stack(0x0000001d5a600000,0x0000001d5a700000) (1024K)]
=>0x00000205cbe19530 JavaThread "Attach Listener"            daemon [_thread_in_vm, id=32172, stack(0x0000001d5a700000,0x0000001d5a800000) (1024K)]
  0x00000205cbe1a130 JavaThread "Service Thread"             daemon [_thread_blocked, id=13268, stack(0x0000001d5a800000,0x0000001d5a900000) (1024K)]
  0x00000205cbe1ab80 JavaThread "Monitor Deflation Thread"   daemon [_thread_blocked, id=28948, stack(0x0000001d5a900000,0x0000001d5aa00000) (1024K)]
  0x00000205cbe1b900 JavaThread "C2 CompilerThread0"         daemon [_thread_in_native, id=32676, stack(0x0000001d5aa00000,0x0000001d5ab00000) (1024K)]
  0x00000205cbe20be0 JavaThread "C1 CompilerThread0"         daemon [_thread_blocked, id=36252, stack(0x0000001d5ab00000,0x0000001d5ac00000) (1024K)]
  0x00000205cbeae950 JavaThread "Common-Cleaner"             daemon [_thread_blocked, id=18344, stack(0x0000001d5ac00000,0x0000001d5ad00000) (1024K)]
  0x000002061146c930 JavaThread "Monitor Ctrl-Break"         daemon [_thread_in_native, id=34436, stack(0x0000001d5ad00000,0x0000001d5ae00000) (1024K)]
  0x000002061146d2d0 JavaThread "Notification Thread"        daemon [_thread_blocked, id=5904, stack(0x0000001d5ae00000,0x0000001d5af00000) (1024K)]
  0x00000206116c5d50 JavaThread "RMI TCP Accept-0"           daemon [_thread_in_native, id=34016, stack(0x0000001d5b200000,0x0000001d5b300000) (1024K)]
Total: 13

Other Threads:
  0x00000205cbdfd1b0 VMThread "VM Thread"                           [id=12476, stack(0x0000001d5a300000,0x0000001d5a400000) (1024K)]
  0x00000205cbde8b00 WatcherThread "VM Periodic Task Thread"        [id=35724, stack(0x0000001d5a200000,0x0000001d5a300000) (1024K)]
  0x00000205b0537960 WorkerThread "GC Thread#0"                     [id=31160, stack(0x0000001d59d00000,0x0000001d59e00000) (1024K)]
  0x000002061150e6a0 WorkerThread "GC Thread#1"                     [id=39260, stack(0x0000001d5af00000,0x0000001d5b000000) (1024K)]
  0x00000206115e2620 WorkerThread "GC Thread#2"                     [id=30480, stack(0x0000001d5b000000,0x0000001d5b100000) (1024K)]
  0x00000206115e29c0 WorkerThread "GC Thread#3"                     [id=6228, stack(0x0000001d5b100000,0x0000001d5b200000) (1024K)]
  0x00000205b0544580 ConcurrentGCThread "G1 Main Marker"            [id=38796, stack(0x0000001d59e00000,0x0000001d59f00000) (1024K)]
  0x00000205b0545230 WorkerThread "G1 Conc#0"                       [id=27184, stack(0x0000001d59f00000,0x0000001d5a000000) (1024K)]
  0x00000205cbcc10a0 ConcurrentGCThread "G1 Refine#0"               [id=21024, stack(0x0000001d5a000000,0x0000001d5a100000) (1024K)]
  0x00000205b05aae10 ConcurrentGCThread "G1 Service"                [id=25280, stack(0x0000001d5a100000,0x0000001d5a200000) (1024K)]
Total: 10

Threads with active compile tasks:
C2 CompilerThread0  4230 1220       4       java.lang.StringLatin1::inflate (34 bytes)
Total: 1

VM state: not at safepoint (normal execution)

VM Mutex/Monitor currently owned by a thread: None

Heap address: 0x00000000a1e00000, size: 1506 MB, Compressed Oops mode: 32-bit

CDS archive(s) mapped at: [0x00000205cc000000-0x00000205ccc80000-0x00000205ccc80000), size 13107200, SharedBaseAddress: 0x00000205cc000000, ArchiveRelocationMode: 1.
Compressed class space mapped at: 0x00000205cd000000-0x000002060d000000, reserved size: 1073741824
Narrow klass base: 0x00000205cc000000, Narrow klass shift: 0, Narrow klass range: 0x100000000

GC Precious Log:
 CardTable entry size: 512
 Card Set container configuration: InlinePtr #cards 5 size 8 Array Of Cards #cards 12 size 40 Howl #buckets 4 coarsen threshold 1843 Howl Bitmap #cards 512 size 80 coarsen threshold 460 Card regions per heap region 1 cards per card region 2048
 CPUs: 4 total, 4 available
 Memory: 6020M
 Large Page Support: Disabled
 NUMA Support: Disabled
 Compressed Oops: Enabled (32-bit)
 Heap Region Size: 1M
 Heap Min Capacity: 8M
 Heap Initial Capacity: 96M
 Heap Max Capacity: 1506M
 Pre-touch: Disabled
 Parallel Workers: 4
 Concurrent Workers: 1
 Concurrent Refinement Workers: 4
 Periodic GC: Disabled

Heap:
 garbage-first heap   total 98304K, used 6912K [0x00000000a1e00000, 0x0000000100000000)
  region size 1024K, 5 young (5120K), 2 survivors (2048K)
 Metaspace       used 6744K, committed 6912K, reserved 1114112K
  class space    used 692K, committed 768K, reserved 1048576K

Heap Regions: E=young(eden), S=young(survivor), O=old, HS=humongous(starts), HC=humongous(continues), CS=collection set, F=free, TAMS=top-at-mark-start, PB=parsable bottom
|   0|0x00000000a1e00000, 0x00000000a1f00000, 0x00000000a1f00000|100%| O|  |TAMS 0x00000000a1e00000| PB 0x00000000a1e00000| Untracked 
|   1|0x00000000a1f00000, 0x00000000a2000000, 0x00000000a2000000|100%| O|  |TAMS 0x00000000a1f00000| PB 0x00000000a1f00000| Untracked 
|   2|0x00000000a2000000, 0x00000000a20c0000, 0x00000000a2100000| 75%| O|  |TAMS 0x00000000a2000000| PB 0x00000000a2000000| Untracked 
|   3|0x00000000a2100000, 0x00000000a2100000, 0x00000000a2200000|  0%| F|  |TAMS 0x00000000a2100000| PB 0x00000000a2100000| Untracked 
|   4|0x00000000a2200000, 0x00000000a2200000, 0x00000000a2300000|  0%| F|  |TAMS 0x00000000a2200000| PB 0x00000000a2200000| Untracked 
|   5|0x00000000a2300000, 0x00000000a2300000, 0x00000000a2400000|  0%| F|  |TAMS 0x00000000a2300000| PB 0x00000000a2300000| Untracked 
|   6|0x00000000a2400000, 0x00000000a2400000, 0x00000000a2500000|  0%| F|  |TAMS 0x00000000a2400000| PB 0x00000000a2400000| Untracked 
|   7|0x00000000a2500000, 0x00000000a2500000, 0x00000000a2600000|  0%| F|  |TAMS 0x00000000a2500000| PB 0x00000000a2500000| Untracked 
|   8|0x00000000a2600000, 0x00000000a2600000, 0x00000000a2700000|  0%| F|  |TAMS 0x00000000a2600000| PB 0x00000000a2600000| Untracked 
|   9|0x00000000a2700000, 0x00000000a2700000, 0x00000000a2800000|  0%| F|  |TAMS 0x00000000a2700000| PB 0x00000000a2700000| Untracked 
|  10|0x00000000a2800000, 0x00000000a2800000, 0x00000000a2900000|  0%| F|  |TAMS 0x00000000a2800000| PB 0x00000000a2800000| Untracked 
|  11|0x00000000a2900000, 0x00000000a2900000, 0x00000000a2a00000|  0%| F|  |TAMS 0x00000000a2900000| PB 0x00000000a2900000| Untracked 
|  12|0x00000000a2a00000, 0x00000000a2a00000, 0x00000000a2b00000|  0%| F|  |TAMS 0x00000000a2a00000| PB 0x00000000a2a00000| Untracked 
|  13|0x00000000a2b00000, 0x00000000a2b00000, 0x00000000a2c00000|  0%| F|  |TAMS 0x00000000a2b00000| PB 0x00000000a2b00000| Untracked 
|  14|0x00000000a2c00000, 0x00000000a2c00000, 0x00000000a2d00000|  0%| F|  |TAMS 0x00000000a2c00000| PB 0x00000000a2c00000| Untracked 
|  15|0x00000000a2d00000, 0x00000000a2d00000, 0x00000000a2e00000|  0%| F|  |TAMS 0x00000000a2d00000| PB 0x00000000a2d00000| Untracked 
|  16|0x00000000a2e00000, 0x00000000a2e00000, 0x00000000a2f00000|  0%| F|  |TAMS 0x00000000a2e00000| PB 0x00000000a2e00000| Untracked 
|  17|0x00000000a2f00000, 0x00000000a2f00000, 0x00000000a3000000|  0%| F|  |TAMS 0x00000000a2f00000| PB 0x00000000a2f00000| Untracked 
|  18|0x00000000a3000000, 0x00000000a3000000, 0x00000000a3100000|  0%| F|  |TAMS 0x00000000a3000000| PB 0x00000000a3000000| Untracked 
|  19|0x00000000a3100000, 0x00000000a3100000, 0x00000000a3200000|  0%| F|  |TAMS 0x00000000a3100000| PB 0x00000000a3100000| Untracked 
|  20|0x00000000a3200000, 0x00000000a3200000, 0x00000000a3300000|  0%| F|  |TAMS 0x00000000a3200000| PB 0x00000000a3200000| Untracked 
|  21|0x00000000a3300000, 0x00000000a3300000, 0x00000000a3400000|  0%| F|  |TAMS 0x00000000a3300000| PB 0x00000000a3300000| Untracked 
|  22|0x00000000a3400000, 0x00000000a3400000, 0x00000000a3500000|  0%| F|  |TAMS 0x00000000a3400000| PB 0x00000000a3400000| Untracked 
|  23|0x00000000a3500000, 0x00000000a3500000, 0x00000000a3600000|  0%| F|  |TAMS 0x00000000a3500000| PB 0x00000000a3500000| Untracked 
|  24|0x00000000a3600000, 0x00000000a3600000, 0x00000000a3700000|  0%| F|  |TAMS 0x00000000a3600000| PB 0x00000000a3600000| Untracked 
|  25|0x00000000a3700000, 0x00000000a3700000, 0x00000000a3800000|  0%| F|  |TAMS 0x00000000a3700000| PB 0x00000000a3700000| Untracked 
|  26|0x00000000a3800000, 0x00000000a3800000, 0x00000000a3900000|  0%| F|  |TAMS 0x00000000a3800000| PB 0x00000000a3800000| Untracked 
|  27|0x00000000a3900000, 0x00000000a3900000, 0x00000000a3a00000|  0%| F|  |TAMS 0x00000000a3900000| PB 0x00000000a3900000| Untracked 
|  28|0x00000000a3a00000, 0x00000000a3a00000, 0x00000000a3b00000|  0%| F|  |TAMS 0x00000000a3a00000| PB 0x00000000a3a00000| Untracked 
|  29|0x00000000a3b00000, 0x00000000a3b00000, 0x00000000a3c00000|  0%| F|  |TAMS 0x00000000a3b00000| PB 0x00000000a3b00000| Untracked 
|  30|0x00000000a3c00000, 0x00000000a3c00000, 0x00000000a3d00000|  0%| F|  |TAMS 0x00000000a3c00000| PB 0x00000000a3c00000| Untracked 
|  31|0x00000000a3d00000, 0x00000000a3d00000, 0x00000000a3e00000|  0%| F|  |TAMS 0x00000000a3d00000| PB 0x00000000a3d00000| Untracked 
|  32|0x00000000a3e00000, 0x00000000a3e00000, 0x00000000a3f00000|  0%| F|  |TAMS 0x00000000a3e00000| PB 0x00000000a3e00000| Untracked 
|  33|0x00000000a3f00000, 0x00000000a3f00000, 0x00000000a4000000|  0%| F|  |TAMS 0x00000000a3f00000| PB 0x00000000a3f00000| Untracked 
|  34|0x00000000a4000000, 0x00000000a4000000, 0x00000000a4100000|  0%| F|  |TAMS 0x00000000a4000000| PB 0x00000000a4000000| Untracked 
|  35|0x00000000a4100000, 0x00000000a4100000, 0x00000000a4200000|  0%| F|  |TAMS 0x00000000a4100000| PB 0x00000000a4100000| Untracked 
|  36|0x00000000a4200000, 0x00000000a4200000, 0x00000000a4300000|  0%| F|  |TAMS 0x00000000a4200000| PB 0x00000000a4200000| Untracked 
|  37|0x00000000a4300000, 0x00000000a4300000, 0x00000000a4400000|  0%| F|  |TAMS 0x00000000a4300000| PB 0x00000000a4300000| Untracked 
|  38|0x00000000a4400000, 0x00000000a4400000, 0x00000000a4500000|  0%| F|  |TAMS 0x00000000a4400000| PB 0x00000000a4400000| Untracked 
|  39|0x00000000a4500000, 0x00000000a4500000, 0x00000000a4600000|  0%| F|  |TAMS 0x00000000a4500000| PB 0x00000000a4500000| Untracked 
|  40|0x00000000a4600000, 0x00000000a4600000, 0x00000000a4700000|  0%| F|  |TAMS 0x00000000a4600000| PB 0x00000000a4600000| Untracked 
|  41|0x00000000a4700000, 0x00000000a4700000, 0x00000000a4800000|  0%| F|  |TAMS 0x00000000a4700000| PB 0x00000000a4700000| Untracked 
|  42|0x00000000a4800000, 0x00000000a4800000, 0x00000000a4900000|  0%| F|  |TAMS 0x00000000a4800000| PB 0x00000000a4800000| Untracked 
|  43|0x00000000a4900000, 0x00000000a4900000, 0x00000000a4a00000|  0%| F|  |TAMS 0x00000000a4900000| PB 0x00000000a4900000| Untracked 
|  44|0x00000000a4a00000, 0x00000000a4a00000, 0x00000000a4b00000|  0%| F|  |TAMS 0x00000000a4a00000| PB 0x00000000a4a00000| Untracked 
|  45|0x00000000a4b00000, 0x00000000a4b00000, 0x00000000a4c00000|  0%| F|  |TAMS 0x00000000a4b00000| PB 0x00000000a4b00000| Untracked 
|  46|0x00000000a4c00000, 0x00000000a4c00000, 0x00000000a4d00000|  0%| F|  |TAMS 0x00000000a4c00000| PB 0x00000000a4c00000| Untracked 
|  47|0x00000000a4d00000, 0x00000000a4d00000, 0x00000000a4e00000|  0%| F|  |TAMS 0x00000000a4d00000| PB 0x00000000a4d00000| Untracked 
|  48|0x00000000a4e00000, 0x00000000a4e00000, 0x00000000a4f00000|  0%| F|  |TAMS 0x00000000a4e00000| PB 0x00000000a4e00000| Untracked 
|  49|0x00000000a4f00000, 0x00000000a4f00000, 0x00000000a5000000|  0%| F|  |TAMS 0x00000000a4f00000| PB 0x00000000a4f00000| Untracked 
|  50|0x00000000a5000000, 0x00000000a5000000, 0x00000000a5100000|  0%| F|  |TAMS 0x00000000a5000000| PB 0x00000000a5000000| Untracked 
|  51|0x00000000a5100000, 0x00000000a5100000, 0x00000000a5200000|  0%| F|  |TAMS 0x00000000a5100000| PB 0x00000000a5100000| Untracked 
|  52|0x00000000a5200000, 0x00000000a5200000, 0x00000000a5300000|  0%| F|  |TAMS 0x00000000a5200000| PB 0x00000000a5200000| Untracked 
|  53|0x00000000a5300000, 0x00000000a5300000, 0x00000000a5400000|  0%| F|  |TAMS 0x00000000a5300000| PB 0x00000000a5300000| Untracked 
|  54|0x00000000a5400000, 0x00000000a5400000, 0x00000000a5500000|  0%| F|  |TAMS 0x00000000a5400000| PB 0x00000000a5400000| Untracked 
|  55|0x00000000a5500000, 0x00000000a5500000, 0x00000000a5600000|  0%| F|  |TAMS 0x00000000a5500000| PB 0x00000000a5500000| Untracked 
|  56|0x00000000a5600000, 0x00000000a5600000, 0x00000000a5700000|  0%| F|  |TAMS 0x00000000a5600000| PB 0x00000000a5600000| Untracked 
|  57|0x00000000a5700000, 0x00000000a5700000, 0x00000000a5800000|  0%| F|  |TAMS 0x00000000a5700000| PB 0x00000000a5700000| Untracked 
|  58|0x00000000a5800000, 0x00000000a5800000, 0x00000000a5900000|  0%| F|  |TAMS 0x00000000a5800000| PB 0x00000000a5800000| Untracked 
|  59|0x00000000a5900000, 0x00000000a5900000, 0x00000000a5a00000|  0%| F|  |TAMS 0x00000000a5900000| PB 0x00000000a5900000| Untracked 
|  60|0x00000000a5a00000, 0x00000000a5a00000, 0x00000000a5b00000|  0%| F|  |TAMS 0x00000000a5a00000| PB 0x00000000a5a00000| Untracked 
|  61|0x00000000a5b00000, 0x00000000a5b00000, 0x00000000a5c00000|  0%| F|  |TAMS 0x00000000a5b00000| PB 0x00000000a5b00000| Untracked 
|  62|0x00000000a5c00000, 0x00000000a5c00000, 0x00000000a5d00000|  0%| F|  |TAMS 0x00000000a5c00000| PB 0x00000000a5c00000| Untracked 
|  63|0x00000000a5d00000, 0x00000000a5d00000, 0x00000000a5e00000|  0%| F|  |TAMS 0x00000000a5d00000| PB 0x00000000a5d00000| Untracked 
|  64|0x00000000a5e00000, 0x00000000a5e00000, 0x00000000a5f00000|  0%| F|  |TAMS 0x00000000a5e00000| PB 0x00000000a5e00000| Untracked 
|  65|0x00000000a5f00000, 0x00000000a5f00000, 0x00000000a6000000|  0%| F|  |TAMS 0x00000000a5f00000| PB 0x00000000a5f00000| Untracked 
|  66|0x00000000a6000000, 0x00000000a6000000, 0x00000000a6100000|  0%| F|  |TAMS 0x00000000a6000000| PB 0x00000000a6000000| Untracked 
|  67|0x00000000a6100000, 0x00000000a6100000, 0x00000000a6200000|  0%| F|  |TAMS 0x00000000a6100000| PB 0x00000000a6100000| Untracked 
|  68|0x00000000a6200000, 0x00000000a6200000, 0x00000000a6300000|  0%| F|  |TAMS 0x00000000a6200000| PB 0x00000000a6200000| Untracked 
|  69|0x00000000a6300000, 0x00000000a6300000, 0x00000000a6400000|  0%| F|  |TAMS 0x00000000a6300000| PB 0x00000000a6300000| Untracked 
|  70|0x00000000a6400000, 0x00000000a6400000, 0x00000000a6500000|  0%| F|  |TAMS 0x00000000a6400000| PB 0x00000000a6400000| Untracked 
|  71|0x00000000a6500000, 0x00000000a6500000, 0x00000000a6600000|  0%| F|  |TAMS 0x00000000a6500000| PB 0x00000000a6500000| Untracked 
|  72|0x00000000a6600000, 0x00000000a6600000, 0x00000000a6700000|  0%| F|  |TAMS 0x00000000a6600000| PB 0x00000000a6600000| Untracked 
|  73|0x00000000a6700000, 0x00000000a6700000, 0x00000000a6800000|  0%| F|  |TAMS 0x00000000a6700000| PB 0x00000000a6700000| Untracked 
|  74|0x00000000a6800000, 0x00000000a6800000, 0x00000000a6900000|  0%| F|  |TAMS 0x00000000a6800000| PB 0x00000000a6800000| Untracked 
|  75|0x00000000a6900000, 0x00000000a6900000, 0x00000000a6a00000|  0%| F|  |TAMS 0x00000000a6900000| PB 0x00000000a6900000| Untracked 
|  76|0x00000000a6a00000, 0x00000000a6a00000, 0x00000000a6b00000|  0%| F|  |TAMS 0x00000000a6a00000| PB 0x00000000a6a00000| Untracked 
|  77|0x00000000a6b00000, 0x00000000a6b00000, 0x00000000a6c00000|  0%| F|  |TAMS 0x00000000a6b00000| PB 0x00000000a6b00000| Untracked 
|  78|0x00000000a6c00000, 0x00000000a6c00000, 0x00000000a6d00000|  0%| F|  |TAMS 0x00000000a6c00000| PB 0x00000000a6c00000| Untracked 
|  79|0x00000000a6d00000, 0x00000000a6d00000, 0x00000000a6e00000|  0%| F|  |TAMS 0x00000000a6d00000| PB 0x00000000a6d00000| Untracked 
|  80|0x00000000a6e00000, 0x00000000a6e00000, 0x00000000a6f00000|  0%| F|  |TAMS 0x00000000a6e00000| PB 0x00000000a6e00000| Untracked 
|  81|0x00000000a6f00000, 0x00000000a7000000, 0x00000000a7000000|100%| S|CS|TAMS 0x00000000a6f00000| PB 0x00000000a6f00000| Complete 
|  82|0x00000000a7000000, 0x00000000a7100000, 0x00000000a7100000|100%| S|CS|TAMS 0x00000000a7000000| PB 0x00000000a7000000| Complete 
|  83|0x00000000a7100000, 0x00000000a7100000, 0x00000000a7200000|  0%| F|  |TAMS 0x00000000a7100000| PB 0x00000000a7100000| Untracked 
|  84|0x00000000a7200000, 0x00000000a7200000, 0x00000000a7300000|  0%| F|  |TAMS 0x00000000a7200000| PB 0x00000000a7200000| Untracked 
|  85|0x00000000a7300000, 0x00000000a7300000, 0x00000000a7400000|  0%| F|  |TAMS 0x00000000a7300000| PB 0x00000000a7300000| Untracked 
|  86|0x00000000a7400000, 0x00000000a7400000, 0x00000000a7500000|  0%| F|  |TAMS 0x00000000a7400000| PB 0x00000000a7400000| Untracked 
|  87|0x00000000a7500000, 0x00000000a7500000, 0x00000000a7600000|  0%| F|  |TAMS 0x00000000a7500000| PB 0x00000000a7500000| Untracked 
|  88|0x00000000a7600000, 0x00000000a7600000, 0x00000000a7700000|  0%| F|  |TAMS 0x00000000a7600000| PB 0x00000000a7600000| Untracked 
|  89|0x00000000a7700000, 0x00000000a7700000, 0x00000000a7800000|  0%| F|  |TAMS 0x00000000a7700000| PB 0x00000000a7700000| Untracked 
|  90|0x00000000a7800000, 0x00000000a7800000, 0x00000000a7900000|  0%| F|  |TAMS 0x00000000a7800000| PB 0x00000000a7800000| Untracked 
|  91|0x00000000a7900000, 0x00000000a7900000, 0x00000000a7a00000|  0%| F|  |TAMS 0x00000000a7900000| PB 0x00000000a7900000| Untracked 
|  92|0x00000000a7a00000, 0x00000000a7a00000, 0x00000000a7b00000|  0%| F|  |TAMS 0x00000000a7a00000| PB 0x00000000a7a00000| Untracked 
|  93|0x00000000a7b00000, 0x00000000a7bb6540, 0x00000000a7c00000| 71%| E|  |TAMS 0x00000000a7b00000| PB 0x00000000a7b00000| Complete 
|  94|0x00000000a7c00000, 0x00000000a7d00000, 0x00000000a7d00000|100%| E|CS|TAMS 0x00000000a7c00000| PB 0x00000000a7c00000| Complete 
|  95|0x00000000a7d00000, 0x00000000a7e00000, 0x00000000a7e00000|100%| E|CS|TAMS 0x00000000a7d00000| PB 0x00000000a7d00000| Complete 

Card table byte_map: [0x00000205c7ef0000,0x00000205c81f0000] _byte_map_base: 0x00000205c79e1000

Marking Bits: (CMBitMap*) 0x00000205b0538060
 Bits: [0x00000205c81f0000, 0x00000205c9978000)

Polling page: 0x00000205ae3b0000

Metaspace:

Usage:
  Non-class:      5.91 MB used.
      Class:    692.86 KB used.
       Both:      6.59 MB used.

Virtual space:
  Non-class space:       64.00 MB reserved,       6.00 MB (  9%) committed,  1 nodes.
      Class space:        1.00 GB reserved,     768.00 KB ( <1%) committed,  1 nodes.
             Both:        1.06 GB reserved,       6.75 MB ( <1%) committed. 

Chunk freelists:
   Non-Class:  10.00 MB
       Class:  15.21 MB
        Both:  25.22 MB

MaxMetaspaceSize: unlimited
CompressedClassSpaceSize: 1.00 GB
Initial GC threshold: 21.00 MB
Current GC threshold: 21.00 MB
CDS: on
 - commit_granule_bytes: 65536.
 - commit_granule_words: 8192.
 - virtual_space_node_default_size: 8388608.
 - enlarge_chunks_in_place: 1.
 - use_allocation_guard: 0.


Internal statistics:

num_allocs_failed_limit: 0.
num_arena_births: 124.
num_arena_deaths: 0.
num_vsnodes_births: 2.
num_vsnodes_deaths: 0.
num_space_committed: 108.
num_space_uncommitted: 0.
num_chunks_returned_to_freelist: 0.
num_chunks_taken_from_freelist: 184.
num_chunk_merges: 0.
num_chunk_splits: 112.
num_chunks_enlarged: 62.
num_inconsistent_stats: 0.

CodeHeap 'non-profiled nmethods': size=120000Kb used=388Kb max_used=388Kb free=119612Kb
 bounds [0x00000205c06c0000, 0x00000205c0930000, 0x00000205c7bf0000]
CodeHeap 'profiled nmethods': size=120000Kb used=1939Kb max_used=1939Kb free=118061Kb
 bounds [0x00000205b8bf0000, 0x00000205b8e60000, 0x00000205c0120000]
CodeHeap 'non-nmethods': size=5760Kb used=1384Kb max_used=1404Kb free=4375Kb
 bounds [0x00000205c0120000, 0x00000205c0390000, 0x00000205c06c0000]
CodeCache: size=245760Kb, used=3711Kb, max_used=3731Kb, free=242048Kb
 total_blobs=1702, nmethods=1219, adapters=388, full_count=0
Compilation: enabled, stopped_count=0, restarted_count=0

Compilation events (20 events):
Event: 4.172 Thread 0x00000205cbe20be0 nmethod 1208 0x00000205b8dcd590 code [0x00000205b8dcd720, 0x00000205b8dcd880]
Event: 4.172 Thread 0x00000205cbe20be0 1209       3       java.lang.invoke.InvokerBytecodeGenerator::emitLoadInsn (21 bytes)
Event: 4.172 Thread 0x00000205cbe20be0 nmethod 1209 0x00000205b8dcd910 code [0x00000205b8dcdae0, 0x00000205b8dcdd38]
Event: 4.172 Thread 0x00000205cbe20be0 1206       3       jdk.internal.org.objectweb.asm.AnnotationWriter::computeAnnotationsSize (66 bytes)
Event: 4.173 Thread 0x00000205cbe20be0 nmethod 1206 0x00000205b8dcde90 code [0x00000205b8dce080, 0x00000205b8dce380]
Event: 4.173 Thread 0x00000205cbe20be0 1210       3       java.lang.invoke.LambdaForm$BasicType::basicTypeSlots (8 bytes)
Event: 4.173 Thread 0x00000205cbe20be0 nmethod 1210 0x00000205b8dce510 code [0x00000205b8dce6c0, 0x00000205b8dce838]
Event: 4.173 Thread 0x00000205cbe20be0 1211       3       sun.invoke.util.Wrapper::stackSlots (9 bytes)
Event: 4.173 Thread 0x00000205cbe20be0 nmethod 1211 0x00000205b8dce910 code [0x00000205b8dceaa0, 0x00000205b8dcebb0]
Event: 4.173 Thread 0x00000205cbe20be0 1207       3       jdk.internal.org.objectweb.asm.Attribute::putAttributes (78 bytes)
Event: 4.173 Thread 0x00000205cbe20be0 nmethod 1207 0x00000205b8dcec10 code [0x00000205b8dcee80, 0x00000205b8dcf3a8]
Event: 4.173 Thread 0x00000205cbe20be0 1212       3       java.lang.invoke.VarHandleGuards::guard_LII_V (135 bytes)
Event: 4.174 Thread 0x00000205cbe1b900 1213       4       java.util.HashMap::putVal (300 bytes)
Event: 4.175 Thread 0x00000205cbe20be0 nmethod 1212 0x00000205b8dcf690 code [0x00000205b8dcfac0, 0x00000205b8dd1fc8]
Event: 4.187 Thread 0x00000205cbe20be0 1216       3       sun.net.www.ParseUtil::encodePath (41 bytes)
Event: 4.187 Thread 0x00000205cbe20be0 nmethod 1216 0x00000205b8dd2a90 code [0x00000205b8dd2c60, 0x00000205b8dd2ec0]
Event: 4.191 Thread 0x00000205cbe20be0 1217       3       java.lang.String::indexOf (18 bytes)
Event: 4.192 Thread 0x00000205cbe20be0 nmethod 1217 0x00000205b8dd2f90 code [0x00000205b8dd3160, 0x00000205b8dd3428]
Event: 4.192 Thread 0x00000205cbe20be0 1218       3       java.lang.Math::clamp (49 bytes)
Event: 4.193 Thread 0x00000205cbe20be0 nmethod 1218 0x00000205b8dd3590 code [0x00000205b8dd37e0, 0x00000205b8dd3fa8]

GC Heap History (2 events):
Event: 3.698 GC heap before
{Heap before GC invocations=0 (full 0):
 garbage-first heap   total 98304K, used 13312K [0x00000000a1e00000, 0x0000000100000000)
  region size 1024K, 13 young (13312K), 0 survivors (0K)
 Metaspace       used 4848K, committed 4992K, reserved 1114112K
  class space    used 479K, committed 512K, reserved 1048576K
}
Event: 3.722 GC heap after
{Heap after GC invocations=1 (full 0):
 garbage-first heap   total 98304K, used 4864K [0x00000000a1e00000, 0x0000000100000000)
  region size 1024K, 2 young (2048K), 2 survivors (2048K)
 Metaspace       used 4848K, committed 4992K, reserved 1114112K
  class space    used 479K, committed 512K, reserved 1048576K
}

Dll operation events (11 events):
Event: 0.097 Loaded shared library C:\Users\LENOVO\.jdks\ms-21.0.8\bin\java.dll
Event: 0.150 Loaded shared library C:\Users\LENOVO\.jdks\ms-21.0.8\bin\jsvml.dll
Event: 0.606 Loaded shared library C:\Users\LENOVO\.jdks\ms-21.0.8\bin\zip.dll
Event: 0.617 Loaded shared library C:\Users\LENOVO\.jdks\ms-21.0.8\bin\instrument.dll
Event: 0.626 Loaded shared library C:\Users\LENOVO\.jdks\ms-21.0.8\bin\net.dll
Event: 0.629 Loaded shared library C:\Users\LENOVO\.jdks\ms-21.0.8\bin\nio.dll
Event: 0.635 Loaded shared library C:\Users\LENOVO\.jdks\ms-21.0.8\bin\zip.dll
Event: 2.482 Loaded shared library C:\Users\LENOVO\.jdks\ms-21.0.8\bin\jimage.dll
Event: 2.606 Loaded shared library C:\Users\LENOVO\.jdks\ms-21.0.8\bin\management.dll
Event: 2.648 Loaded shared library C:\Users\LENOVO\.jdks\ms-21.0.8\bin\management_ext.dll
Event: 3.196 Loaded shared library C:\Users\LENOVO\.jdks\ms-21.0.8\bin\extnet.dll

Deoptimization events (20 events):
Event: 3.524 Thread 0x00000205cbe19530 DEOPT PACKING pc=0x00000205c06e4f28 sp=0x0000001d5a7fd9f0
Event: 3.524 Thread 0x00000205cbe19530 DEOPT UNPACKING pc=0x00000205c01746a2 sp=0x0000001d5a7fd930 mode 2
Event: 3.524 Thread 0x00000205cbe19530 Uncommon trap: trap_request=0xffffff45 fr.pc=0x00000205c0704dd8 relative=0x00000000000000b8
Event: 3.524 Thread 0x00000205cbe19530 Uncommon trap: reason=unstable_if action=reinterpret pc=0x00000205c0704dd8 method=jdk.internal.util.xml.impl.Parser.bappend(CC)V @ 1 c2
Event: 3.524 Thread 0x00000205cbe19530 DEOPT PACKING pc=0x00000205c0704dd8 sp=0x0000001d5a7fd760
Event: 3.632 Thread 0x00000205cbe19530 DEOPT UNPACKING pc=0x00000205c01746a2 sp=0x0000001d5a7fd6e8 mode 2
Event: 3.632 Thread 0x00000205cbe19530 Uncommon trap: trap_request=0xffffff45 fr.pc=0x00000205c0705194 relative=0x0000000000000074
Event: 3.632 Thread 0x00000205cbe19530 Uncommon trap: reason=unstable_if action=reinterpret pc=0x00000205c0705194 method=jdk.internal.util.xml.impl.Parser.ensureCapacity(I)V @ 40 c2
Event: 3.633 Thread 0x00000205cbe19530 DEOPT PACKING pc=0x00000205c0705194 sp=0x0000001d5a7fd760
Event: 3.633 Thread 0x00000205cbe19530 DEOPT UNPACKING pc=0x00000205c01746a2 sp=0x0000001d5a7fd6d8 mode 2
Event: 3.787 Thread 0x00000205b04efb60 DEOPT PACKING pc=0x00000205b8c2e55a sp=0x0000001d59cf9c00
Event: 3.787 Thread 0x00000205b04efb60 DEOPT UNPACKING pc=0x00000205c0174e42 sp=0x0000001d59cf9090 mode 0
Event: 4.142 Thread 0x00000205cbe19530 Uncommon trap: trap_request=0xffffff45 fr.pc=0x00000205c0712668 relative=0x0000000000000408
Event: 4.142 Thread 0x00000205cbe19530 Uncommon trap: reason=unstable_if action=reinterpret pc=0x00000205c0712668 method=java.util.HashMap.getNode(Ljava/lang/Object;)Ljava/util/HashMap$Node; @ 66 c2
Event: 4.142 Thread 0x00000205cbe19530 DEOPT PACKING pc=0x00000205c0712668 sp=0x0000001d5a7fe060
Event: 4.142 Thread 0x00000205cbe19530 DEOPT UNPACKING pc=0x00000205c01746a2 sp=0x0000001d5a7fdfd0 mode 2
Event: 4.144 Thread 0x00000205cbe19530 Uncommon trap: trap_request=0xffffff6e fr.pc=0x00000205c070b684 relative=0x0000000000000164
Event: 4.144 Thread 0x00000205cbe19530 Uncommon trap: reason=loop_limit_check action=maybe_recompile pc=0x00000205c070b684 method=java.lang.StringLatin1.lastIndexOf([BII)I @ 19 c2
Event: 4.144 Thread 0x00000205cbe19530 DEOPT PACKING pc=0x00000205c070b684 sp=0x0000001d5a7fe0e0
Event: 4.144 Thread 0x00000205cbe19530 DEOPT UNPACKING pc=0x00000205c01746a2 sp=0x0000001d5a7fe060 mode 2

Classes loaded (20 events):
Event: 4.165 Loading class java/lang/CloneNotSupportedException
Event: 4.165 Loading class java/lang/CloneNotSupportedException done
Event: 4.166 Loading class java/io/ClassCache$CacheRef
Event: 4.166 Loading class java/io/ClassCache$CacheRef done
Event: 4.166 Loading class java/io/ObjectStreamClass$FieldReflectorKey
Event: 4.166 Loading class java/io/ObjectStreamClass$FieldReflectorKey done
Event: 4.166 Loading class java/io/ObjectStreamClass$FieldReflector
Event: 4.166 Loading class java/io/ObjectStreamClass$FieldReflector done
Event: 4.169 Loading class java/io/ObjectStreamClass$ClassDataSlot
Event: 4.169 Loading class java/io/ObjectStreamClass$ClassDataSlot done
Event: 4.169 Loading class java/io/SerialCallbackContext
Event: 4.170 Loading class java/io/SerialCallbackContext done
Event: 4.173 Loading class sun/rmi/transport/ConnectionOutputStream
Event: 4.173 Loading class sun/rmi/server/MarshalOutputStream
Event: 4.173 Loading class sun/rmi/server/MarshalOutputStream done
Event: 4.173 Loading class sun/rmi/transport/ConnectionOutputStream done
Event: 4.174 Loading class jdk/internal/agent/ConnectorAddressLink
Event: 4.176 Loading class jdk/internal/agent/ConnectorAddressLink done
Event: 4.176 Loading class sun/management/counter/Units
Event: 4.176 Loading class sun/management/counter/Units done

Classes unloaded (0 events):
No events

Classes redefined (0 events):
No events

Internal exceptions (14 events):
Event: 2.438 Thread 0x00000205b04efb60 Exception <a 'java/lang/NoSuchMethodError'{0x00000000a780bfa0}: 'void java.lang.invoke.DirectMethodHandle$Holder.invokeStatic(java.lang.Object, java.lang.Object, java.lang.Object)'> (0x00000000a780bfa0) 
thrown [s\src\hotspot\share\interpreter\linkResolver.cpp, line 773]
Event: 2.529 Thread 0x00000205cbe19530 Exception <a 'java/lang/NoSuchMethodError'{0x00000000a7749258}: 'java.lang.Object java.lang.invoke.Invokers$Holder.invokeExact_MT(java.lang.Object, java.lang.Object, java.lang.Object, java.lang.Object, java.lang.Object, java.lang.Object)'> (0x00000000a7749258) 
thrown [s\src\hotspot\share\interpreter\linkResolver.cpp, line 773]
Event: 2.547 Thread 0x00000205b04efb60 Exception <a 'java/lang/NoSuchMethodError'{0x00000000a78237b8}: 'java.lang.Object java.lang.invoke.Invokers$Holder.invokeExact_MT(java.lang.Object, java.lang.Object, java.lang.Object, java.lang.Object, java.lang.Object)'> (0x00000000a78237b8) 
thrown [s\src\hotspot\share\interpreter\linkResolver.cpp, line 773]
Event: 2.658 Thread 0x00000205cbe19530 Exception <a 'java/lang/NoSuchMethodError'{0x00000000a777ebb0}: 'int java.lang.invoke.DirectMethodHandle$Holder.invokeInterface(java.lang.Object, java.lang.Object)'> (0x00000000a777ebb0) 
thrown [s\src\hotspot\share\interpreter\linkResolver.cpp, line 773]
Event: 2.658 Thread 0x00000205cbe19530 Exception <a 'java/lang/IncompatibleClassChangeError'{0x00000000a7781dd0}: Found class java.lang.Object, but interface was expected> (0x00000000a7781dd0) 
thrown [s\src\hotspot\share\interpreter\linkResolver.cpp, line 840]
Event: 2.660 Thread 0x00000205cbe19530 Exception <a 'java/lang/NoSuchMethodError'{0x00000000a77c9c68}: 'void java.lang.invoke.DirectMethodHandle$Holder.invokeStatic(java.lang.Object, java.lang.Object)'> (0x00000000a77c9c68) 
thrown [s\src\hotspot\share\interpreter\linkResolver.cpp, line 773]
Event: 2.796 Thread 0x00000205cbe19530 Exception <a 'java/lang/NoSuchMethodError'{0x00000000a76d50c0}: 'int java.lang.invoke.DirectMethodHandle$Holder.invokeSpecial(java.lang.Object, java.lang.Object, java.lang.Object)'> (0x00000000a76d50c0) 
thrown [s\src\hotspot\share\interpreter\linkResolver.cpp, line 773]
Event: 2.887 Thread 0x00000205cbe19530 Exception <a 'java/lang/NoSuchMethodError'{0x00000000a741f378}: 'java.lang.Object java.lang.invoke.DirectMethodHandle$Holder.invokeStaticInit(java.lang.Object, java.lang.Object, java.lang.Object)'> (0x00000000a741f378) 
thrown [s\src\hotspot\share\interpreter\linkResolver.cpp, line 773]
Event: 3.845 Thread 0x00000205cbe19530 Exception <a 'java/lang/NoSuchMethodError'{0x00000000a7c18610}: 'java.lang.Object java.lang.invoke.DirectMethodHandle$Holder.invokeStaticInit(java.lang.Object, int, int, int, int)'> (0x00000000a7c18610) 
thrown [s\src\hotspot\share\interpreter\linkResolver.cpp, line 773]
Event: 3.959 Thread 0x00000205cbe19530 Exception <a 'java/lang/NoSuchMethodError'{0x00000000a7b11480}: 'java.lang.Object java.lang.invoke.DirectMethodHandle$Holder.invokeStaticInit(java.lang.Object, java.lang.Object, int, int, int, int)'> (0x00000000a7b11480) 
thrown [s\src\hotspot\share\interpreter\linkResolver.cpp, line 773]
Event: 4.133 Thread 0x00000205cbe19530 Exception <a 'java/lang/ClassNotFoundException'{0x00000000a7b2e948}: javax/management/remote/rmi/RMIServerImpl_Skel> (0x00000000a7b2e948) 
thrown [s\src\hotspot\share\classfile\systemDictionary.cpp, line 312]
Event: 4.157 Thread 0x00000205cbe19530 Exception <a 'java/lang/NoSuchMethodError'{0x00000000a7b4a830}: 'long java.lang.invoke.DirectMethodHandle$Holder.invokeSpecial(java.lang.Object, java.lang.Object)'> (0x00000000a7b4a830) 
thrown [s\src\hotspot\share\interpreter\linkResolver.cpp, line 773]
Event: 4.157 Thread 0x00000205cbe19530 Exception <a 'java/lang/NoSuchMethodError'{0x00000000a7b4df18}: 'long java.lang.invoke.Invokers$Holder.invokeExact_MT(java.lang.Object, java.lang.Object)'> (0x00000000a7b4df18) 
thrown [s\src\hotspot\share\interpreter\linkResolver.cpp, line 773]
Event: 4.171 Thread 0x00000205cbe19530 Exception <a 'java/lang/NoSuchMethodError'{0x00000000a7ba12e0}: 'void java.lang.invoke.DirectMethodHandle$Holder.invokeSpecial(java.lang.Object, java.lang.Object, java.lang.Object)'> (0x00000000a7ba12e0) 
thrown [s\src\hotspot\share\interpreter\linkResolver.cpp, line 773]

ZGC Phase Switch (0 events):
No events

VM Operations (20 events):
Event: 0.578 Executing VM operation: HandshakeAllThreads (Deoptimize)
Event: 0.578 Executing VM operation: HandshakeAllThreads (Deoptimize) done
Event: 1.678 Executing VM operation: Cleanup
Event: 1.678 Executing VM operation: Cleanup done
Event: 2.498 Executing VM operation: HandshakeAllThreads (Deoptimize)
Event: 2.499 Executing VM operation: HandshakeAllThreads (Deoptimize) done
Event: 2.622 Executing VM operation: HandshakeAllThreads (Deoptimize)
Event: 2.630 Executing VM operation: HandshakeAllThreads (Deoptimize) done
Event: 2.631 Executing VM operation: HandshakeAllThreads (Deoptimize)
Event: 2.633 Executing VM operation: HandshakeAllThreads (Deoptimize) done
Event: 3.630 Executing VM operation: HandshakeAllThreads (Deoptimize)
Event: 3.664 Executing VM operation: HandshakeAllThreads (Deoptimize) done
Event: 3.669 Executing VM operation: Cleanup
Event: 3.680 Executing VM operation: Cleanup done
Event: 3.695 Executing VM operation: G1CollectForAllocation (G1 Evacuation Pause)
Event: 3.722 Executing VM operation: G1CollectForAllocation (G1 Evacuation Pause) done
Event: 3.768 Executing VM operation: HandshakeAllThreads (Deoptimize)
Event: 3.771 Executing VM operation: HandshakeAllThreads (Deoptimize) done
Event: 4.051 Executing VM operation: HandshakeAllThreads (Deoptimize)
Event: 4.129 Executing VM operation: HandshakeAllThreads (Deoptimize) done

Memory protections (0 events):
No events

Nmethod flushes (0 events):
No events

Events (13 events):
Event: 0.125 Thread 0x00000205b04efb60 Thread added: 0x00000205b04efb60
Event: 0.148 Thread 0x00000205b04efb60 Thread added: 0x00000205cbe131e0
Event: 0.148 Thread 0x00000205b04efb60 Thread added: 0x00000205cbe15150
Event: 0.148 Thread 0x00000205b04efb60 Thread added: 0x00000205cbe16410
Event: 0.148 Thread 0x00000205b04efb60 Thread added: 0x00000205cbe19530
Event: 0.148 Thread 0x00000205b04efb60 Thread added: 0x00000205cbe1a130
Event: 0.148 Thread 0x00000205b04efb60 Thread added: 0x00000205cbe1ab80
Event: 0.148 Thread 0x00000205b04efb60 Thread added: 0x00000205cbe1b900
Event: 0.149 Thread 0x00000205b04efb60 Thread added: 0x00000205cbe20be0
Event: 0.565 Thread 0x00000205b04efb60 Thread added: 0x00000205cbeae950
Event: 2.563 Thread 0x00000205b04efb60 Thread added: 0x000002061146c930
Event: 2.563 Thread 0x00000205b04efb60 Thread added: 0x000002061146d2d0
Event: 4.149 Thread 0x00000205cbe19530 Thread added: 0x00000206116c5d50


Dynamic libraries:
0x00007ff618290000 - 0x00007ff61829e000 	C:\Users\LENOVO\.jdks\ms-21.0.8\bin\java.exe
0x00007ffc45970000 - 0x00007ffc45b87000 	C:\WINDOWS\SYSTEM32\ntdll.dll
0x00007ffc44a90000 - 0x00007ffc44b54000 	C:\WINDOWS\System32\KERNEL32.DLL
0x00007ffc42e50000 - 0x00007ffc43220000 	C:\WINDOWS\System32\KERNELBASE.dll
0x00007ffc42cd0000 - 0x00007ffc42de1000 	C:\WINDOWS\System32\ucrtbase.dll
0x00007ffc31190000 - 0x00007ffc311ae000 	C:\Users\LENOVO\.jdks\ms-21.0.8\bin\VCRUNTIME140.dll
0x00007ffc31170000 - 0x00007ffc31188000 	C:\Users\LENOVO\.jdks\ms-21.0.8\bin\jli.dll
0x00007ffc44f60000 - 0x00007ffc45111000 	C:\WINDOWS\System32\USER32.dll
0x00007ffc42df0000 - 0x00007ffc42e16000 	C:\WINDOWS\System32\win32u.dll
0x00007ffc32760000 - 0x00007ffc329fc000 	C:\WINDOWS\WinSxS\amd64_microsoft.windows.common-controls_6595b64144ccf1df_6.0.22621.5840_none_2710ea077384a4fe\COMCTL32.dll
0x00007ffc45200000 - 0x00007ffc45229000 	C:\WINDOWS\System32\GDI32.dll
0x00007ffc43a60000 - 0x00007ffc43b07000 	C:\WINDOWS\System32\msvcrt.dll
0x00007ffc43450000 - 0x00007ffc43573000 	C:\WINDOWS\System32\gdi32full.dll
0x00007ffc42a70000 - 0x00007ffc42b0a000 	C:\WINDOWS\System32\msvcp_win.dll
0x00007ffc44b60000 - 0x00007ffc44b91000 	C:\WINDOWS\System32\IMM32.DLL
0x00007ffc39c50000 - 0x00007ffc39c5c000 	C:\Users\LENOVO\.jdks\ms-21.0.8\bin\vcruntime140_1.dll
0x00007ffc289e0000 - 0x00007ffc28a69000 	C:\Users\LENOVO\.jdks\ms-21.0.8\bin\msvcp140.dll
0x00007ffbf70c0000 - 0x00007ffbf7e6c000 	C:\Users\LENOVO\.jdks\ms-21.0.8\bin\server\jvm.dll
0x00007ffc45230000 - 0x00007ffc452e1000 	C:\WINDOWS\System32\ADVAPI32.dll
0x00007ffc43d70000 - 0x00007ffc43e18000 	C:\WINDOWS\System32\sechost.dll
0x00007ffc42e20000 - 0x00007ffc42e48000 	C:\WINDOWS\System32\bcrypt.dll
0x00007ffc44970000 - 0x00007ffc44a88000 	C:\WINDOWS\System32\RPCRT4.dll
0x00007ffc43cf0000 - 0x00007ffc43d61000 	C:\WINDOWS\System32\WS2_32.dll
0x00007ffc42940000 - 0x00007ffc4298d000 	C:\WINDOWS\SYSTEM32\POWRPROF.dll
0x00007ffc40440000 - 0x00007ffc40474000 	C:\WINDOWS\SYSTEM32\WINMM.dll
0x00007ffc398c0000 - 0x00007ffc398ca000 	C:\WINDOWS\SYSTEM32\VERSION.dll
0x00007ffc42920000 - 0x00007ffc42933000 	C:\WINDOWS\SYSTEM32\UMPDC.dll
0x00007ffc41a40000 - 0x00007ffc41a58000 	C:\WINDOWS\SYSTEM32\kernel.appcore.dll
0x00007ffc335c0000 - 0x00007ffc335ca000 	C:\Users\LENOVO\.jdks\ms-21.0.8\bin\jimage.dll
0x00007ffc401a0000 - 0x00007ffc403d3000 	C:\WINDOWS\SYSTEM32\DBGHELP.DLL
0x00007ffc44ba0000 - 0x00007ffc44f31000 	C:\WINDOWS\System32\combase.dll
0x00007ffc43710000 - 0x00007ffc437e8000 	C:\WINDOWS\System32\OLEAUT32.dll
0x00007ffc40400000 - 0x00007ffc40432000 	C:\WINDOWS\SYSTEM32\dbgcore.DLL
0x00007ffc43580000 - 0x00007ffc435fb000 	C:\WINDOWS\System32\bcryptPrimitives.dll
0x00007ffc33450000 - 0x00007ffc33460000 	C:\Users\LENOVO\.jdks\ms-21.0.8\bin\instrument.dll
0x00007ffc2b960000 - 0x00007ffc2b981000 	C:\Users\LENOVO\.jdks\ms-21.0.8\bin\java.dll
0x00007ffc43e90000 - 0x00007ffc44731000 	C:\WINDOWS\System32\SHELL32.dll
0x00007ffc42b10000 - 0x00007ffc42c4f000 	C:\WINDOWS\System32\wintypes.dll
0x00007ffc40940000 - 0x00007ffc4125a000 	C:\WINDOWS\SYSTEM32\windows.storage.dll
0x00007ffc43600000 - 0x00007ffc4370a000 	C:\WINDOWS\System32\SHCORE.dll
0x00007ffc43e20000 - 0x00007ffc43e89000 	C:\WINDOWS\System32\shlwapi.dll
0x00007ffc429a0000 - 0x00007ffc429c5000 	C:\WINDOWS\SYSTEM32\profapi.dll
0x00007ffc09d50000 - 0x00007ffc09e26000 	C:\Users\LENOVO\.jdks\ms-21.0.8\bin\jsvml.dll
0x00007ffc30df0000 - 0x00007ffc30e08000 	C:\Users\LENOVO\.jdks\ms-21.0.8\bin\zip.dll
0x00007ffc2fb70000 - 0x00007ffc2fb81000 	C:\Users\LENOVO\.jdks\ms-21.0.8\bin\net.dll
0x00007ffc3c4a0000 - 0x00007ffc3c5cc000 	C:\WINDOWS\SYSTEM32\WINHTTP.dll
0x00007ffc41f20000 - 0x00007ffc41f89000 	C:\WINDOWS\system32\mswsock.dll
0x00007ffc2f5a0000 - 0x00007ffc2f5b6000 	C:\Users\LENOVO\.jdks\ms-21.0.8\bin\nio.dll
0x00007ffc41580000 - 0x00007ffc41678000 	C:\WINDOWS\SYSTEM32\DNSAPI.dll
0x00007ffc41500000 - 0x00007ffc4152d000 	C:\WINDOWS\SYSTEM32\IPHLPAPI.DLL
0x00007ffc45120000 - 0x00007ffc45129000 	C:\WINDOWS\System32\NSI.dll
0x00007ffc30780000 - 0x00007ffc3078a000 	C:\Windows\System32\rasadhlp.dll
0x00007ffc39dc0000 - 0x00007ffc39e44000 	C:\WINDOWS\System32\fwpuclnt.dll
0x00007ffc30790000 - 0x00007ffc3079a000 	C:\Users\LENOVO\.jdks\ms-21.0.8\bin\management.dll
0x00007ffc2eef0000 - 0x00007ffc2eefc000 	C:\Users\LENOVO\.jdks\ms-21.0.8\bin\management_ext.dll
0x00007ffc43a50000 - 0x00007ffc43a58000 	C:\WINDOWS\System32\PSAPI.DLL
0x00007ffc31090000 - 0x00007ffc31099000 	C:\Users\LENOVO\.jdks\ms-21.0.8\bin\extnet.dll
0x00007ffc42170000 - 0x00007ffc4218b000 	C:\WINDOWS\SYSTEM32\CRYPTSP.dll
0x00007ffc419a0000 - 0x00007ffc419d7000 	C:\WINDOWS\system32\rsaenh.dll
0x00007ffc42010000 - 0x00007ffc42038000 	C:\WINDOWS\SYSTEM32\USERENV.dll
0x00007ffc42190000 - 0x00007ffc4219c000 	C:\WINDOWS\SYSTEM32\CRYPTBASE.dll
0x00007ffc213d0000 - 0x00007ffc213e7000 	C:\WINDOWS\system32\napinsp.dll
0x00007ffc213b0000 - 0x00007ffc213cb000 	C:\WINDOWS\system32\pnrpnsp.dll
0x00007ffc21180000 - 0x00007ffc21191000 	C:\WINDOWS\System32\winrnr.dll
0x00007ffc21160000 - 0x00007ffc21175000 	C:\WINDOWS\system32\wshbth.dll
0x00007ffc21130000 - 0x00007ffc21151000 	C:\WINDOWS\system32\nlansp_c.dll

JVMTI agents:
C:\Program Files\JetBrains\IntelliJ IDEA Community Edition 2025.2.1\lib\idea_rt.jar path:C:\Users\LENOVO\.jdks\ms-21.0.8\bin\instrument.dll, loaded, initialized, instrumentlib options:60520

dbghelp: loaded successfully - version: 4.0.5 - missing functions: none
symbol engine: initialized successfully - sym options: 0x614 - pdb path: .;C:\Users\LENOVO\.jdks\ms-21.0.8\bin;C:\WINDOWS\SYSTEM32;C:\WINDOWS\WinSxS\amd64_microsoft.windows.common-controls_6595b64144ccf1df_6.0.22621.5840_none_2710ea077384a4fe;C:\Users\LENOVO\.jdks\ms-21.0.8\bin\server

VM Arguments:
jvm_args: -javaagent:C:\Program Files\JetBrains\IntelliJ IDEA Community Edition 2025.2.1\lib\idea_rt.jar=60520 -Dfile.encoding=UTF-8 -Dsun.stdout.encoding=UTF-8 -Dsun.stderr.encoding=UTF-8 
java_command: com.example.demo.Java1.Application
java_class_path (initial): C:\Users\LENOVO\Desktop\demo.Java1\target\classes;C:\Users\LENOVO\.m2\repository\org\springframework\boot\spring-boot-starter-web\3.4.9-SNAPSHOT\spring-boot-starter-web-3.4.9-20250821.055224-57.jar;C:\Users\LENOVO\.m2\repository\org\springframework\boot\spring-boot-starter\3.4.9-SNAPSHOT\spring-boot-starter-3.4.9-20250821.055224-57.jar;C:\Users\LENOVO\.m2\repository\org\springframework\boot\spring-boot\3.4.9-SNAPSHOT\spring-boot-3.4.9-20250821.055224-57.jar;C:\Users\LENOVO\.m2\repository\org\springframework\boot\spring-boot-autoconfigure\3.4.9-SNAPSHOT\spring-boot-autoconfigure-3.4.9-20250821.055224-57.jar;C:\Users\LENOVO\.m2\repository\org\springframework\boot\spring-boot-starter-logging\3.4.9-SNAPSHOT\spring-boot-starter-logging-3.4.9-20250821.055224-57.jar;C:\Users\LENOVO\.m2\repository\ch\qos\logback\logback-classic\1.5.18\logback-classic-1.5.18.jar;C:\Users\LENOVO\.m2\repository\ch\qos\logback\logback-core\1.5.18\logback-core-1.5.18.jar;C:\Users\LENOVO\.m2\repository\org\apache\logging\log4j\log4j-to-slf4j\2.24.3\log4j-to-slf4j-2.24.3.jar;C:\Users\LENOVO\.m2\repository\org\apache\logging\log4j\log4j-api\2.24.3\log4j-api-2.24.3.jar;C:\Users\LENOVO\.m2\repository\org\slf4j\jul-to-slf4j\2.0.17\jul-to-slf4j-2.0.17.jar;C:\Users\LENOVO\.m2\repository\jakarta\annotation\jakarta.annotation-api\2.1.1\jakarta.annotation-api-2.1.1.jar;C:\Users\LENOVO\.m2\repository\org\yaml\snakeyaml\2.3\snakeyaml-2.3.jar;C:\Users\LENOVO\.m2\repository\org\springframework\boot\spring-boot-starter-json\3.4.9-SNAPSHOT\spring-boot-starter-json-3.4.9-20250821.055224-57.jar;C:\Users\LENOVO\.m2\repository\com\fasterxml\jackson\datatype\jackson-datatype-jdk8\2.18.4\jackson-datatype-jdk8-2.18.4.jar;C:\Users\LENOVO\.m2\repository\com\fasterxml\jackson\datatype\jackson-datatype-jsr310\2.18.4\jackson-datatype-jsr310-2.18.4.jar;C:\Users\LENOVO\.m2\repository\com\fasterxml\jackson\module\jackson-module-parameter-names\2.18.4\jackson-module-parameter-names-2.18.4.jar;C:\Users\LENOVO\.m2\repository\org\springframework\boot\spring-boot-starter-tomcat\3.4.9-SNAPSHOT\spring-boot-starter-tomcat-3.4.9-20250821.055224-57.jar;C:\Users\LENOVO\.m2\repository\org\apache\tomcat\embed\tomcat-embed-core\10.1.44\tomcat-embed-core-10.1.44.jar;C:\Users\LENOVO\.m2\repository\org\apache\tomcat\embed\tomcat-embed-el\10.1.44\tomcat-embed-el-10.1.44.jar;C:\Users\LENOVO\.m2\repository\org\apache\tomcat\embed\tomcat-embed-websocket\10.1.44\tomcat-embed-websocket-10.1.44.jar;C:\Users\LENOVO\.m2\repository\org\springframework\spring-web\6.2.10\spring-web-6.2.10.jar;C:\Users\LENOVO\.m2\repository\org\springframework\spring-beans\6.2.10\spring-beans-6.2.10.jar;C:\Users\LENOVO\.m2\repository\io\micrometer\micrometer-observation\1.14.10\micrometer-observation-1.14.10.jar;C:\Users\LENOVO\.m2\repository\io\micrometer\micrometer-commons\1.14.10\micrometer-commons-1.14.10.jar;C:\Users\LENOVO\.m2\repository\org\springframework\spring-webmvc\6.2.10\spring-webmvc-6.2.10.jar;C:\Users\LENOVO\.m2\repository\org\springframework\spring-context\6.2.10\spring-context-6.2.10.jar;C:\Users\LENOVO\.m2\repository\org\springframework\spring-expression\6.2.10\spring-expression-6.2.10.jar;C:\Users\LENOVO\.m2\repository\org\springframework\boot\spring-boot-starter-jdbc\3.4.9-SNAPSHOT\spring-boot-starter-jdbc-3.4.9-20250821.055224-57.jar;C:\Users\LENOVO\.m2\repository\com\zaxxer\HikariCP\5.1.0\HikariCP-5.1.0.jar;C:\Users\LENOVO\.m2\repository\org\slf4j\slf4j-api\2.0.17\slf4j-api-2.0.17.jar;C:\Users\LENOVO\.m2\repository\org\springframework\spring-jdbc\6.2.10\spring-jdbc-6.2.10.jar;C:\Users\LENOVO\.m2\repository\org\springframework\spring-tx\6.2.10\spring-tx-6.2.10.jar;C:\Users\LENOVO\.m2\repository\com\mysql\mysql-connector-j\9.4.0\mysql-connector-j-9.4.0.jar;C:\Users\LENOVO\.m2\repository\org\springframework\spring-core\6.2.10\spring-core-6.2.10.jar;C:\Users\LENOVO\.m2\repository\org\springframework\spring-jcl\6.2.10\spring-jcl-6.2.10.jar;C:\Users\LENOVO\.m2\repository\io\jsonwebtoken\jjwt-api\0.11.5\jjwt-api-0.11.5.jar;C:\Users\LENOVO\.m2\repository\io\jsonwebtoken\jjwt-impl\0.11.5\jjwt-impl-0.11.5.jar;C:\Users\LENOVO\.m2\repository\io\jsonwebtoken\jjwt-jackson\0.11.5\jjwt-jackson-0.11.5.jar;C:\Users\LENOVO\.m2\repository\com\fasterxml\jackson\core\jackson-databind\2.18.4\jackson-databind-2.18.4.jar;C:\Users\LENOVO\.m2\repository\com\fasterxml\jackson\core\jackson-annotations\2.18.4\jackson-annotations-2.18.4.jar;C:\Users\LENOVO\.m2\repository\com\fasterxml\jackson\core\jackson-core\2.18.4.1\jackson-core-2.18.4.1.jar;C:\Users\LENOVO\.m2\repository\org\springframework\boot\spring-boot-starter-security\3.4.9-SNAPSHOT\spring-boot-starter-security-3.4.9-20250821.055224-57.jar;C:\Users\LENOVO\.m2\repository\org\springframework\spring-aop\6.2.10\spring-aop-6.2.10.jar;C:\Users\LENOVO\.m2\repository\org\springframework\security\spring-security-config\6.4.9\spring-security-config-6.4.9.jar;C:\Users\LENOVO\.m2\repository\org\springframework\security\spring-security-core\6.4.9\spring-security-core-6.4.9.jar;C:\Users\LENOVO\.m2\repository\org\springframework\security\spring-security-crypto\6.4.9\spring-security-crypto-6.4.9.jar;C:\Users\LENOVO\.m2\repository\org\springframework\security\spring-security-web\6.4.9\spring-security-web-6.4.9.jar
Launcher Type: SUN_STANDARD

[Global flags]
     intx CICompilerCount                          = 3                                         {product} {ergonomic}
     uint ConcGCThreads                            = 1                                         {product} {ergonomic}
     uint G1ConcRefinementThreads                  = 4                                         {product} {ergonomic}
   size_t G1HeapRegionSize                         = 1048576                                   {product} {ergonomic}
    uintx GCDrainStackTargetSize                   = 64                                        {product} {ergonomic}
   size_t InitialHeapSize                          = 100663296                                 {product} {ergonomic}
   size_t MarkStackSize                            = 4194304                                   {product} {ergonomic}
   size_t MaxHeapSize                              = 1579155456                                {product} {ergonomic}
   size_t MaxNewSize                               = 946864128                                 {product} {ergonomic}
   size_t MinHeapDeltaBytes                        = 1048576                                   {product} {ergonomic}
   size_t MinHeapSize                              = 8388608                                   {product} {ergonomic}
    uintx NonNMethodCodeHeapSize                   = 5832780                                {pd product} {ergonomic}
    uintx NonProfiledCodeHeapSize                  = 122912730                              {pd product} {ergonomic}
    uintx ProfiledCodeHeapSize                     = 122912730                              {pd product} {ergonomic}
    uintx ReservedCodeCacheSize                    = 251658240                              {pd product} {ergonomic}
     bool SegmentedCodeCache                       = true                                      {product} {ergonomic}
   size_t SoftMaxHeapSize                          = 1579155456                             {manageable} {ergonomic}
     bool UseCompressedOops                        = true                           {product lp64_product} {ergonomic}
     bool UseG1GC                                  = true                                      {product} {ergonomic}
     bool UseLargePagesIndividualAllocation        = false                                  {pd product} {ergonomic}

Logging:
Log output configuration:
 #0: stdout all=warning uptime,level,tags foldmultilines=false
 #1: stderr all=off uptime,level,tags foldmultilines=false

Environment Variables:
PATH=C:\xampp\php;C:\Users\LENOVO\Downloads\php-8.4.12-nts-Win32-vs17-x64\;C:\Program Files\Eclipse Adoptium\jdk-21.0.5.11-hotspot\bin;C:\WINDOWS\system32;C:\WINDOWS;C:\WINDOWS\System32\Wbem;C:\WINDOWS\System32\WindowsPowerShell\v1.0\;C:\WINDOWS\System32\OpenSSH\;C:\Program Files (x86)\Microsoft SQL Server\160\Tools\Binn\;C:\Program Files\Microsoft SQL Server\160\Tools\Binn\;C:\Program Files\Microsoft SQL Server\Client SDK\ODBC\170\Tools\Binn\;C:\Program Files\Microsoft SQL Server\160\DTS\Binn\;C:\Program Files (x86)\Microsoft SQL Server\160\DTS\Binn\;C:\Program Files\Git\cmd;C:\Users\LENOVO\AppData\Local\Programs\Python\Python313\Scripts\;C:\Users\LENOVO\AppData\Local\Programs\Python\Python313\;C:\Users\LENOVO\AppData\Local\Programs\Python\Python313\python.exe;C:\Users\LENOVO\AppData\Local\Programs\Python\Python313\python.exe -m pydoc -b;C:\Users\LENOVO\AppData\Local\Programs\Python\Launcher\;C:\Users\LENOVO\AppData\Local\Programs\Python\Launcher\Scripts;C:\Users\LENOVO\AppData\Local\Microsoft\WindowsApps;C:\Users\LENOVO\AppData\Local\spicetify;C:\Users\LENOVO\AppData\Local\Programs\Microsoft VS Code\bin;
USERNAME=LENOVO
OS=Windows_NT
PROCESSOR_IDENTIFIER=AMD64 Family 23 Model 24 Stepping 1, AuthenticAMD
TMP=C:\Users\LENOVO\AppData\Local\Temp
TEMP=C:\Users\LENOVO\AppData\Local\Temp




Periodic native trim disabled

---------------  S Y S T E M  ---------------

OS:
 Windows 11 , 64 bit Build 22621 (10.0.22621.5415)
OS uptime: 7 days 1:30 hours

CPU: total 4 (initial active 4) (4 cores per cpu, 2 threads per core) family 23 model 24 stepping 1 microcode 0x0, cx8, cmov, fxsr, ht, mmx, 3dnowpref, sse, sse2, sse3, ssse3, sse4a, sse4.1, sse4.2, popcnt, lzcnt, tsc, tscinvbit, avx, avx2, aes, clmul, bmi1, bmi2, adx, sha, fma, vzeroupper, clflush, clflushopt, rdtscp, f16c
Processor Information for the first 4 processors :
  Max Mhz: 2400, Current Mhz: 2400, Mhz Limit: 2400

Memory: 4k page, system-wide physical 6020M (17M free)
TotalPageFile size 18308M (AvailPageFile size 2M)
current process WorkingSet (physical memory assigned to process): 65M, peak: 69M
current process commit charge ("private bytes"): 182M, peak: 183M

vm_info: OpenJDK 64-Bit Server VM (21.0.8+9-LTS) for windows-amd64 JRE (21.0.8+9-LTS), built on 2025-07-10T20:22:44Z by "MicrosoftCorporation" with unknown MS VC++:1944

END.
