#
# There is insufficient memory for the Java Runtime Environment to continue.
# Native memory allocation (malloc) failed to allocate 497040 bytes. Error detail: Chunk::new
# Possible reasons:
#   The system is out of physical RAM or swap space
#   This process is running with CompressedOops enabled, and the Java Heap may be blocking the growth of the native heap
# Possible solutions:
#   Reduce memory load on the system
#   Increase physical memory or swap space
#   Check if swap backing store is full
#   Decrease Java heap size (-Xmx/-Xms)
#   Decrease number of Java threads
#   Decrease Java thread stack sizes (-Xss)
#   Set larger code cache with -XX:ReservedCodeCacheSize=
#   JVM is running with Unscaled Compressed Oops mode in which the Java heap is
#     placed in the first 4GB address space. The Java Heap base address is the
#     maximum limit for the native heap growth. Please use -XX:HeapBaseMinAddress
#     to set the Java Heap base and to place the Java Heap above 4GB virtual address.
# This output file may be truncated or incomplete.
#
#  Out of Memory Error (arena.cpp:168), pid=15464, tid=39168
#
# JRE version: OpenJDK Runtime Environment Microsoft-11933218 (21.0.8+9) (build 21.0.8+9-LTS)
# Java VM: OpenJDK 64-Bit Server VM Microsoft-11933218 (21.0.8+9-LTS, mixed mode, sharing, tiered, compressed oops, compressed class ptrs, g1 gc, windows-amd64)
# No core dump will be written. Minidumps are not enabled by default on client versions of Windows
#

---------------  S U M M A R Y ------------

Command Line: -javaagent:C:\Program Files\JetBrains\IntelliJ IDEA Community Edition 2025.2.1\lib\idea_rt.jar=59779 -Dfile.encoding=UTF-8 -Dsun.stdout.encoding=UTF-8 -Dsun.stderr.encoding=UTF-8 com.example.demo.Java1.Application

Host: AMD Athlon Gold 3150U with Radeon Graphics     , 4 cores, 5G,  Windows 11 , 64 bit Build 22621 (10.0.22621.5415)
Time: Fri Oct 24 15:20:49 2025 Hora est. Pacífico, Sudamérica elapsed time: 2.769378 seconds (0d 0h 0m 2s)

---------------  T H R E A D  ---------------

Current thread (0x0000023e6c6d46b0):  JavaThread "C2 CompilerThread0" daemon [_thread_in_native, id=39168, stack(0x00000057a5c00000,0x00000057a5d00000) (1024K)]


Current CompileTask:
C2:2769 2226       4       jdk.internal.loader.URLClassPath::getResource (74 bytes)

Stack: [0x00000057a5c00000,0x00000057a5d00000]
Native frames: (J=compiled Java code, j=interpreted, Vv=VM code, C=native code)
V  [jvm.dll+0x6e1729]
V  [jvm.dll+0x8bf47b]
V  [jvm.dll+0x8c19aa]
V  [jvm.dll+0x8c2083]
V  [jvm.dll+0x289fd6]
V  [jvm.dll+0xc903d]
V  [jvm.dll+0xc958c]
V  [jvm.dll+0x3c771c]
V  [jvm.dll+0x1ea3a6]
V  [jvm.dll+0x251db3]
V  [jvm.dll+0x251283]
V  [jvm.dll+0x1d18bf]
V  [jvm.dll+0x260f4a]
V  [jvm.dll+0x25f2b5]
V  [jvm.dll+0x40151d]
V  [jvm.dll+0x86975d]
V  [jvm.dll+0x6dff2d]
C  [ucrtbase.dll+0x29333]
C  [KERNEL32.DLL+0x1259d]
C  [ntdll.dll+0x5af78]


---------------  P R O C E S S  ---------------

Threads class SMR info:
_java_thread_list=0x0000023e718eab30, length=17, elements={
0x0000023e50da4c70, 0x0000023e6c6c2450, 0x0000023e6c6c43c0, 0x0000023e6c6c6b80,
0x0000023e6c6c77d0, 0x0000023e6c6ca590, 0x0000023e6c6cb110, 0x0000023e6c6d46b0,
0x0000023e6c6d7040, 0x0000023e6c7b6ae0, 0x0000023e6cac2d90, 0x0000023e6cac33f0,
0x0000023e7199f530, 0x0000023e718e3eb0, 0x0000023e71976160, 0x0000023e71977dd0,
0x0000023e71c3c030
}
_to_delete_list=0x0000023e718eaad0, length=16, elements={
0x0000023e50da4c70, 0x0000023e6c6c2450, 0x0000023e6c6c43c0, 0x0000023e6c6c6b80,
0x0000023e6c6c77d0, 0x0000023e6c6ca590, 0x0000023e6c6cb110, 0x0000023e6c6d46b0,
0x0000023e6c6d7040, 0x0000023e6c7b6ae0, 0x0000023e6cac2d90, 0x0000023e6cac33f0,
0x0000023e7199f530, 0x0000023e718e3eb0, 0x0000023e71976160, 0x0000023e71977dd0
}

Java Threads: ( => current thread )
  0x0000023e50da4c70 JavaThread "main"                              [_thread_in_native, id=8320, stack(0x00000057a4e00000,0x00000057a4f00000) (1024K)]
  0x0000023e6c6c2450 JavaThread "Reference Handler"          daemon [_thread_blocked, id=23220, stack(0x00000057a5600000,0x00000057a5700000) (1024K)]
  0x0000023e6c6c43c0 JavaThread "Finalizer"                  daemon [_thread_blocked, id=22408, stack(0x00000057a5700000,0x00000057a5800000) (1024K)]
  0x0000023e6c6c6b80 JavaThread "Signal Dispatcher"          daemon [_thread_blocked, id=32696, stack(0x00000057a5800000,0x00000057a5900000) (1024K)]
  0x0000023e6c6c77d0 JavaThread "Attach Listener"            daemon [_thread_blocked, id=1908, stack(0x00000057a5900000,0x00000057a5a00000) (1024K)]
  0x0000023e6c6ca590 JavaThread "Service Thread"             daemon [_thread_blocked, id=12656, stack(0x00000057a5a00000,0x00000057a5b00000) (1024K)]
  0x0000023e6c6cb110 JavaThread "Monitor Deflation Thread"   daemon [_thread_blocked, id=6524, stack(0x00000057a5b00000,0x00000057a5c00000) (1024K)]
=>0x0000023e6c6d46b0 JavaThread "C2 CompilerThread0"         daemon [_thread_in_native, id=39168, stack(0x00000057a5c00000,0x00000057a5d00000) (1024K)]
  0x0000023e6c6d7040 JavaThread "C1 CompilerThread0"         daemon [_thread_blocked, id=15140, stack(0x00000057a5d00000,0x00000057a5e00000) (1024K)]
  0x0000023e6c7b6ae0 JavaThread "Common-Cleaner"             daemon [_thread_blocked, id=27860, stack(0x00000057a5e00000,0x00000057a5f00000) (1024K)]
  0x0000023e6cac2d90 JavaThread "Monitor Ctrl-Break"         daemon [_thread_in_native, id=34416, stack(0x00000057a6000000,0x00000057a6100000) (1024K)]
  0x0000023e6cac33f0 JavaThread "Notification Thread"        daemon [_thread_blocked, id=13532, stack(0x00000057a6100000,0x00000057a6200000) (1024K)]
  0x0000023e7199f530 JavaThread "RMI TCP Accept-0"           daemon [_thread_in_native, id=24976, stack(0x00000057a6500000,0x00000057a6600000) (1024K)]
  0x0000023e718e3eb0 JavaThread "RMI TCP Connection(1)-192.168.40.53" daemon [_thread_in_native, id=18208, stack(0x00000057a6600000,0x00000057a6700000) (1024K)]
  0x0000023e71976160 JavaThread "RMI Scheduler(0)"           daemon [_thread_blocked, id=11836, stack(0x00000057a6700000,0x00000057a6800000) (1024K)]
  0x0000023e71977dd0 JavaThread "JMX server connection timeout 28" daemon [_thread_blocked, id=16316, stack(0x00000057a6800000,0x00000057a6900000) (1024K)]
  0x0000023e71c3c030 JavaThread "background-preinit"                [_thread_in_vm, id=36072, stack(0x00000057a6900000,0x00000057a6a00000) (1024K)]
Total: 17

Other Threads:
  0x0000023e6c6aac10 VMThread "VM Thread"                           [id=27296, stack(0x00000057a5500000,0x00000057a5600000) (1024K)]
  0x0000023e6c695dc0 WatcherThread "VM Periodic Task Thread"        [id=33484, stack(0x00000057a5400000,0x00000057a5500000) (1024K)]
  0x0000023e50dec6a0 WorkerThread "GC Thread#0"                     [id=14596, stack(0x00000057a4f00000,0x00000057a5000000) (1024K)]
  0x0000023e716ca6a0 WorkerThread "GC Thread#1"                     [id=11396, stack(0x00000057a6200000,0x00000057a6300000) (1024K)]
  0x0000023e71060070 WorkerThread "GC Thread#2"                     [id=8896, stack(0x00000057a6300000,0x00000057a6400000) (1024K)]
  0x0000023e71103300 WorkerThread "GC Thread#3"                     [id=19856, stack(0x00000057a6400000,0x00000057a6500000) (1024K)]
  0x0000023e50df92c0 ConcurrentGCThread "G1 Main Marker"            [id=8664, stack(0x00000057a5000000,0x00000057a5100000) (1024K)]
  0x0000023e50df9dc0 WorkerThread "G1 Conc#0"                       [id=19548, stack(0x00000057a5100000,0x00000057a5200000) (1024K)]
  0x0000023e50e57200 ConcurrentGCThread "G1 Refine#0"               [id=40696, stack(0x00000057a5200000,0x00000057a5300000) (1024K)]
  0x0000023e6c5710a0 ConcurrentGCThread "G1 Service"                [id=12344, stack(0x00000057a5300000,0x00000057a5400000) (1024K)]
Total: 10

Threads with active compile tasks:
C2 CompilerThread0  2793 2226       4       jdk.internal.loader.URLClassPath::getResource (74 bytes)
Total: 1

VM state: not at safepoint (normal execution)

VM Mutex/Monitor currently owned by a thread: None

Heap address: 0x00000000a1e00000, size: 1506 MB, Compressed Oops mode: 32-bit

CDS archive(s) mapped at: [0x0000023e00000000-0x0000023e00c80000-0x0000023e00c80000), size 13107200, SharedBaseAddress: 0x0000023e00000000, ArchiveRelocationMode: 1.
Compressed class space mapped at: 0x0000023e01000000-0x0000023e41000000, reserved size: 1073741824
Narrow klass base: 0x0000023e00000000, Narrow klass shift: 0, Narrow klass range: 0x100000000

GC Precious Log:
 CardTable entry size: 512
 Card Set container configuration: InlinePtr #cards 5 size 8 Array Of Cards #cards 12 size 40 Howl #buckets 4 coarsen threshold 1843 Howl Bitmap #cards 512 size 80 coarsen threshold 460 Card regions per heap region 1 cards per card region 2048
 CPUs: 4 total, 4 available
 Memory: 6020M
 Large Page Support: Disabled
 NUMA Support: Disabled
 Compressed Oops: Enabled (32-bit)
 Heap Region Size: 1M
 Heap Min Capacity: 8M
 Heap Initial Capacity: 96M
 Heap Max Capacity: 1506M
 Pre-touch: Disabled
 Parallel Workers: 4
 Concurrent Workers: 1
 Concurrent Refinement Workers: 4
 Periodic GC: Disabled

Heap:
 garbage-first heap   total 98304K, used 30044K [0x00000000a1e00000, 0x0000000100000000)
  region size 1024K, 27 young (27648K), 2 survivors (2048K)
 Metaspace       used 16777K, committed 17152K, reserved 1114112K
  class space    used 2010K, committed 2176K, reserved 1048576K

Heap Regions: E=young(eden), S=young(survivor), O=old, HS=humongous(starts), HC=humongous(continues), CS=collection set, F=free, TAMS=top-at-mark-start, PB=parsable bottom
|   0|0x00000000a1e00000, 0x00000000a1f00000, 0x00000000a1f00000|100%| O|  |TAMS 0x00000000a1e00000| PB 0x00000000a1e00000| Untracked 
|   1|0x00000000a1f00000, 0x00000000a2000000, 0x00000000a2000000|100%| O|  |TAMS 0x00000000a1f00000| PB 0x00000000a1f00000| Untracked 
|   2|0x00000000a2000000, 0x00000000a2100000, 0x00000000a2100000|100%| O|  |TAMS 0x00000000a2000000| PB 0x00000000a2000000| Untracked 
|   3|0x00000000a2100000, 0x00000000a2200000, 0x00000000a2200000|100%| O|  |TAMS 0x00000000a2100000| PB 0x00000000a2100000| Untracked 
|   4|0x00000000a2200000, 0x00000000a22a1560, 0x00000000a2300000| 63%| O|  |TAMS 0x00000000a2200000| PB 0x00000000a2200000| Untracked 
|   5|0x00000000a2300000, 0x00000000a2300000, 0x00000000a2400000|  0%| F|  |TAMS 0x00000000a2300000| PB 0x00000000a2300000| Untracked 
|   6|0x00000000a2400000, 0x00000000a2400000, 0x00000000a2500000|  0%| F|  |TAMS 0x00000000a2400000| PB 0x00000000a2400000| Untracked 
|   7|0x00000000a2500000, 0x00000000a2500000, 0x00000000a2600000|  0%| F|  |TAMS 0x00000000a2500000| PB 0x00000000a2500000| Untracked 
|   8|0x00000000a2600000, 0x00000000a2600000, 0x00000000a2700000|  0%| F|  |TAMS 0x00000000a2600000| PB 0x00000000a2600000| Untracked 
|   9|0x00000000a2700000, 0x00000000a2700000, 0x00000000a2800000|  0%| F|  |TAMS 0x00000000a2700000| PB 0x00000000a2700000| Untracked 
|  10|0x00000000a2800000, 0x00000000a2800000, 0x00000000a2900000|  0%| F|  |TAMS 0x00000000a2800000| PB 0x00000000a2800000| Untracked 
|  11|0x00000000a2900000, 0x00000000a2900000, 0x00000000a2a00000|  0%| F|  |TAMS 0x00000000a2900000| PB 0x00000000a2900000| Untracked 
|  12|0x00000000a2a00000, 0x00000000a2a00000, 0x00000000a2b00000|  0%| F|  |TAMS 0x00000000a2a00000| PB 0x00000000a2a00000| Untracked 
|  13|0x00000000a2b00000, 0x00000000a2b00000, 0x00000000a2c00000|  0%| F|  |TAMS 0x00000000a2b00000| PB 0x00000000a2b00000| Untracked 
|  14|0x00000000a2c00000, 0x00000000a2c00000, 0x00000000a2d00000|  0%| F|  |TAMS 0x00000000a2c00000| PB 0x00000000a2c00000| Untracked 
|  15|0x00000000a2d00000, 0x00000000a2d00000, 0x00000000a2e00000|  0%| F|  |TAMS 0x00000000a2d00000| PB 0x00000000a2d00000| Untracked 
|  16|0x00000000a2e00000, 0x00000000a2e00000, 0x00000000a2f00000|  0%| F|  |TAMS 0x00000000a2e00000| PB 0x00000000a2e00000| Untracked 
|  17|0x00000000a2f00000, 0x00000000a2f00000, 0x00000000a3000000|  0%| F|  |TAMS 0x00000000a2f00000| PB 0x00000000a2f00000| Untracked 
|  18|0x00000000a3000000, 0x00000000a3000000, 0x00000000a3100000|  0%| F|  |TAMS 0x00000000a3000000| PB 0x00000000a3000000| Untracked 
|  19|0x00000000a3100000, 0x00000000a3100000, 0x00000000a3200000|  0%| F|  |TAMS 0x00000000a3100000| PB 0x00000000a3100000| Untracked 
|  20|0x00000000a3200000, 0x00000000a3200000, 0x00000000a3300000|  0%| F|  |TAMS 0x00000000a3200000| PB 0x00000000a3200000| Untracked 
|  21|0x00000000a3300000, 0x00000000a3300000, 0x00000000a3400000|  0%| F|  |TAMS 0x00000000a3300000| PB 0x00000000a3300000| Untracked 
|  22|0x00000000a3400000, 0x00000000a3400000, 0x00000000a3500000|  0%| F|  |TAMS 0x00000000a3400000| PB 0x00000000a3400000| Untracked 
|  23|0x00000000a3500000, 0x00000000a3500000, 0x00000000a3600000|  0%| F|  |TAMS 0x00000000a3500000| PB 0x00000000a3500000| Untracked 
|  24|0x00000000a3600000, 0x00000000a3600000, 0x00000000a3700000|  0%| F|  |TAMS 0x00000000a3600000| PB 0x00000000a3600000| Untracked 
|  25|0x00000000a3700000, 0x00000000a3700000, 0x00000000a3800000|  0%| F|  |TAMS 0x00000000a3700000| PB 0x00000000a3700000| Untracked 
|  26|0x00000000a3800000, 0x00000000a3800000, 0x00000000a3900000|  0%| F|  |TAMS 0x00000000a3800000| PB 0x00000000a3800000| Untracked 
|  27|0x00000000a3900000, 0x00000000a3900000, 0x00000000a3a00000|  0%| F|  |TAMS 0x00000000a3900000| PB 0x00000000a3900000| Untracked 
|  28|0x00000000a3a00000, 0x00000000a3a00000, 0x00000000a3b00000|  0%| F|  |TAMS 0x00000000a3a00000| PB 0x00000000a3a00000| Untracked 
|  29|0x00000000a3b00000, 0x00000000a3b00000, 0x00000000a3c00000|  0%| F|  |TAMS 0x00000000a3b00000| PB 0x00000000a3b00000| Untracked 
|  30|0x00000000a3c00000, 0x00000000a3c00000, 0x00000000a3d00000|  0%| F|  |TAMS 0x00000000a3c00000| PB 0x00000000a3c00000| Untracked 
|  31|0x00000000a3d00000, 0x00000000a3d00000, 0x00000000a3e00000|  0%| F|  |TAMS 0x00000000a3d00000| PB 0x00000000a3d00000| Untracked 
|  32|0x00000000a3e00000, 0x00000000a3e00000, 0x00000000a3f00000|  0%| F|  |TAMS 0x00000000a3e00000| PB 0x00000000a3e00000| Untracked 
|  33|0x00000000a3f00000, 0x00000000a3f00000, 0x00000000a4000000|  0%| F|  |TAMS 0x00000000a3f00000| PB 0x00000000a3f00000| Untracked 
|  34|0x00000000a4000000, 0x00000000a4000000, 0x00000000a4100000|  0%| F|  |TAMS 0x00000000a4000000| PB 0x00000000a4000000| Untracked 
|  35|0x00000000a4100000, 0x00000000a4100000, 0x00000000a4200000|  0%| F|  |TAMS 0x00000000a4100000| PB 0x00000000a4100000| Untracked 
|  36|0x00000000a4200000, 0x00000000a4200000, 0x00000000a4300000|  0%| F|  |TAMS 0x00000000a4200000| PB 0x00000000a4200000| Untracked 
|  37|0x00000000a4300000, 0x00000000a4300000, 0x00000000a4400000|  0%| F|  |TAMS 0x00000000a4300000| PB 0x00000000a4300000| Untracked 
|  38|0x00000000a4400000, 0x00000000a4400000, 0x00000000a4500000|  0%| F|  |TAMS 0x00000000a4400000| PB 0x00000000a4400000| Untracked 
|  39|0x00000000a4500000, 0x00000000a4500000, 0x00000000a4600000|  0%| F|  |TAMS 0x00000000a4500000| PB 0x00000000a4500000| Untracked 
|  40|0x00000000a4600000, 0x00000000a4600000, 0x00000000a4700000|  0%| F|  |TAMS 0x00000000a4600000| PB 0x00000000a4600000| Untracked 
|  41|0x00000000a4700000, 0x00000000a4700000, 0x00000000a4800000|  0%| F|  |TAMS 0x00000000a4700000| PB 0x00000000a4700000| Untracked 
|  42|0x00000000a4800000, 0x00000000a4800000, 0x00000000a4900000|  0%| F|  |TAMS 0x00000000a4800000| PB 0x00000000a4800000| Untracked 
|  43|0x00000000a4900000, 0x00000000a4900000, 0x00000000a4a00000|  0%| F|  |TAMS 0x00000000a4900000| PB 0x00000000a4900000| Untracked 
|  44|0x00000000a4a00000, 0x00000000a4a00000, 0x00000000a4b00000|  0%| F|  |TAMS 0x00000000a4a00000| PB 0x00000000a4a00000| Untracked 
|  45|0x00000000a4b00000, 0x00000000a4b00000, 0x00000000a4c00000|  0%| F|  |TAMS 0x00000000a4b00000| PB 0x00000000a4b00000| Untracked 
|  46|0x00000000a4c00000, 0x00000000a4c00000, 0x00000000a4d00000|  0%| F|  |TAMS 0x00000000a4c00000| PB 0x00000000a4c00000| Untracked 
|  47|0x00000000a4d00000, 0x00000000a4d00000, 0x00000000a4e00000|  0%| F|  |TAMS 0x00000000a4d00000| PB 0x00000000a4d00000| Untracked 
|  48|0x00000000a4e00000, 0x00000000a4e00000, 0x00000000a4f00000|  0%| F|  |TAMS 0x00000000a4e00000| PB 0x00000000a4e00000| Untracked 
|  49|0x00000000a4f00000, 0x00000000a4f00000, 0x00000000a5000000|  0%| F|  |TAMS 0x00000000a4f00000| PB 0x00000000a4f00000| Untracked 
|  50|0x00000000a5000000, 0x00000000a5000000, 0x00000000a5100000|  0%| F|  |TAMS 0x00000000a5000000| PB 0x00000000a5000000| Untracked 
|  51|0x00000000a5100000, 0x00000000a5100000, 0x00000000a5200000|  0%| F|  |TAMS 0x00000000a5100000| PB 0x00000000a5100000| Untracked 
|  52|0x00000000a5200000, 0x00000000a5200000, 0x00000000a5300000|  0%| F|  |TAMS 0x00000000a5200000| PB 0x00000000a5200000| Untracked 
|  53|0x00000000a5300000, 0x00000000a5300000, 0x00000000a5400000|  0%| F|  |TAMS 0x00000000a5300000| PB 0x00000000a5300000| Untracked 
|  54|0x00000000a5400000, 0x00000000a5400000, 0x00000000a5500000|  0%| F|  |TAMS 0x00000000a5400000| PB 0x00000000a5400000| Untracked 
|  55|0x00000000a5500000, 0x00000000a5500000, 0x00000000a5600000|  0%| F|  |TAMS 0x00000000a5500000| PB 0x00000000a5500000| Untracked 
|  56|0x00000000a5600000, 0x00000000a5600000, 0x00000000a5700000|  0%| F|  |TAMS 0x00000000a5600000| PB 0x00000000a5600000| Untracked 
|  57|0x00000000a5700000, 0x00000000a5700000, 0x00000000a5800000|  0%| F|  |TAMS 0x00000000a5700000| PB 0x00000000a5700000| Untracked 
|  58|0x00000000a5800000, 0x00000000a5800000, 0x00000000a5900000|  0%| F|  |TAMS 0x00000000a5800000| PB 0x00000000a5800000| Untracked 
|  59|0x00000000a5900000, 0x00000000a5900000, 0x00000000a5a00000|  0%| F|  |TAMS 0x00000000a5900000| PB 0x00000000a5900000| Untracked 
|  60|0x00000000a5a00000, 0x00000000a5a00000, 0x00000000a5b00000|  0%| F|  |TAMS 0x00000000a5a00000| PB 0x00000000a5a00000| Untracked 
|  61|0x00000000a5b00000, 0x00000000a5b00000, 0x00000000a5c00000|  0%| F|  |TAMS 0x00000000a5b00000| PB 0x00000000a5b00000| Untracked 
|  62|0x00000000a5c00000, 0x00000000a5c00000, 0x00000000a5d00000|  0%| F|  |TAMS 0x00000000a5c00000| PB 0x00000000a5c00000| Untracked 
|  63|0x00000000a5d00000, 0x00000000a5d00000, 0x00000000a5e00000|  0%| F|  |TAMS 0x00000000a5d00000| PB 0x00000000a5d00000| Untracked 
|  64|0x00000000a5e00000, 0x00000000a5e00000, 0x00000000a5f00000|  0%| F|  |TAMS 0x00000000a5e00000| PB 0x00000000a5e00000| Untracked 
|  65|0x00000000a5f00000, 0x00000000a5f00000, 0x00000000a6000000|  0%| F|  |TAMS 0x00000000a5f00000| PB 0x00000000a5f00000| Untracked 
|  66|0x00000000a6000000, 0x00000000a6000000, 0x00000000a6100000|  0%| F|  |TAMS 0x00000000a6000000| PB 0x00000000a6000000| Untracked 
|  67|0x00000000a6100000, 0x00000000a6100000, 0x00000000a6200000|  0%| F|  |TAMS 0x00000000a6100000| PB 0x00000000a6100000| Untracked 
|  68|0x00000000a6200000, 0x00000000a6200000, 0x00000000a6300000|  0%| F|  |TAMS 0x00000000a6200000| PB 0x00000000a6200000| Untracked 
|  69|0x00000000a6300000, 0x00000000a63d6710, 0x00000000a6400000| 83%| E|  |TAMS 0x00000000a6300000| PB 0x00000000a6300000| Complete 
|  70|0x00000000a6400000, 0x00000000a6500000, 0x00000000a6500000|100%| E|CS|TAMS 0x00000000a6400000| PB 0x00000000a6400000| Complete 
|  71|0x00000000a6500000, 0x00000000a6600000, 0x00000000a6600000|100%| E|CS|TAMS 0x00000000a6500000| PB 0x00000000a6500000| Complete 
|  72|0x00000000a6600000, 0x00000000a6700000, 0x00000000a6700000|100%| E|CS|TAMS 0x00000000a6600000| PB 0x00000000a6600000| Complete 
|  73|0x00000000a6700000, 0x00000000a6800000, 0x00000000a6800000|100%| E|CS|TAMS 0x00000000a6700000| PB 0x00000000a6700000| Complete 
|  74|0x00000000a6800000, 0x00000000a6900000, 0x00000000a6900000|100%| E|CS|TAMS 0x00000000a6800000| PB 0x00000000a6800000| Complete 
|  75|0x00000000a6900000, 0x00000000a6a00000, 0x00000000a6a00000|100%| E|CS|TAMS 0x00000000a6900000| PB 0x00000000a6900000| Complete 
|  76|0x00000000a6a00000, 0x00000000a6b00000, 0x00000000a6b00000|100%| E|CS|TAMS 0x00000000a6a00000| PB 0x00000000a6a00000| Complete 
|  77|0x00000000a6b00000, 0x00000000a6c00000, 0x00000000a6c00000|100%| E|CS|TAMS 0x00000000a6b00000| PB 0x00000000a6b00000| Complete 
|  78|0x00000000a6c00000, 0x00000000a6cb5ae0, 0x00000000a6d00000| 70%| S|CS|TAMS 0x00000000a6c00000| PB 0x00000000a6c00000| Complete 
|  79|0x00000000a6d00000, 0x00000000a6e00000, 0x00000000a6e00000|100%| S|CS|TAMS 0x00000000a6d00000| PB 0x00000000a6d00000| Complete 
|  80|0x00000000a6e00000, 0x00000000a6f00000, 0x00000000a6f00000|100%| E|CS|TAMS 0x00000000a6e00000| PB 0x00000000a6e00000| Complete 
|  81|0x00000000a6f00000, 0x00000000a7000000, 0x00000000a7000000|100%| E|  |TAMS 0x00000000a6f00000| PB 0x00000000a6f00000| Complete 
|  82|0x00000000a7000000, 0x00000000a7100000, 0x00000000a7100000|100%| E|CS|TAMS 0x00000000a7000000| PB 0x00000000a7000000| Complete 
|  83|0x00000000a7100000, 0x00000000a7200000, 0x00000000a7200000|100%| E|CS|TAMS 0x00000000a7100000| PB 0x00000000a7100000| Complete 
|  84|0x00000000a7200000, 0x00000000a7300000, 0x00000000a7300000|100%| E|CS|TAMS 0x00000000a7200000| PB 0x00000000a7200000| Complete 
|  85|0x00000000a7300000, 0x00000000a7400000, 0x00000000a7400000|100%| E|CS|TAMS 0x00000000a7300000| PB 0x00000000a7300000| Complete 
|  86|0x00000000a7400000, 0x00000000a7500000, 0x00000000a7500000|100%| E|CS|TAMS 0x00000000a7400000| PB 0x00000000a7400000| Complete 
|  87|0x00000000a7500000, 0x00000000a7600000, 0x00000000a7600000|100%| E|CS|TAMS 0x00000000a7500000| PB 0x00000000a7500000| Complete 
|  88|0x00000000a7600000, 0x00000000a7700000, 0x00000000a7700000|100%| E|CS|TAMS 0x00000000a7600000| PB 0x00000000a7600000| Complete 
|  89|0x00000000a7700000, 0x00000000a7800000, 0x00000000a7800000|100%| E|CS|TAMS 0x00000000a7700000| PB 0x00000000a7700000| Complete 
|  90|0x00000000a7800000, 0x00000000a7900000, 0x00000000a7900000|100%| E|CS|TAMS 0x00000000a7800000| PB 0x00000000a7800000| Complete 
|  91|0x00000000a7900000, 0x00000000a7a00000, 0x00000000a7a00000|100%| E|CS|TAMS 0x00000000a7900000| PB 0x00000000a7900000| Complete 
|  92|0x00000000a7a00000, 0x00000000a7b00000, 0x00000000a7b00000|100%| E|CS|TAMS 0x00000000a7a00000| PB 0x00000000a7a00000| Complete 
|  93|0x00000000a7b00000, 0x00000000a7c00000, 0x00000000a7c00000|100%| E|CS|TAMS 0x00000000a7b00000| PB 0x00000000a7b00000| Complete 
|  94|0x00000000a7c00000, 0x00000000a7d00000, 0x00000000a7d00000|100%| E|CS|TAMS 0x00000000a7c00000| PB 0x00000000a7c00000| Complete 
|  95|0x00000000a7d00000, 0x00000000a7e00000, 0x00000000a7e00000|100%| E|CS|TAMS 0x00000000a7d00000| PB 0x00000000a7d00000| Complete 

Card table byte_map: [0x0000023e687a0000,0x0000023e68aa0000] _byte_map_base: 0x0000023e68291000

Marking Bits: (CMBitMap*) 0x0000023e50decda0
 Bits: [0x0000023e68aa0000, 0x0000023e6a228000)

Polling page: 0x0000023e4ec20000

Metaspace:

Usage:
  Non-class:     14.51 MB used.
      Class:      1.97 MB used.
       Both:     16.48 MB used.

Virtual space:
  Non-class space:       64.00 MB reserved,      14.69 MB ( 23%) committed,  1 nodes.
      Class space:        1.00 GB reserved,       2.12 MB ( <1%) committed,  1 nodes.
             Both:        1.06 GB reserved,      16.81 MB (  2%) committed. 

Chunk freelists:
   Non-Class:  1.23 MB
       Class:  13.86 MB
        Both:  15.09 MB

MaxMetaspaceSize: unlimited
CompressedClassSpaceSize: 1.00 GB
Initial GC threshold: 21.00 MB
Current GC threshold: 21.00 MB
CDS: on
 - commit_granule_bytes: 65536.
 - commit_granule_words: 8192.
 - virtual_space_node_default_size: 8388608.
 - enlarge_chunks_in_place: 1.
 - use_allocation_guard: 0.


Internal statistics:

num_allocs_failed_limit: 0.
num_arena_births: 436.
num_arena_deaths: 0.
num_vsnodes_births: 2.
num_vsnodes_deaths: 0.
num_space_committed: 271.
num_space_uncommitted: 0.
num_chunks_returned_to_freelist: 0.
num_chunks_taken_from_freelist: 957.
num_chunk_merges: 0.
num_chunk_splits: 582.
num_chunks_enlarged: 321.
num_inconsistent_stats: 0.

CodeHeap 'non-profiled nmethods': size=120000Kb used=791Kb max_used=791Kb free=119208Kb
 bounds [0x0000023e60f70000, 0x0000023e611e0000, 0x0000023e684a0000]
CodeHeap 'profiled nmethods': size=120000Kb used=4512Kb max_used=4512Kb free=115487Kb
 bounds [0x0000023e594a0000, 0x0000023e59910000, 0x0000023e609d0000]
CodeHeap 'non-nmethods': size=5760Kb used=1437Kb max_used=1444Kb free=4322Kb
 bounds [0x0000023e609d0000, 0x0000023e60c40000, 0x0000023e60f70000]
CodeCache: size=245760Kb, used=6740Kb, max_used=6747Kb, free=239017Kb
 total_blobs=2924, nmethods=2396, adapters=432, full_count=0
Compilation: enabled, stopped_count=0, restarted_count=0

Compilation events (20 events):
Event: 2.755 Thread 0x0000023e6c6d7040 nmethod 2350 0x0000023e598f1610 code [0x0000023e598f17c0, 0x0000023e598f1a98]
Event: 2.755 Thread 0x0000023e6c6d7040 2351       3       java.nio.ByteBuffer::position (8 bytes)
Event: 2.756 Thread 0x0000023e6c6d7040 nmethod 2351 0x0000023e598f1b90 code [0x0000023e598f1d40, 0x0000023e598f1e90]
Event: 2.757 Thread 0x0000023e6c6d7040 2352       3       sun.reflect.generics.visitor.Reifier::getResult (26 bytes)
Event: 2.758 Thread 0x0000023e6c6d7040 nmethod 2352 0x0000023e598f1f10 code [0x0000023e598f20a0, 0x0000023e598f21c0]
Event: 2.758 Thread 0x0000023e6c6d7040 2353       3       sun.reflect.generics.visitor.Reifier::make (9 bytes)
Event: 2.758 Thread 0x0000023e6c6d7040 nmethod 2353 0x0000023e598f2290 code [0x0000023e598f2440, 0x0000023e598f26a0]
Event: 2.758 Thread 0x0000023e6c6d7040 2354       3       sun.reflect.generics.visitor.Reifier::<init> (10 bytes)
Event: 2.758 Thread 0x0000023e6c6d7040 nmethod 2354 0x0000023e598f2790 code [0x0000023e598f2940, 0x0000023e598f2af8]
Event: 2.759 Thread 0x0000023e6c6d7040 2355       3       java.util.StringJoiner::checkAddLength (50 bytes)
Event: 2.759 Thread 0x0000023e6c6d7040 nmethod 2355 0x0000023e598f2b90 code [0x0000023e598f2d80, 0x0000023e598f3188]
Event: 2.759 Thread 0x0000023e6c6d7040 2356       3       jdk.internal.org.objectweb.asm.MethodWriter::putFrame (549 bytes)
Event: 2.761 Thread 0x0000023e6c6d7040 nmethod 2356 0x0000023e598f3390 code [0x0000023e598f3820, 0x0000023e598f5280]
Event: 2.762 Thread 0x0000023e6c6d7040 2357       3       sun.reflect.generics.parser.SignatureParser::make (8 bytes)
Event: 2.762 Thread 0x0000023e6c6d7040 nmethod 2357 0x0000023e598f5e90 code [0x0000023e598f6040, 0x0000023e598f6240]
Event: 2.762 Thread 0x0000023e6c6d7040 2358       3       sun.reflect.generics.parser.SignatureParser::<init> (5 bytes)
Event: 2.762 Thread 0x0000023e6c6d7040 nmethod 2358 0x0000023e598f6310 code [0x0000023e598f64c0, 0x0000023e598f6628]
Event: 2.763 Thread 0x0000023e6c6d7040 2359       3       java.util.Arrays$ArrayList::size (6 bytes)
Event: 2.763 Thread 0x0000023e6c6d7040 nmethod 2359 0x0000023e598f6710 code [0x0000023e598f68a0, 0x0000023e598f69b8]
Event: 2.767 Thread 0x0000023e6c6d7040 2361       3       org.springframework.core.annotation.AttributeMethods::size (6 bytes)

GC Heap History (4 events):
Event: 1.441 GC heap before
{Heap before GC invocations=0 (full 0):
 garbage-first heap   total 98304K, used 13312K [0x00000000a1e00000, 0x0000000100000000)
  region size 1024K, 13 young (13312K), 0 survivors (0K)
 Metaspace       used 5109K, committed 5376K, reserved 1114112K
  class space    used 535K, committed 640K, reserved 1048576K
}
Event: 1.450 GC heap after
{Heap after GC invocations=1 (full 0):
 garbage-first heap   total 98304K, used 4672K [0x00000000a1e00000, 0x0000000100000000)
  region size 1024K, 2 young (2048K), 2 survivors (2048K)
 Metaspace       used 5109K, committed 5376K, reserved 1114112K
  class space    used 535K, committed 640K, reserved 1048576K
}
Event: 2.076 GC heap before
{Heap before GC invocations=1 (full 0):
 garbage-first heap   total 98304K, used 17984K [0x00000000a1e00000, 0x0000000100000000)
  region size 1024K, 16 young (16384K), 2 survivors (2048K)
 Metaspace       used 10082K, committed 10304K, reserved 1114112K
  class space    used 1151K, committed 1280K, reserved 1048576K
}
Event: 2.084 GC heap after
{Heap after GC invocations=2 (full 0):
 garbage-first heap   total 98304K, used 6492K [0x00000000a1e00000, 0x0000000100000000)
  region size 1024K, 2 young (2048K), 2 survivors (2048K)
 Metaspace       used 10082K, committed 10304K, reserved 1114112K
  class space    used 1151K, committed 1280K, reserved 1048576K
}

Dll operation events (11 events):
Event: 0.050 Loaded shared library C:\Users\LENOVO\.jdks\ms-21.0.8\bin\java.dll
Event: 0.105 Loaded shared library C:\Users\LENOVO\.jdks\ms-21.0.8\bin\jsvml.dll
Event: 0.245 Loaded shared library C:\Users\LENOVO\.jdks\ms-21.0.8\bin\zip.dll
Event: 0.253 Loaded shared library C:\Users\LENOVO\.jdks\ms-21.0.8\bin\instrument.dll
Event: 0.262 Loaded shared library C:\Users\LENOVO\.jdks\ms-21.0.8\bin\net.dll
Event: 0.264 Loaded shared library C:\Users\LENOVO\.jdks\ms-21.0.8\bin\nio.dll
Event: 0.270 Loaded shared library C:\Users\LENOVO\.jdks\ms-21.0.8\bin\zip.dll
Event: 0.413 Loaded shared library C:\Users\LENOVO\.jdks\ms-21.0.8\bin\extnet.dll
Event: 0.473 Loaded shared library C:\Users\LENOVO\.jdks\ms-21.0.8\bin\jimage.dll
Event: 1.355 Loaded shared library C:\Users\LENOVO\.jdks\ms-21.0.8\bin\management.dll
Event: 1.382 Loaded shared library C:\Users\LENOVO\.jdks\ms-21.0.8\bin\management_ext.dll

Deoptimization events (20 events):
Event: 2.699 Thread 0x0000023e71c3c030 Uncommon trap: trap_request=0xffffff45 fr.pc=0x0000023e60f8a870 relative=0x0000000000000490
Event: 2.699 Thread 0x0000023e71c3c030 Uncommon trap: reason=unstable_if action=reinterpret pc=0x0000023e60f8a870 method=java.lang.StringLatin1.canEncode(I)Z @ 4 c2
Event: 2.699 Thread 0x0000023e71c3c030 DEOPT PACKING pc=0x0000023e60f8a870 sp=0x00000057a69fdbd0
Event: 2.699 Thread 0x0000023e71c3c030 DEOPT UNPACKING pc=0x0000023e60a246a2 sp=0x00000057a69fdb08 mode 2
Event: 2.699 Thread 0x0000023e71c3c030 Uncommon trap: trap_request=0xffffff45 fr.pc=0x0000023e60fb92c8 relative=0x0000000000000468
Event: 2.699 Thread 0x0000023e71c3c030 Uncommon trap: reason=unstable_if action=reinterpret pc=0x0000023e60fb92c8 method=java.lang.AbstractStringBuilder.isLatin1()Z @ 10 c2
Event: 2.699 Thread 0x0000023e71c3c030 DEOPT PACKING pc=0x0000023e60fb92c8 sp=0x00000057a69fdbe0
Event: 2.699 Thread 0x0000023e71c3c030 DEOPT UNPACKING pc=0x0000023e60a246a2 sp=0x00000057a69fdb70 mode 2
Event: 2.699 Thread 0x0000023e71c3c030 Uncommon trap: trap_request=0xffffff45 fr.pc=0x0000023e60f8e20c relative=0x000000000000006c
Event: 2.699 Thread 0x0000023e71c3c030 Uncommon trap: reason=unstable_if action=reinterpret pc=0x0000023e60f8e20c method=java.lang.AbstractStringBuilder.isLatin1()Z @ 10 c2
Event: 2.699 Thread 0x0000023e71c3c030 DEOPT PACKING pc=0x0000023e60f8e20c sp=0x00000057a69fdbe0
Event: 2.699 Thread 0x0000023e71c3c030 DEOPT UNPACKING pc=0x0000023e60a246a2 sp=0x00000057a69fdb70 mode 2
Event: 2.701 Thread 0x0000023e71c3c030 Uncommon trap: trap_request=0xffffff45 fr.pc=0x0000023e60fcddf4 relative=0x0000000000000054
Event: 2.701 Thread 0x0000023e71c3c030 Uncommon trap: reason=unstable_if action=reinterpret pc=0x0000023e60fcddf4 method=java.lang.CharacterData.of(I)Ljava/lang/CharacterData; @ 4 c2
Event: 2.701 Thread 0x0000023e71c3c030 DEOPT PACKING pc=0x0000023e60fcddf4 sp=0x00000057a69fd800
Event: 2.701 Thread 0x0000023e71c3c030 DEOPT UNPACKING pc=0x0000023e60a246a2 sp=0x00000057a69fd798 mode 2
Event: 2.764 Thread 0x0000023e50da4c70 Uncommon trap: trap_request=0xffffff45 fr.pc=0x0000023e60fd4548 relative=0x0000000000000308
Event: 2.764 Thread 0x0000023e50da4c70 Uncommon trap: reason=unstable_if action=reinterpret pc=0x0000023e60fd4548 method=jdk.internal.org.objectweb.asm.SymbolTable.put(Ljdk/internal/org/objectweb/asm/SymbolTable$Entry;)Ljdk/internal/org/objectweb/asm/SymbolTable$Entry; @ 13 c2
Event: 2.764 Thread 0x0000023e50da4c70 DEOPT PACKING pc=0x0000023e60fd4548 sp=0x00000057a4efd570
Event: 2.764 Thread 0x0000023e50da4c70 DEOPT UNPACKING pc=0x0000023e60a246a2 sp=0x00000057a4efd4f0 mode 2

Classes loaded (20 events):
Event: 2.677 Loading class org/xml/sax/ErrorHandler
Event: 2.677 Loading class org/xml/sax/ErrorHandler done
Event: 2.677 Loading class org/xml/sax/EntityResolver
Event: 2.677 Loading class org/xml/sax/EntityResolver done
Event: 2.677 Loading class org/xml/sax/SAXParseException
Event: 2.678 Loading class org/xml/sax/SAXException
Event: 2.678 Loading class org/xml/sax/SAXException done
Event: 2.678 Loading class org/xml/sax/SAXParseException done
Event: 2.678 Loading class javax/xml/parsers/ParserConfigurationException
Event: 2.678 Loading class javax/xml/parsers/ParserConfigurationException done
Event: 2.686 Loading class java/io/CharConversionException
Event: 2.686 Loading class java/io/CharConversionException done
Event: 2.693 Loading class sun/text/resources/cldr/FormatData_en
Event: 2.693 Loading class sun/text/resources/cldr/FormatData_en done
Event: 2.693 Loading class sun/text/resources/cldr/FormatData_en_US
Event: 2.693 Loading class sun/text/resources/cldr/FormatData_en_US done
Event: 2.756 Loading class java/lang/annotation/Repeatable
Event: 2.756 Loading class java/lang/annotation/Repeatable done
Event: 2.757 Loading class java/io/CharArrayReader
Event: 2.758 Loading class java/io/CharArrayReader done

Classes unloaded (0 events):
No events

Classes redefined (0 events):
No events

Internal exceptions (20 events):
Event: 2.251 Thread 0x0000023e50da4c70 Exception <a 'java/lang/NoSuchMethodError'{0x00000000a79876c8}: 'void java.lang.invoke.DirectMethodHandle$Holder.invokeInterface(java.lang.Object, java.lang.Object, java.lang.Object)'> (0x00000000a79876c8) 
thrown [s\src\hotspot\share\interpreter\linkResolver.cpp, line 773]
Event: 2.282 Thread 0x0000023e50da4c70 Exception <a 'java/lang/NoSuchMethodError'{0x00000000a780ac08}: 'void java.lang.invoke.DirectMethodHandle$Holder.invokeStaticInit(java.lang.Object, java.lang.Object, java.lang.Object)'> (0x00000000a780ac08) 
thrown [s\src\hotspot\share\interpreter\linkResolver.cpp, line 773]
Event: 2.286 Thread 0x0000023e50da4c70 Exception <a 'java/lang/NoSuchMethodError'{0x00000000a7824720}: 'java.lang.Object java.lang.invoke.DirectMethodHandle$Holder.invokeVirtual(java.lang.Object, java.lang.Object, java.lang.Object)'> (0x00000000a7824720) 
thrown [s\src\hotspot\share\interpreter\linkResolver.cpp, line 773]
Event: 2.316 Thread 0x0000023e50da4c70 Exception <a 'java/lang/NoSuchMethodError'{0x00000000a78ad838}: 'void java.lang.invoke.DirectMethodHandle$Holder.invokeVirtual(java.lang.Object, java.lang.Object, java.lang.Object, java.lang.Object)'> (0x00000000a78ad838) 
thrown [s\src\hotspot\share\interpreter\linkResolver.cpp, line 773]
Event: 2.410 Thread 0x0000023e718e3eb0 Exception <a 'java/lang/NoSuchMethodError'{0x00000000a76f78e8}: static [B.<clinit>()V> (0x00000000a76f78e8) 
thrown [s\src\hotspot\share\prims\jni.cpp, line 1111]
Event: 2.448 Thread 0x0000023e718e3eb0 Exception <a 'java/lang/ClassNotFoundException'{0x00000000a7576338}: javax/management/remote/rmi/RMIConnectionImpl_Skel> (0x00000000a7576338) 
thrown [s\src\hotspot\share\classfile\systemDictionary.cpp, line 312]
Event: 2.449 Thread 0x0000023e50da4c70 Exception <a 'java/lang/NoSuchMethodError'{0x00000000a75ba468}: 'java.lang.reflect.Field[] java.lang.Class.getDeclaredFields(java.lang.Class)'> (0x00000000a75ba468) 
thrown [s\src\hotspot\share\interpreter\linkResolver.cpp, line 773]
Event: 2.449 Thread 0x0000023e71977dd0 Exception <a 'java/lang/NoSuchMethodError'{0x00000000a75dd1d8}: 'java.lang.Object java.lang.invoke.Invokers$Holder.linkToTargetMethod(java.lang.Object, long, java.lang.Object)'> (0x00000000a75dd1d8) 
thrown [s\src\hotspot\share\interpreter\linkResolver.cpp, line 773]
Event: 2.450 Thread 0x0000023e50da4c70 Exception <a 'java/lang/NoSuchMethodError'{0x00000000a75bede8}: 'java.lang.Object java.lang.invoke.DirectMethodHandle$Holder.invokeStatic(java.lang.Object, java.lang.Object, int)'> (0x00000000a75bede8) 
thrown [s\src\hotspot\share\interpreter\linkResolver.cpp, line 773]
Event: 2.454 Thread 0x0000023e50da4c70 Exception <a 'java/lang/NoSuchMethodError'{0x00000000a7406388}: 'void java.lang.invoke.DelegatingMethodHandle$Holder.delegate(java.lang.Object, java.lang.Object, int, java.lang.Object)'> (0x00000000a7406388) 
thrown [s\src\hotspot\share\interpreter\linkResolver.cpp, line 773]
Event: 2.463 Thread 0x0000023e71c3c030 Exception <a 'java/lang/NoClassDefFoundError'{0x00000000a7465260}: jakarta/validation/Validation> (0x00000000a7465260) 
thrown [s\src\hotspot\share\classfile\systemDictionary.cpp, line 301]
Event: 2.487 Thread 0x0000023e50da4c70 Exception <a 'java/lang/IncompatibleClassChangeError'{0x00000000a735e698}: Found class java.lang.Object, but interface was expected> (0x00000000a735e698) 
thrown [s\src\hotspot\share\interpreter\linkResolver.cpp, line 840]
Event: 2.495 Thread 0x0000023e50da4c70 Exception <a 'java/lang/NoSuchMethodError'{0x00000000a73745d0}: 'java.lang.Object java.lang.invoke.DirectMethodHandle$Holder.invokeStaticInit(java.lang.Object, int)'> (0x00000000a73745d0) 
thrown [s\src\hotspot\share\interpreter\linkResolver.cpp, line 773]
Event: 2.503 Thread 0x0000023e50da4c70 Exception <a 'java/lang/NoSuchMethodError'{0x00000000a73a7ba0}: 'java.lang.Object java.lang.invoke.DirectMethodHandle$Holder.invokeStatic(java.lang.Object, int, java.lang.Object)'> (0x00000000a73a7ba0) 
thrown [s\src\hotspot\share\interpreter\linkResolver.cpp, line 773]
Event: 2.506 Thread 0x0000023e50da4c70 Exception <a 'java/lang/NoSuchMethodError'{0x00000000a73ab230}: 'java.lang.Object java.lang.invoke.DirectMethodHandle$Holder.invokeStaticInit(java.lang.Object, int, java.lang.Object)'> (0x00000000a73ab230) 
thrown [s\src\hotspot\share\interpreter\linkResolver.cpp, line 773]
Event: 2.521 Thread 0x0000023e718e3eb0 Exception <a 'java/lang/NoSuchMethodError'{0x00000000a7454f08}: 'int java.lang.invoke.DirectMethodHandle$Holder.invokeInterface(java.lang.Object, java.lang.Object, java.lang.Object, java.lang.Object, java.lang.Object)'> (0x00000000a7454f08) 
thrown [s\src\hotspot\share\interpreter\linkResolver.cpp, line 773]
Event: 2.522 Thread 0x0000023e718e3eb0 Exception <a 'java/lang/NoSuchMethodError'{0x00000000a745cb80}: 'int java.lang.invoke.DelegatingMethodHandle$Holder.reinvoke_L(java.lang.Object, java.lang.Object, java.lang.Object, java.lang.Object, java.lang.Object)'> (0x00000000a745cb80) 
thrown [s\src\hotspot\share\interpreter\linkResolver.cpp, line 773]
Event: 2.544 Thread 0x0000023e718e3eb0 Exception <a 'java/lang/NoSuchMethodError'{0x00000000a72ac680}: 'java.lang.Object java.lang.invoke.DirectMethodHandle$Holder.invokeInterface(java.lang.Object, java.lang.Object, java.lang.Object, java.lang.Object, java.lang.Object)'> (0x00000000a72ac680) 
thrown [s\src\hotspot\share\interpreter\linkResolver.cpp, line 773]
Event: 2.549 Thread 0x0000023e718e3eb0 Exception <a 'java/lang/NoSuchMethodError'{0x00000000a7056f98}: 'double java.lang.invoke.DirectMethodHandle$Holder.invokeInterface(java.lang.Object, java.lang.Object)'> (0x00000000a7056f98) 
thrown [s\src\hotspot\share\interpreter\linkResolver.cpp, line 773]
Event: 2.550 Thread 0x0000023e718e3eb0 Exception <a 'java/lang/NoSuchMethodError'{0x00000000a705e958}: 'double java.lang.invoke.DelegatingMethodHandle$Holder.reinvoke_L(java.lang.Object, java.lang.Object)'> (0x00000000a705e958) 
thrown [s\src\hotspot\share\interpreter\linkResolver.cpp, line 773]

ZGC Phase Switch (0 events):
No events

VM Operations (20 events):
Event: 1.745 Executing VM operation: HandshakeAllThreads (Deoptimize)
Event: 1.745 Executing VM operation: HandshakeAllThreads (Deoptimize) done
Event: 1.764 Executing VM operation: HandshakeAllThreads (Deoptimize)
Event: 1.764 Executing VM operation: HandshakeAllThreads (Deoptimize) done
Event: 1.947 Executing VM operation: HandshakeAllThreads (Deoptimize)
Event: 1.947 Executing VM operation: HandshakeAllThreads (Deoptimize) done
Event: 2.076 Executing VM operation: G1CollectForAllocation (G1 Evacuation Pause)
Event: 2.084 Executing VM operation: G1CollectForAllocation (G1 Evacuation Pause) done
Event: 2.413 Executing VM operation: HandshakeAllThreads (Deoptimize)
Event: 2.413 Executing VM operation: HandshakeAllThreads (Deoptimize) done
Event: 2.419 Executing VM operation: HandshakeAllThreads (Deoptimize)
Event: 2.420 Executing VM operation: HandshakeAllThreads (Deoptimize) done
Event: 2.420 Executing VM operation: HandshakeAllThreads (Deoptimize)
Event: 2.420 Executing VM operation: HandshakeAllThreads (Deoptimize) done
Event: 2.434 Executing VM operation: HandshakeAllThreads (Deoptimize)
Event: 2.444 Executing VM operation: HandshakeAllThreads (Deoptimize) done
Event: 2.444 Executing VM operation: ICBufferFull
Event: 2.447 Executing VM operation: ICBufferFull done
Event: 2.701 Executing VM operation: HandshakeAllThreads (Deoptimize)
Event: 2.702 Executing VM operation: HandshakeAllThreads (Deoptimize) done

Memory protections (0 events):
No events

Nmethod flushes (0 events):
No events

Events (17 events):
Event: 0.079 Thread 0x0000023e50da4c70 Thread added: 0x0000023e50da4c70
Event: 0.102 Thread 0x0000023e50da4c70 Thread added: 0x0000023e6c6c2450
Event: 0.102 Thread 0x0000023e50da4c70 Thread added: 0x0000023e6c6c43c0
Event: 0.103 Thread 0x0000023e50da4c70 Thread added: 0x0000023e6c6c6b80
Event: 0.103 Thread 0x0000023e50da4c70 Thread added: 0x0000023e6c6c77d0
Event: 0.103 Thread 0x0000023e50da4c70 Thread added: 0x0000023e6c6ca590
Event: 0.103 Thread 0x0000023e50da4c70 Thread added: 0x0000023e6c6cb110
Event: 0.103 Thread 0x0000023e50da4c70 Thread added: 0x0000023e6c6d46b0
Event: 0.103 Thread 0x0000023e50da4c70 Thread added: 0x0000023e6c6d7040
Event: 0.196 Thread 0x0000023e50da4c70 Thread added: 0x0000023e6c7b6ae0
Event: 0.398 Thread 0x0000023e50da4c70 Thread added: 0x0000023e6cac2d90
Event: 0.398 Thread 0x0000023e50da4c70 Thread added: 0x0000023e6cac33f0
Event: 2.091 Thread 0x0000023e6c6c77d0 Thread added: 0x0000023e7199f530
Event: 2.349 Thread 0x0000023e7199f530 Thread added: 0x0000023e718e3eb0
Event: 2.408 Thread 0x0000023e718e3eb0 Thread added: 0x0000023e71976160
Event: 2.431 Thread 0x0000023e718e3eb0 Thread added: 0x0000023e71977dd0
Event: 2.437 Thread 0x0000023e50da4c70 Thread added: 0x0000023e71c3c030


Dynamic libraries:
0x00007ff6415e0000 - 0x00007ff6415ee000 	C:\Users\LENOVO\.jdks\ms-21.0.8\bin\java.exe
0x00007ffc45970000 - 0x00007ffc45b87000 	C:\WINDOWS\SYSTEM32\ntdll.dll
0x00007ffc44a90000 - 0x00007ffc44b54000 	C:\WINDOWS\System32\KERNEL32.DLL
0x00007ffc42e50000 - 0x00007ffc43220000 	C:\WINDOWS\System32\KERNELBASE.dll
0x00007ffc42cd0000 - 0x00007ffc42de1000 	C:\WINDOWS\System32\ucrtbase.dll
0x00007ffc31170000 - 0x00007ffc31188000 	C:\Users\LENOVO\.jdks\ms-21.0.8\bin\jli.dll
0x00007ffc44f60000 - 0x00007ffc45111000 	C:\WINDOWS\System32\USER32.dll
0x00007ffc42df0000 - 0x00007ffc42e16000 	C:\WINDOWS\System32\win32u.dll
0x00007ffc45200000 - 0x00007ffc45229000 	C:\WINDOWS\System32\GDI32.dll
0x00007ffc43450000 - 0x00007ffc43573000 	C:\WINDOWS\System32\gdi32full.dll
0x00007ffc42a70000 - 0x00007ffc42b0a000 	C:\WINDOWS\System32\msvcp_win.dll
0x00007ffc32760000 - 0x00007ffc329fc000 	C:\WINDOWS\WinSxS\amd64_microsoft.windows.common-controls_6595b64144ccf1df_6.0.22621.5840_none_2710ea077384a4fe\COMCTL32.dll
0x00007ffc43a60000 - 0x00007ffc43b07000 	C:\WINDOWS\System32\msvcrt.dll
0x00007ffc31190000 - 0x00007ffc311ae000 	C:\Users\LENOVO\.jdks\ms-21.0.8\bin\VCRUNTIME140.dll
0x00007ffc44b60000 - 0x00007ffc44b91000 	C:\WINDOWS\System32\IMM32.DLL
0x00007ffc335c0000 - 0x00007ffc335cc000 	C:\Users\LENOVO\.jdks\ms-21.0.8\bin\vcruntime140_1.dll
0x00007ffc289e0000 - 0x00007ffc28a69000 	C:\Users\LENOVO\.jdks\ms-21.0.8\bin\msvcp140.dll
0x00007ffbf70c0000 - 0x00007ffbf7e6c000 	C:\Users\LENOVO\.jdks\ms-21.0.8\bin\server\jvm.dll
0x00007ffc45230000 - 0x00007ffc452e1000 	C:\WINDOWS\System32\ADVAPI32.dll
0x00007ffc43d70000 - 0x00007ffc43e18000 	C:\WINDOWS\System32\sechost.dll
0x00007ffc42e20000 - 0x00007ffc42e48000 	C:\WINDOWS\System32\bcrypt.dll
0x00007ffc44970000 - 0x00007ffc44a88000 	C:\WINDOWS\System32\RPCRT4.dll
0x00007ffc43cf0000 - 0x00007ffc43d61000 	C:\WINDOWS\System32\WS2_32.dll
0x00007ffc42940000 - 0x00007ffc4298d000 	C:\WINDOWS\SYSTEM32\POWRPROF.dll
0x00007ffc40440000 - 0x00007ffc40474000 	C:\WINDOWS\SYSTEM32\WINMM.dll
0x00007ffc398c0000 - 0x00007ffc398ca000 	C:\WINDOWS\SYSTEM32\VERSION.dll
0x00007ffc42920000 - 0x00007ffc42933000 	C:\WINDOWS\SYSTEM32\UMPDC.dll
0x00007ffc41a40000 - 0x00007ffc41a58000 	C:\WINDOWS\SYSTEM32\kernel.appcore.dll
0x00007ffc33450000 - 0x00007ffc3345a000 	C:\Users\LENOVO\.jdks\ms-21.0.8\bin\jimage.dll
0x00007ffc401a0000 - 0x00007ffc403d3000 	C:\WINDOWS\SYSTEM32\DBGHELP.DLL
0x00007ffc44ba0000 - 0x00007ffc44f31000 	C:\WINDOWS\System32\combase.dll
0x00007ffc43710000 - 0x00007ffc437e8000 	C:\WINDOWS\System32\OLEAUT32.dll
0x00007ffc40400000 - 0x00007ffc40432000 	C:\WINDOWS\SYSTEM32\dbgcore.DLL
0x00007ffc43580000 - 0x00007ffc435fb000 	C:\WINDOWS\System32\bcryptPrimitives.dll
0x00007ffc31af0000 - 0x00007ffc31b00000 	C:\Users\LENOVO\.jdks\ms-21.0.8\bin\instrument.dll
0x00007ffc2b960000 - 0x00007ffc2b981000 	C:\Users\LENOVO\.jdks\ms-21.0.8\bin\java.dll
0x00007ffc43e90000 - 0x00007ffc44731000 	C:\WINDOWS\System32\SHELL32.dll
0x00007ffc42b10000 - 0x00007ffc42c4f000 	C:\WINDOWS\System32\wintypes.dll
0x00007ffc40940000 - 0x00007ffc4125a000 	C:\WINDOWS\SYSTEM32\windows.storage.dll
0x00007ffc43600000 - 0x00007ffc4370a000 	C:\WINDOWS\System32\SHCORE.dll
0x00007ffc43e20000 - 0x00007ffc43e89000 	C:\WINDOWS\System32\shlwapi.dll
0x00007ffc429a0000 - 0x00007ffc429c5000 	C:\WINDOWS\SYSTEM32\profapi.dll
0x00007ffc0a5b0000 - 0x00007ffc0a686000 	C:\Users\LENOVO\.jdks\ms-21.0.8\bin\jsvml.dll
0x00007ffc30df0000 - 0x00007ffc30e08000 	C:\Users\LENOVO\.jdks\ms-21.0.8\bin\zip.dll
0x00007ffc2fb70000 - 0x00007ffc2fb81000 	C:\Users\LENOVO\.jdks\ms-21.0.8\bin\net.dll
0x00007ffc3c4a0000 - 0x00007ffc3c5cc000 	C:\WINDOWS\SYSTEM32\WINHTTP.dll
0x00007ffc41f20000 - 0x00007ffc41f89000 	C:\WINDOWS\system32\mswsock.dll
0x00007ffc2f5a0000 - 0x00007ffc2f5b6000 	C:\Users\LENOVO\.jdks\ms-21.0.8\bin\nio.dll
0x00007ffc31a60000 - 0x00007ffc31a69000 	C:\Users\LENOVO\.jdks\ms-21.0.8\bin\extnet.dll
0x00007ffc41580000 - 0x00007ffc41678000 	C:\WINDOWS\SYSTEM32\DNSAPI.dll
0x00007ffc41500000 - 0x00007ffc4152d000 	C:\WINDOWS\SYSTEM32\IPHLPAPI.DLL
0x00007ffc45120000 - 0x00007ffc45129000 	C:\WINDOWS\System32\NSI.dll
0x00007ffc30780000 - 0x00007ffc3078a000 	C:\Windows\System32\rasadhlp.dll
0x00007ffc39dc0000 - 0x00007ffc39e44000 	C:\WINDOWS\System32\fwpuclnt.dll
0x00007ffc31090000 - 0x00007ffc3109a000 	C:\Users\LENOVO\.jdks\ms-21.0.8\bin\management.dll
0x00007ffc30790000 - 0x00007ffc3079c000 	C:\Users\LENOVO\.jdks\ms-21.0.8\bin\management_ext.dll
0x00007ffc43a50000 - 0x00007ffc43a58000 	C:\WINDOWS\System32\PSAPI.DLL
0x00007ffc42170000 - 0x00007ffc4218b000 	C:\WINDOWS\SYSTEM32\CRYPTSP.dll
0x00007ffc419a0000 - 0x00007ffc419d7000 	C:\WINDOWS\system32\rsaenh.dll
0x00007ffc42010000 - 0x00007ffc42038000 	C:\WINDOWS\SYSTEM32\USERENV.dll
0x00007ffc42190000 - 0x00007ffc4219c000 	C:\WINDOWS\SYSTEM32\CRYPTBASE.dll
0x00007ffc213d0000 - 0x00007ffc213e7000 	C:\WINDOWS\system32\napinsp.dll
0x00007ffc213b0000 - 0x00007ffc213cb000 	C:\WINDOWS\system32\pnrpnsp.dll
0x00007ffc21180000 - 0x00007ffc21191000 	C:\WINDOWS\System32\winrnr.dll
0x00007ffc21160000 - 0x00007ffc21175000 	C:\WINDOWS\system32\wshbth.dll
0x00007ffc21130000 - 0x00007ffc21151000 	C:\WINDOWS\system32\nlansp_c.dll
0x00007ffc2e5e0000 - 0x00007ffc2e630000 	C:\WINDOWS\SYSTEM32\pdh.dll

JVMTI agents:
C:\Program Files\JetBrains\IntelliJ IDEA Community Edition 2025.2.1\lib\idea_rt.jar path:C:\Users\LENOVO\.jdks\ms-21.0.8\bin\instrument.dll, loaded, initialized, instrumentlib options:59779

dbghelp: loaded successfully - version: 4.0.5 - missing functions: none
symbol engine: initialized successfully - sym options: 0x614 - pdb path: .;C:\Users\LENOVO\.jdks\ms-21.0.8\bin;C:\WINDOWS\SYSTEM32;C:\WINDOWS\WinSxS\amd64_microsoft.windows.common-controls_6595b64144ccf1df_6.0.22621.5840_none_2710ea077384a4fe;C:\Users\LENOVO\.jdks\ms-21.0.8\bin\server

VM Arguments:
jvm_args: -javaagent:C:\Program Files\JetBrains\IntelliJ IDEA Community Edition 2025.2.1\lib\idea_rt.jar=59779 -Dfile.encoding=UTF-8 -Dsun.stdout.encoding=UTF-8 -Dsun.stderr.encoding=UTF-8 
java_command: com.example.demo.Java1.Application
java_class_path (initial): C:\Users\LENOVO\Desktop\demo.Java1\target\classes;C:\Users\LENOVO\.m2\repository\org\springframework\boot\spring-boot-starter-web\3.4.9-SNAPSHOT\spring-boot-starter-web-3.4.9-20250821.055224-57.jar;C:\Users\LENOVO\.m2\repository\org\springframework\boot\spring-boot-starter\3.4.9-SNAPSHOT\spring-boot-starter-3.4.9-20250821.055224-57.jar;C:\Users\LENOVO\.m2\repository\org\springframework\boot\spring-boot\3.4.9-SNAPSHOT\spring-boot-3.4.9-20250821.055224-57.jar;C:\Users\LENOVO\.m2\repository\org\springframework\boot\spring-boot-autoconfigure\3.4.9-SNAPSHOT\spring-boot-autoconfigure-3.4.9-20250821.055224-57.jar;C:\Users\LENOVO\.m2\repository\org\springframework\boot\spring-boot-starter-logging\3.4.9-SNAPSHOT\spring-boot-starter-logging-3.4.9-20250821.055224-57.jar;C:\Users\LENOVO\.m2\repository\ch\qos\logback\logback-classic\1.5.18\logback-classic-1.5.18.jar;C:\Users\LENOVO\.m2\repository\ch\qos\logback\logback-core\1.5.18\logback-core-1.5.18.jar;C:\Users\LENOVO\.m2\repository\org\apache\logging\log4j\log4j-to-slf4j\2.24.3\log4j-to-slf4j-2.24.3.jar;C:\Users\LENOVO\.m2\repository\org\apache\logging\log4j\log4j-api\2.24.3\log4j-api-2.24.3.jar;C:\Users\LENOVO\.m2\repository\org\slf4j\jul-to-slf4j\2.0.17\jul-to-slf4j-2.0.17.jar;C:\Users\LENOVO\.m2\repository\jakarta\annotation\jakarta.annotation-api\2.1.1\jakarta.annotation-api-2.1.1.jar;C:\Users\LENOVO\.m2\repository\org\yaml\snakeyaml\2.3\snakeyaml-2.3.jar;C:\Users\LENOVO\.m2\repository\org\springframework\boot\spring-boot-starter-json\3.4.9-SNAPSHOT\spring-boot-starter-json-3.4.9-20250821.055224-57.jar;C:\Users\LENOVO\.m2\repository\com\fasterxml\jackson\datatype\jackson-datatype-jdk8\2.18.4\jackson-datatype-jdk8-2.18.4.jar;C:\Users\LENOVO\.m2\repository\com\fasterxml\jackson\datatype\jackson-datatype-jsr310\2.18.4\jackson-datatype-jsr310-2.18.4.jar;C:\Users\LENOVO\.m2\repository\com\fasterxml\jackson\module\jackson-module-parameter-names\2.18.4\jackson-module-parameter-names-2.18.4.jar;C:\Users\LENOVO\.m2\repository\org\springframework\boot\spring-boot-starter-tomcat\3.4.9-SNAPSHOT\spring-boot-starter-tomcat-3.4.9-20250821.055224-57.jar;C:\Users\LENOVO\.m2\repository\org\apache\tomcat\embed\tomcat-embed-core\10.1.44\tomcat-embed-core-10.1.44.jar;C:\Users\LENOVO\.m2\repository\org\apache\tomcat\embed\tomcat-embed-el\10.1.44\tomcat-embed-el-10.1.44.jar;C:\Users\LENOVO\.m2\repository\org\apache\tomcat\embed\tomcat-embed-websocket\10.1.44\tomcat-embed-websocket-10.1.44.jar;C:\Users\LENOVO\.m2\repository\org\springframework\spring-web\6.2.10\spring-web-6.2.10.jar;C:\Users\LENOVO\.m2\repository\org\springframework\spring-beans\6.2.10\spring-beans-6.2.10.jar;C:\Users\LENOVO\.m2\repository\io\micrometer\micrometer-observation\1.14.10\micrometer-observation-1.14.10.jar;C:\Users\LENOVO\.m2\repository\io\micrometer\micrometer-commons\1.14.10\micrometer-commons-1.14.10.jar;C:\Users\LENOVO\.m2\repository\org\springframework\spring-webmvc\6.2.10\spring-webmvc-6.2.10.jar;C:\Users\LENOVO\.m2\repository\org\springframework\spring-context\6.2.10\spring-context-6.2.10.jar;C:\Users\LENOVO\.m2\repository\org\springframework\spring-expression\6.2.10\spring-expression-6.2.10.jar;C:\Users\LENOVO\.m2\repository\org\springframework\boot\spring-boot-starter-jdbc\3.4.9-SNAPSHOT\spring-boot-starter-jdbc-3.4.9-20250821.055224-57.jar;C:\Users\LENOVO\.m2\repository\com\zaxxer\HikariCP\5.1.0\HikariCP-5.1.0.jar;C:\Users\LENOVO\.m2\repository\org\slf4j\slf4j-api\2.0.17\slf4j-api-2.0.17.jar;C:\Users\LENOVO\.m2\repository\org\springframework\spring-jdbc\6.2.10\spring-jdbc-6.2.10.jar;C:\Users\LENOVO\.m2\repository\org\springframework\spring-tx\6.2.10\spring-tx-6.2.10.jar;C:\Users\LENOVO\.m2\repository\com\mysql\mysql-connector-j\9.4.0\mysql-connector-j-9.4.0.jar;C:\Users\LENOVO\.m2\repository\org\springframework\spring-core\6.2.10\spring-core-6.2.10.jar;C:\Users\LENOVO\.m2\repository\org\springframework\spring-jcl\6.2.10\spring-jcl-6.2.10.jar;C:\Users\LENOVO\.m2\repository\io\jsonwebtoken\jjwt-api\0.11.5\jjwt-api-0.11.5.jar;C:\Users\LENOVO\.m2\repository\io\jsonwebtoken\jjwt-impl\0.11.5\jjwt-impl-0.11.5.jar;C:\Users\LENOVO\.m2\repository\io\jsonwebtoken\jjwt-jackson\0.11.5\jjwt-jackson-0.11.5.jar;C:\Users\LENOVO\.m2\repository\com\fasterxml\jackson\core\jackson-databind\2.18.4\jackson-databind-2.18.4.jar;C:\Users\LENOVO\.m2\repository\com\fasterxml\jackson\core\jackson-annotations\2.18.4\jackson-annotations-2.18.4.jar;C:\Users\LENOVO\.m2\repository\com\fasterxml\jackson\core\jackson-core\2.18.4.1\jackson-core-2.18.4.1.jar;C:\Users\LENOVO\.m2\repository\org\springframework\boot\spring-boot-starter-security\3.4.9-SNAPSHOT\spring-boot-starter-security-3.4.9-20250821.055224-57.jar;C:\Users\LENOVO\.m2\repository\org\springframework\spring-aop\6.2.10\spring-aop-6.2.10.jar;C:\Users\LENOVO\.m2\repository\org\springframework\security\spring-security-config\6.4.9\spring-security-config-6.4.9.jar;C:\Users\LENOVO\.m2\repository\org\springframework\security\spring-security-core\6.4.9\spring-security-core-6.4.9.jar;C:\Users\LENOVO\.m2\repository\org\springframework\security\spring-security-crypto\6.4.9\spring-security-crypto-6.4.9.jar;C:\Users\LENOVO\.m2\repository\org\springframework\security\spring-security-web\6.4.9\spring-security-web-6.4.9.jar
Launcher Type: SUN_STANDARD

[Global flags]
     intx CICompilerCount                          = 3                                         {product} {ergonomic}
     uint ConcGCThreads                            = 1                                         {product} {ergonomic}
     uint G1ConcRefinementThreads                  = 4                                         {product} {ergonomic}
   size_t G1HeapRegionSize                         = 1048576                                   {product} {ergonomic}
    uintx GCDrainStackTargetSize                   = 64                                        {product} {ergonomic}
   size_t InitialHeapSize                          = 100663296                                 {product} {ergonomic}
   size_t MarkStackSize                            = 4194304                                   {product} {ergonomic}
   size_t MaxHeapSize                              = 1579155456                                {product} {ergonomic}
   size_t MaxNewSize                               = 946864128                                 {product} {ergonomic}
   size_t MinHeapDeltaBytes                        = 1048576                                   {product} {ergonomic}
   size_t MinHeapSize                              = 8388608                                   {product} {ergonomic}
    uintx NonNMethodCodeHeapSize                   = 5832780                                {pd product} {ergonomic}
    uintx NonProfiledCodeHeapSize                  = 122912730                              {pd product} {ergonomic}
    uintx ProfiledCodeHeapSize                     = 122912730                              {pd product} {ergonomic}
    uintx ReservedCodeCacheSize                    = 251658240                              {pd product} {ergonomic}
     bool SegmentedCodeCache                       = true                                      {product} {ergonomic}
   size_t SoftMaxHeapSize                          = 1579155456                             {manageable} {ergonomic}
     bool UseCompressedOops                        = true                           {product lp64_product} {ergonomic}
     bool UseG1GC                                  = true                                      {product} {ergonomic}
     bool UseLargePagesIndividualAllocation        = false                                  {pd product} {ergonomic}

Logging:
Log output configuration:
 #0: stdout all=warning uptime,level,tags foldmultilines=false
 #1: stderr all=off uptime,level,tags foldmultilines=false

Environment Variables:
PATH=C:\xampp\php;C:\Users\LENOVO\Downloads\php-8.4.12-nts-Win32-vs17-x64\;C:\Program Files\Eclipse Adoptium\jdk-21.0.5.11-hotspot\bin;C:\WINDOWS\system32;C:\WINDOWS;C:\WINDOWS\System32\Wbem;C:\WINDOWS\System32\WindowsPowerShell\v1.0\;C:\WINDOWS\System32\OpenSSH\;C:\Program Files (x86)\Microsoft SQL Server\160\Tools\Binn\;C:\Program Files\Microsoft SQL Server\160\Tools\Binn\;C:\Program Files\Microsoft SQL Server\Client SDK\ODBC\170\Tools\Binn\;C:\Program Files\Microsoft SQL Server\160\DTS\Binn\;C:\Program Files (x86)\Microsoft SQL Server\160\DTS\Binn\;C:\Program Files\Git\cmd;C:\Users\LENOVO\AppData\Local\Programs\Python\Python313\Scripts\;C:\Users\LENOVO\AppData\Local\Programs\Python\Python313\;C:\Users\LENOVO\AppData\Local\Programs\Python\Python313\python.exe;C:\Users\LENOVO\AppData\Local\Programs\Python\Python313\python.exe -m pydoc -b;C:\Users\LENOVO\AppData\Local\Programs\Python\Launcher\;C:\Users\LENOVO\AppData\Local\Programs\Python\Launcher\Scripts;C:\Users\LENOVO\AppData\Local\Microsoft\WindowsApps;C:\Users\LENOVO\AppData\Local\spicetify;C:\Users\LENOVO\AppData\Local\Programs\Microsoft VS Code\bin;
USERNAME=LENOVO
OS=Windows_NT
PROCESSOR_IDENTIFIER=AMD64 Family 23 Model 24 Stepping 1, AuthenticAMD
TMP=C:\Users\LENOVO\AppData\Local\Temp
TEMP=C:\Users\LENOVO\AppData\Local\Temp




Periodic native trim disabled

---------------  S Y S T E M  ---------------

OS:
 Windows 11 , 64 bit Build 22621 (10.0.22621.5415)
OS uptime: 7 days 0:47 hours

CPU: total 4 (initial active 4) (4 cores per cpu, 2 threads per core) family 23 model 24 stepping 1 microcode 0x0, cx8, cmov, fxsr, ht, mmx, 3dnowpref, sse, sse2, sse3, ssse3, sse4a, sse4.1, sse4.2, popcnt, lzcnt, tsc, tscinvbit, avx, avx2, aes, clmul, bmi1, bmi2, adx, sha, fma, vzeroupper, clflush, clflushopt, rdtscp, f16c
Processor Information for the first 4 processors :
  Max Mhz: 2400, Current Mhz: 2400, Mhz Limit: 2400

Memory: 4k page, system-wide physical 6020M (125M free)
TotalPageFile size 18308M (AvailPageFile size 4M)
current process WorkingSet (physical memory assigned to process): 110M, peak: 110M
current process commit charge ("private bytes"): 206M, peak: 206M

vm_info: OpenJDK 64-Bit Server VM (21.0.8+9-LTS) for windows-amd64 JRE (21.0.8+9-LTS), built on 2025-07-10T20:22:44Z by "MicrosoftCorporation" with unknown MS VC++:1944

END.
