#
# There is insufficient memory for the Java Runtime Environment to continue.
# Native memory allocation (mmap) failed to map 65536 bytes. Error detail: Failed to commit metaspace.
# Possible reasons:
#   The system is out of physical RAM or swap space
#   This process is running with CompressedOops enabled, and the Java Heap may be blocking the growth of the native heap
# Possible solutions:
#   Reduce memory load on the system
#   Increase physical memory or swap space
#   Check if swap backing store is full
#   Decrease Java heap size (-Xmx/-Xms)
#   Decrease number of Java threads
#   Decrease Java thread stack sizes (-Xss)
#   Set larger code cache with -XX:ReservedCodeCacheSize=
#   JVM is running with Unscaled Compressed Oops mode in which the Java heap is
#     placed in the first 4GB address space. The Java Heap base address is the
#     maximum limit for the native heap growth. Please use -XX:HeapBaseMinAddress
#     to set the Java Heap base and to place the Java Heap above 4GB virtual address.
# This output file may be truncated or incomplete.
#
#  Out of Memory Error (virtualSpaceNode.cpp:113), pid=25532, tid=21036
#
# JRE version: OpenJDK Runtime Environment Microsoft-11933218 (21.0.8+9) (build 21.0.8+9-LTS)
# Java VM: OpenJDK 64-Bit Server VM Microsoft-11933218 (21.0.8+9-LTS, mixed mode, tiered, compressed oops, compressed class ptrs, g1 gc, windows-amd64)
# No core dump will be written. Minidumps are not enabled by default on client versions of Windows
#

---------------  S U M M A R Y ------------

Command Line: -agentlib:jdwp=transport=dt_socket,address=127.0.0.1:59644,suspend=y,server=n -javaagent:C:\Users\LENOVO\AppData\Local\JetBrains\IdeaIC2025.2\captureAgent\debugger-agent.jar=file:///C:/Users/LENOVO/AppData/Local/Temp/capture2115948002461685180.props -agentpath:C:\Users\LENOVO\AppData\Local\Temp\idea_libasyncProfiler_dll_temp_folder235\libasyncProfiler.dll=version,jfr,event=wall,interval=10ms,cstack=no,file=C:\Users\LENOVO\IdeaSnapshots\Application_2025_10_24_151408.jfr,dbghelppath=C:\Users\LENOVO\AppData\Local\Temp\idea_dbghelp_dll_temp_folder7\dbghelp.dll,log=C:\Users\LENOVO\AppData\Local\Temp\Application_2025_10_24_151408.jfr.log.txt,logLevel=DEBUG -Dkotlinx.coroutines.debug.enable.creation.stack.trace=false -Ddebugger.agent.enable.coroutines=true -Dkotlinx.coroutines.debug.enable.flows.stack.trace=true -Dkotlinx.coroutines.debug.enable.mutable.state.flows.stack.trace=true -Dfile.encoding=UTF-8 -Dsun.stdout.encoding=UTF-8 -Dsun.stderr.encoding=UTF-8 com.example.demo.Java1.Application

Host: AMD Athlon Gold 3150U with Radeon Graphics     , 4 cores, 5G,  Windows 11 , 64 bit Build 22621 (10.0.22621.5415)
Time: Fri Oct 24 15:14:22 2025 Hora est. Pacífico, Sudamérica elapsed time: 0.910378 seconds (0d 0h 0m 0s)

---------------  T H R E A D  ---------------

Current thread (0x00000223efe84d60):  JavaThread "main"             [_thread_in_vm, id=21036, stack(0x000000c88f300000,0x000000c88f400000) (1024K)]

Stack: [0x000000c88f300000,0x000000c88f400000]
Native frames: (J=compiled Java code, j=interpreted, Vv=VM code, C=native code)
V  [jvm.dll+0x6e1729]
V  [jvm.dll+0x8bf47b]
V  [jvm.dll+0x8c19aa]
V  [jvm.dll+0x8c2083]
V  [jvm.dll+0x289fd6]
V  [jvm.dll+0x8bb208]
V  [jvm.dll+0x683354]
V  [jvm.dll+0x6833ba]
V  [jvm.dll+0x685bcb]
V  [jvm.dll+0x685a92]
V  [jvm.dll+0x683d2e]
V  [jvm.dll+0x68e0ca]
V  [jvm.dll+0x21f70b]
V  [jvm.dll+0x21fbb5]
V  [jvm.dll+0x22059c]
V  [jvm.dll+0x215a8e]
V  [jvm.dll+0x5c064f]
V  [jvm.dll+0x2270de]
V  [jvm.dll+0x83825a]
V  [jvm.dll+0x8392bf]
V  [jvm.dll+0x839876]
V  [jvm.dll+0x839518]
V  [jvm.dll+0x2773e1]
V  [jvm.dll+0x27762f]
V  [jvm.dll+0x5e36e7]
V  [jvm.dll+0x5e6686]
V  [jvm.dll+0x3e98a2]
V  [jvm.dll+0x3e8f6a]
C  0x00000223f75748e0

The last pc belongs to invokestatic (printed below).
Java frames: (J=compiled Java code, j=interpreted, Vv=VM code)
j  java.lang.invoke.LambdaForm.compileToBytecode()V+69 java.base@21.0.8
j  java.lang.invoke.DirectMethodHandle.makePreparedLambdaForm(Ljava/lang/invoke/MethodType;I)Ljava/lang/invoke/LambdaForm;+750 java.base@21.0.8
j  java.lang.invoke.DirectMethodHandle.preparedLambdaForm(Ljava/lang/invoke/MethodType;I)Ljava/lang/invoke/LambdaForm;+17 java.base@21.0.8
j  java.lang.invoke.DirectMethodHandle.preparedLambdaForm(Ljava/lang/invoke/MemberName;Z)Ljava/lang/invoke/LambdaForm;+159 java.base@21.0.8
j  java.lang.invoke.DirectMethodHandle.preparedLambdaForm(Ljava/lang/invoke/MemberName;)Ljava/lang/invoke/LambdaForm;+2 java.base@21.0.8
j  java.lang.invoke.DirectMethodHandle.make(BLjava/lang/Class;Ljava/lang/invoke/MemberName;Ljava/lang/Class;)Ljava/lang/invoke/DirectMethodHandle;+163 java.base@21.0.8
j  java.lang.invoke.MethodHandles$Lookup.getDirectMethodCommon(BLjava/lang/Class;Ljava/lang/invoke/MemberName;ZZLjava/lang/invoke/MethodHandles$Lookup;)Ljava/lang/invoke/MethodHandle;+220 java.base@21.0.8
j  java.lang.invoke.MethodHandles$Lookup.getDirectMethod(BLjava/lang/Class;Ljava/lang/invoke/MemberName;Ljava/lang/invoke/MethodHandles$Lookup;)Ljava/lang/invoke/MethodHandle;+14 java.base@21.0.8
j  java.lang.invoke.MethodHandles$Lookup.findStatic(Ljava/lang/Class;Ljava/lang/String;Ljava/lang/invoke/MethodType;)Ljava/lang/invoke/MethodHandle;+23 java.base@21.0.8
j  java.lang.invoke.MethodHandleImpl$1.findStatic(Ljava/lang/Class;Ljava/lang/String;Ljava/lang/invoke/MethodType;)Ljava/lang/invoke/MethodHandle;+6 java.base@21.0.8
j  jdk.internal.reflect.MethodHandleAccessorFactory.getDirectMethod(Ljava/lang/reflect/Method;Z)Ljava/lang/invoke/MethodHandle;+36 java.base@21.0.8
j  jdk.internal.reflect.MethodHandleAccessorFactory.newMethodAccessor(Ljava/lang/reflect/Method;Z)Ljdk/internal/reflect/MethodAccessorImpl;+41 java.base@21.0.8
j  jdk.internal.reflect.ReflectionFactory.newMethodAccessor(Ljava/lang/reflect/Method;Z)Ljdk/internal/reflect/MethodAccessor;+28 java.base@21.0.8
j  java.lang.reflect.Method.acquireMethodAccessor()Ljdk/internal/reflect/MethodAccessor;+38 java.base@21.0.8
j  java.lang.reflect.Method.invoke(Ljava/lang/Object;[Ljava/lang/Object;)Ljava/lang/Object;+75 java.base@21.0.8
j  java.lang.Class.getEnumConstantsShared()[Ljava/lang/Object;+49 java.base@21.0.8
j  java.lang.System$2.getEnumConstantsShared(Ljava/lang/Class;)[Ljava/lang/Enum;+1 java.base@21.0.8
j  java.util.EnumMap.getKeyUniverse(Ljava/lang/Class;)[Ljava/lang/Enum;+4 java.base@21.0.8
j  java.util.EnumMap.<init>(Ljava/lang/Class;)V+16 java.base@21.0.8
j  java.util.stream.StreamOpFlag.set(Ljava/util/stream/StreamOpFlag$Type;)Ljava/util/stream/StreamOpFlag$MaskBuilder;+10 java.base@21.0.8
j  java.util.stream.StreamOpFlag.<clinit>()V+11 java.base@21.0.8
v  ~StubRoutines::call_stub 0x00000223f755100d
j  java.util.stream.StreamSupport.stream(Ljava/util/Spliterator;Z)Ljava/util/stream/Stream;+11 java.base@21.0.8
j  java.util.Collection.stream()Ljava/util/stream/Stream;+7 java.base@21.0.8
j  jdk.internal.module.DefaultRoots.compute(Ljava/lang/module/ModuleFinder;Ljava/lang/module/ModuleFinder;)Ljava/util/Set;+6 java.base@21.0.8
j  jdk.internal.module.ModuleBootstrap.boot2()Ljava/lang/ModuleLayer;+727 java.base@21.0.8
j  jdk.internal.module.ModuleBootstrap.boot()Ljava/lang/ModuleLayer;+64 java.base@21.0.8
j  java.lang.System.initPhase2(ZZ)I+0 java.base@21.0.8
v  ~StubRoutines::call_stub 0x00000223f755100d
invokestatic  184 invokestatic  [0x00000223f7574840, 0x00000223f7574bb8]  888 bytes
[MachCode]
  0x00000223f7574840: 4883 ec08 | c5fa 1104 | 24eb 1f48 | 83ec 10c5 | fb11 0424 | eb14 4883 | ec10 4889 | 0424 48c7 
  0x00000223f7574860: 4424 0800 | 0000 00eb | 0150 4c89 | 6dc0 410f | b755 0148 | 8b4d d0c1 | e202 8b5c | d138 c1eb 
  0x00000223f7574880: 1081 e3ff | 0000 0081 | fbb8 0000 | 000f 846b | 0100 00bb | b800 0000 | e805 0000 | 00e9 5001 
  0x00000223f75748a0: 0000 488b | d348 8d44 | 2408 4c89 | 6dc0 498b | cfc5 f877 | 4989 afa8 | 0300 0049 | 8987 9803 
  0x00000223f75748c0: 0000 4883 | ec20 40f6 | c40f 0f84 | 1900 0000 | 4883 ec08 | 48b8 008f | 4af7 fb7f | 0000 ffd0 
  0x00000223f75748e0: 4883 c408 | e90c 0000 | 0048 b800 | 8f4a f7fb | 7f00 00ff | d048 83c4 | 2049 c787 | 9803 0000 
  0x00000223f7574900: 0000 0000 | 49c7 87a8 | 0300 0000 | 0000 0049 | c787 a003 | 0000 0000 | 0000 c5f8 | 7741 8b8f 
  0x00000223f7574920: 2405 0000 | f6c1 010f | 8442 0000 | 00f6 c102 | 0f85 3900 | 0000 4883 | ec20 40f6 | c40f 0f84 
  0x00000223f7574940: 1900 0000 | 4883 ec08 | 48b8 f038 | 4af7 fb7f | 0000 ffd0 | 4883 c408 | e90c 0000 | 0048 b8f0 
  0x00000223f7574960: 384a f7fb | 7f00 00ff | d048 83c4 | 20ff e049 | 8b8f d005 | 0000 4885 | c90f 8455 | 0000 008b 
  0x00000223f7574980: 899c 0000 | 0083 f901 | 0f85 4600 | 0000 498b | 8fd0 0500 | 008b 89a0 | 0000 0048 | 83ec 2040 
  0x00000223f75749a0: f6c4 0f0f | 8419 0000 | 0048 83ec | 0848 b8e0 | 384a f7fb | 7f00 00ff | d048 83c4 | 08e9 0c00 
  0x00000223f75749c0: 0000 48b8 | e038 4af7 | fb7f 0000 | ffd0 4883 | c420 ffe0 | 4983 7f08 | 000f 8405 | 0000 00e9 
  0x00000223f75749e0: 1cc5 fdff | 4c8b 6dc0 | 4c8b 75c8 | 4e8d 74f5 | 00c3 410f | b755 0148 | 8b4d d0c1 | e202 488b 
  0x00000223f7574a00: 5cd1 4048 | 8b5b 0848 | 8b5b 0848 | 8b5b 1880 | bb31 0100 | 0004 0f84 | 0d00 0000 | 4c3b bb38 
  0x00000223f7574a20: 0100 000f | 856a feff | ff48 8b5c | d140 8b54 | d150 c1ea | 1c49 bad0 | a6d9 f7fb | 7f00 0049 
  0x00000223f7574a40: 8b14 d252 | 488b 45d8 | 4885 c00f | 8412 0000 | 0048 8340 | 0801 4883 | 5808 0048 | 83c0 1048 
  0x00000223f7574a60: 8945 d848 | 8b45 d848 | 85c0 0f84 | 2b01 0000 | 8078 f00a | 0f85 2101 | 0000 4883 | c008 4c8b 
  0x00000223f7574a80: 68f8 4183 | ed00 4183 | fd02 0f8c | 0001 0000 | 4c8b 6b08 | 450f b76d | 2e4c 2b28 | 4183 ed01 
  0x00000223f7574aa0: 4e8b 6cec | 084d 85ed | 750e f640 | 0801 754f | f048 8348 | 0801 eb47 | 458b 6d08 | 49c1 e503 
  0x00000223f7574ac0: 4d8b d54c | 3368 0849 | f7c5 fcff | ffff 742f | 41f6 c502 | 7529 4883 | 7808 0074 | 1e48 8378 
  0x00000223f7574ae0: 0801 7417 | 4d8b ea4c | 3368 0849 | f7c5 fcff | ffff 740b | 4883 4808 | 02eb 044c | 8968 0848 
  0x00000223f7574b00: 83c0 104c | 8b68 e841 | 83ed 0241 | 83fd 020f | 8c7b 0000 | 004c 8b6b | 0845 0fb7 | 6d2e 4c2b 
  0x00000223f7574b20: 2841 83ed | 014e 8b6c | ec08 4d85 | ed75 0ef6 | 4008 0175 | 4ff0 4883 | 4808 01eb | 4745 8b6d 
  0x00000223f7574b40: 0849 c1e5 | 034d 8bd5 | 4c33 6808 | 49f7 c5fc | ffff ff74 | 2f41 f6c5 | 0275 2948 | 8378 0800 
  0x00000223f7574b60: 741e 4883 | 7808 0174 | 174d 8bea | 4c33 6808 | 49f7 c5fc | ffff ff74 | 0b48 8348 | 0802 eb04 
  0x00000223f7574b80: 4c89 6808 | 4883 c010 | 4c8b 68d8 | 4183 ed04 | 41c1 e503 | 4903 c548 | 8945 d84c | 8d6c 2408 
  0x00000223f7574ba0: 4c89 6df0 | 4180 bfd8 | 0500 0000 | 7403 ff63 | 38ff 6350 | 0f1f 4000 
[/MachCode]

---------------  P R O C E S S  ---------------

Threads class SMR info:
_java_thread_list=0x00000223839c52b0, length=9, elements={
0x00000223efe84d60, 0x0000022383a10160, 0x0000022383a107c0, 0x00000223839fbec0,
0x00000223839fc520, 0x00000223839fef90, 0x0000022383a03600, 0x0000022383a05fa0,
0x0000022383a07650
}

Java Threads: ( => current thread )
=>0x00000223efe84d60 JavaThread "main"                              [_thread_in_vm, id=21036, stack(0x000000c88f300000,0x000000c88f400000) (1024K)]
  0x0000022383a10160 JavaThread "Reference Handler"          daemon [_thread_blocked, id=18696, stack(0x000000c88fb00000,0x000000c88fc00000) (1024K)]
  0x0000022383a107c0 JavaThread "Finalizer"                  daemon [_thread_blocked, id=5336, stack(0x000000c88fc00000,0x000000c88fd00000) (1024K)]
  0x00000223839fbec0 JavaThread "Signal Dispatcher"          daemon [_thread_blocked, id=10184, stack(0x000000c88fd00000,0x000000c88fe00000) (1024K)]
  0x00000223839fc520 JavaThread "Attach Listener"            daemon [_thread_blocked, id=21924, stack(0x000000c88fe00000,0x000000c88ff00000) (1024K)]
  0x00000223839fef90 JavaThread "Service Thread"             daemon [_thread_blocked, id=19444, stack(0x000000c88ff00000,0x000000c890000000) (1024K)]
  0x0000022383a03600 JavaThread "Monitor Deflation Thread"   daemon [_thread_blocked, id=18836, stack(0x000000c890000000,0x000000c890100000) (1024K)]
  0x0000022383a05fa0 JavaThread "C2 CompilerThread0"         daemon [_thread_blocked, id=37724, stack(0x000000c890100000,0x000000c890200000) (1024K)]
  0x0000022383a07650 JavaThread "C1 CompilerThread0"         daemon [_thread_blocked, id=27164, stack(0x000000c890200000,0x000000c890300000) (1024K)]
Total: 9

Other Threads:
  0x0000022383989b70 VMThread "VM Thread"                           [id=39484, stack(0x000000c88fa00000,0x000000c88fb00000) (1024K)]
  0x0000022383920d90 WatcherThread "VM Periodic Task Thread"        [id=34664, stack(0x000000c88f900000,0x000000c88fa00000) (1024K)]
  0x00000223efed0320 WorkerThread "GC Thread#0"                     [id=10192, stack(0x000000c88f400000,0x000000c88f500000) (1024K)]
  0x00000223efedcf40 ConcurrentGCThread "G1 Main Marker"            [id=25692, stack(0x000000c88f500000,0x000000c88f600000) (1024K)]
  0x00000223efedde10 WorkerThread "G1 Conc#0"                       [id=6852, stack(0x000000c88f600000,0x000000c88f700000) (1024K)]
  0x00000223eff56d20 ConcurrentGCThread "G1 Refine#0"               [id=11216, stack(0x000000c88f700000,0x000000c88f800000) (1024K)]
  0x00000223eff5a580 ConcurrentGCThread "G1 Service"                [id=10328, stack(0x000000c88f800000,0x000000c88f900000) (1024K)]
Total: 7

Threads with active compile tasks:
Total: 0

VM state: not at safepoint (normal execution)

VM Mutex/Monitor currently owned by a thread:  ([mutex/lock_event])
[0x00007ffbf7d887c8] Metaspace_lock - owner thread: 0x00000223efe84d60

Heap address: 0x00000000a1e00000, size: 1506 MB, Compressed Oops mode: 32-bit

CDS archive(s) not mapped
Compressed class space mapped at: 0x0000000100000000-0x0000000140000000, reserved size: 1073741824
Narrow klass base: 0x0000000000000000, Narrow klass shift: 3, Narrow klass range: 0x140000000

GC Precious Log:
 CardTable entry size: 512
 Card Set container configuration: InlinePtr #cards 5 size 8 Array Of Cards #cards 12 size 40 Howl #buckets 4 coarsen threshold 1843 Howl Bitmap #cards 512 size 80 coarsen threshold 460 Card regions per heap region 1 cards per card region 2048
 CPUs: 4 total, 4 available
 Memory: 6020M
 Large Page Support: Disabled
 NUMA Support: Disabled
 Compressed Oops: Enabled (32-bit)
 Heap Region Size: 1M
 Heap Min Capacity: 8M
 Heap Initial Capacity: 96M
 Heap Max Capacity: 1506M
 Pre-touch: Disabled
 Parallel Workers: 4
 Concurrent Workers: 1
 Concurrent Refinement Workers: 4
 Periodic GC: Disabled

Heap:
 garbage-first heap   total 98304K, used 1024K [0x00000000a1e00000, 0x0000000100000000)
  region size 1024K, 2 young (2048K), 0 survivors (0K)
 Metaspace       used 4568K, committed 4608K, reserved 1114112K
  class space    used 344K, committed 384K, reserved 1048576K

Heap Regions: E=young(eden), S=young(survivor), O=old, HS=humongous(starts), HC=humongous(continues), CS=collection set, F=free, TAMS=top-at-mark-start, PB=parsable bottom
|   0|0x00000000a1e00000, 0x00000000a1e00000, 0x00000000a1f00000|  0%| F|  |TAMS 0x00000000a1e00000| PB 0x00000000a1e00000| Untracked 
|   1|0x00000000a1f00000, 0x00000000a1f00000, 0x00000000a2000000|  0%| F|  |TAMS 0x00000000a1f00000| PB 0x00000000a1f00000| Untracked 
|   2|0x00000000a2000000, 0x00000000a2000000, 0x00000000a2100000|  0%| F|  |TAMS 0x00000000a2000000| PB 0x00000000a2000000| Untracked 
|   3|0x00000000a2100000, 0x00000000a2100000, 0x00000000a2200000|  0%| F|  |TAMS 0x00000000a2100000| PB 0x00000000a2100000| Untracked 
|   4|0x00000000a2200000, 0x00000000a2200000, 0x00000000a2300000|  0%| F|  |TAMS 0x00000000a2200000| PB 0x00000000a2200000| Untracked 
|   5|0x00000000a2300000, 0x00000000a2300000, 0x00000000a2400000|  0%| F|  |TAMS 0x00000000a2300000| PB 0x00000000a2300000| Untracked 
|   6|0x00000000a2400000, 0x00000000a2400000, 0x00000000a2500000|  0%| F|  |TAMS 0x00000000a2400000| PB 0x00000000a2400000| Untracked 
|   7|0x00000000a2500000, 0x00000000a2500000, 0x00000000a2600000|  0%| F|  |TAMS 0x00000000a2500000| PB 0x00000000a2500000| Untracked 
|   8|0x00000000a2600000, 0x00000000a2600000, 0x00000000a2700000|  0%| F|  |TAMS 0x00000000a2600000| PB 0x00000000a2600000| Untracked 
|   9|0x00000000a2700000, 0x00000000a2700000, 0x00000000a2800000|  0%| F|  |TAMS 0x00000000a2700000| PB 0x00000000a2700000| Untracked 
|  10|0x00000000a2800000, 0x00000000a2800000, 0x00000000a2900000|  0%| F|  |TAMS 0x00000000a2800000| PB 0x00000000a2800000| Untracked 
|  11|0x00000000a2900000, 0x00000000a2900000, 0x00000000a2a00000|  0%| F|  |TAMS 0x00000000a2900000| PB 0x00000000a2900000| Untracked 
|  12|0x00000000a2a00000, 0x00000000a2a00000, 0x00000000a2b00000|  0%| F|  |TAMS 0x00000000a2a00000| PB 0x00000000a2a00000| Untracked 
|  13|0x00000000a2b00000, 0x00000000a2b00000, 0x00000000a2c00000|  0%| F|  |TAMS 0x00000000a2b00000| PB 0x00000000a2b00000| Untracked 
|  14|0x00000000a2c00000, 0x00000000a2c00000, 0x00000000a2d00000|  0%| F|  |TAMS 0x00000000a2c00000| PB 0x00000000a2c00000| Untracked 
|  15|0x00000000a2d00000, 0x00000000a2d00000, 0x00000000a2e00000|  0%| F|  |TAMS 0x00000000a2d00000| PB 0x00000000a2d00000| Untracked 
|  16|0x00000000a2e00000, 0x00000000a2e00000, 0x00000000a2f00000|  0%| F|  |TAMS 0x00000000a2e00000| PB 0x00000000a2e00000| Untracked 
|  17|0x00000000a2f00000, 0x00000000a2f00000, 0x00000000a3000000|  0%| F|  |TAMS 0x00000000a2f00000| PB 0x00000000a2f00000| Untracked 
|  18|0x00000000a3000000, 0x00000000a3000000, 0x00000000a3100000|  0%| F|  |TAMS 0x00000000a3000000| PB 0x00000000a3000000| Untracked 
|  19|0x00000000a3100000, 0x00000000a3100000, 0x00000000a3200000|  0%| F|  |TAMS 0x00000000a3100000| PB 0x00000000a3100000| Untracked 
|  20|0x00000000a3200000, 0x00000000a3200000, 0x00000000a3300000|  0%| F|  |TAMS 0x00000000a3200000| PB 0x00000000a3200000| Untracked 
|  21|0x00000000a3300000, 0x00000000a3300000, 0x00000000a3400000|  0%| F|  |TAMS 0x00000000a3300000| PB 0x00000000a3300000| Untracked 
|  22|0x00000000a3400000, 0x00000000a3400000, 0x00000000a3500000|  0%| F|  |TAMS 0x00000000a3400000| PB 0x00000000a3400000| Untracked 
|  23|0x00000000a3500000, 0x00000000a3500000, 0x00000000a3600000|  0%| F|  |TAMS 0x00000000a3500000| PB 0x00000000a3500000| Untracked 
|  24|0x00000000a3600000, 0x00000000a3600000, 0x00000000a3700000|  0%| F|  |TAMS 0x00000000a3600000| PB 0x00000000a3600000| Untracked 
|  25|0x00000000a3700000, 0x00000000a3700000, 0x00000000a3800000|  0%| F|  |TAMS 0x00000000a3700000| PB 0x00000000a3700000| Untracked 
|  26|0x00000000a3800000, 0x00000000a3800000, 0x00000000a3900000|  0%| F|  |TAMS 0x00000000a3800000| PB 0x00000000a3800000| Untracked 
|  27|0x00000000a3900000, 0x00000000a3900000, 0x00000000a3a00000|  0%| F|  |TAMS 0x00000000a3900000| PB 0x00000000a3900000| Untracked 
|  28|0x00000000a3a00000, 0x00000000a3a00000, 0x00000000a3b00000|  0%| F|  |TAMS 0x00000000a3a00000| PB 0x00000000a3a00000| Untracked 
|  29|0x00000000a3b00000, 0x00000000a3b00000, 0x00000000a3c00000|  0%| F|  |TAMS 0x00000000a3b00000| PB 0x00000000a3b00000| Untracked 
|  30|0x00000000a3c00000, 0x00000000a3c00000, 0x00000000a3d00000|  0%| F|  |TAMS 0x00000000a3c00000| PB 0x00000000a3c00000| Untracked 
|  31|0x00000000a3d00000, 0x00000000a3d00000, 0x00000000a3e00000|  0%| F|  |TAMS 0x00000000a3d00000| PB 0x00000000a3d00000| Untracked 
|  32|0x00000000a3e00000, 0x00000000a3e00000, 0x00000000a3f00000|  0%| F|  |TAMS 0x00000000a3e00000| PB 0x00000000a3e00000| Untracked 
|  33|0x00000000a3f00000, 0x00000000a3f00000, 0x00000000a4000000|  0%| F|  |TAMS 0x00000000a3f00000| PB 0x00000000a3f00000| Untracked 
|  34|0x00000000a4000000, 0x00000000a4000000, 0x00000000a4100000|  0%| F|  |TAMS 0x00000000a4000000| PB 0x00000000a4000000| Untracked 
|  35|0x00000000a4100000, 0x00000000a4100000, 0x00000000a4200000|  0%| F|  |TAMS 0x00000000a4100000| PB 0x00000000a4100000| Untracked 
|  36|0x00000000a4200000, 0x00000000a4200000, 0x00000000a4300000|  0%| F|  |TAMS 0x00000000a4200000| PB 0x00000000a4200000| Untracked 
|  37|0x00000000a4300000, 0x00000000a4300000, 0x00000000a4400000|  0%| F|  |TAMS 0x00000000a4300000| PB 0x00000000a4300000| Untracked 
|  38|0x00000000a4400000, 0x00000000a4400000, 0x00000000a4500000|  0%| F|  |TAMS 0x00000000a4400000| PB 0x00000000a4400000| Untracked 
|  39|0x00000000a4500000, 0x00000000a4500000, 0x00000000a4600000|  0%| F|  |TAMS 0x00000000a4500000| PB 0x00000000a4500000| Untracked 
|  40|0x00000000a4600000, 0x00000000a4600000, 0x00000000a4700000|  0%| F|  |TAMS 0x00000000a4600000| PB 0x00000000a4600000| Untracked 
|  41|0x00000000a4700000, 0x00000000a4700000, 0x00000000a4800000|  0%| F|  |TAMS 0x00000000a4700000| PB 0x00000000a4700000| Untracked 
|  42|0x00000000a4800000, 0x00000000a4800000, 0x00000000a4900000|  0%| F|  |TAMS 0x00000000a4800000| PB 0x00000000a4800000| Untracked 
|  43|0x00000000a4900000, 0x00000000a4900000, 0x00000000a4a00000|  0%| F|  |TAMS 0x00000000a4900000| PB 0x00000000a4900000| Untracked 
|  44|0x00000000a4a00000, 0x00000000a4a00000, 0x00000000a4b00000|  0%| F|  |TAMS 0x00000000a4a00000| PB 0x00000000a4a00000| Untracked 
|  45|0x00000000a4b00000, 0x00000000a4b00000, 0x00000000a4c00000|  0%| F|  |TAMS 0x00000000a4b00000| PB 0x00000000a4b00000| Untracked 
|  46|0x00000000a4c00000, 0x00000000a4c00000, 0x00000000a4d00000|  0%| F|  |TAMS 0x00000000a4c00000| PB 0x00000000a4c00000| Untracked 
|  47|0x00000000a4d00000, 0x00000000a4d00000, 0x00000000a4e00000|  0%| F|  |TAMS 0x00000000a4d00000| PB 0x00000000a4d00000| Untracked 
|  48|0x00000000a4e00000, 0x00000000a4e00000, 0x00000000a4f00000|  0%| F|  |TAMS 0x00000000a4e00000| PB 0x00000000a4e00000| Untracked 
|  49|0x00000000a4f00000, 0x00000000a4f00000, 0x00000000a5000000|  0%| F|  |TAMS 0x00000000a4f00000| PB 0x00000000a4f00000| Untracked 
|  50|0x00000000a5000000, 0x00000000a5000000, 0x00000000a5100000|  0%| F|  |TAMS 0x00000000a5000000| PB 0x00000000a5000000| Untracked 
|  51|0x00000000a5100000, 0x00000000a5100000, 0x00000000a5200000|  0%| F|  |TAMS 0x00000000a5100000| PB 0x00000000a5100000| Untracked 
|  52|0x00000000a5200000, 0x00000000a5200000, 0x00000000a5300000|  0%| F|  |TAMS 0x00000000a5200000| PB 0x00000000a5200000| Untracked 
|  53|0x00000000a5300000, 0x00000000a5300000, 0x00000000a5400000|  0%| F|  |TAMS 0x00000000a5300000| PB 0x00000000a5300000| Untracked 
|  54|0x00000000a5400000, 0x00000000a5400000, 0x00000000a5500000|  0%| F|  |TAMS 0x00000000a5400000| PB 0x00000000a5400000| Untracked 
|  55|0x00000000a5500000, 0x00000000a5500000, 0x00000000a5600000|  0%| F|  |TAMS 0x00000000a5500000| PB 0x00000000a5500000| Untracked 
|  56|0x00000000a5600000, 0x00000000a5600000, 0x00000000a5700000|  0%| F|  |TAMS 0x00000000a5600000| PB 0x00000000a5600000| Untracked 
|  57|0x00000000a5700000, 0x00000000a5700000, 0x00000000a5800000|  0%| F|  |TAMS 0x00000000a5700000| PB 0x00000000a5700000| Untracked 
|  58|0x00000000a5800000, 0x00000000a5800000, 0x00000000a5900000|  0%| F|  |TAMS 0x00000000a5800000| PB 0x00000000a5800000| Untracked 
|  59|0x00000000a5900000, 0x00000000a5900000, 0x00000000a5a00000|  0%| F|  |TAMS 0x00000000a5900000| PB 0x00000000a5900000| Untracked 
|  60|0x00000000a5a00000, 0x00000000a5a00000, 0x00000000a5b00000|  0%| F|  |TAMS 0x00000000a5a00000| PB 0x00000000a5a00000| Untracked 
|  61|0x00000000a5b00000, 0x00000000a5b00000, 0x00000000a5c00000|  0%| F|  |TAMS 0x00000000a5b00000| PB 0x00000000a5b00000| Untracked 
|  62|0x00000000a5c00000, 0x00000000a5c00000, 0x00000000a5d00000|  0%| F|  |TAMS 0x00000000a5c00000| PB 0x00000000a5c00000| Untracked 
|  63|0x00000000a5d00000, 0x00000000a5d00000, 0x00000000a5e00000|  0%| F|  |TAMS 0x00000000a5d00000| PB 0x00000000a5d00000| Untracked 
|  64|0x00000000a5e00000, 0x00000000a5e00000, 0x00000000a5f00000|  0%| F|  |TAMS 0x00000000a5e00000| PB 0x00000000a5e00000| Untracked 
|  65|0x00000000a5f00000, 0x00000000a5f00000, 0x00000000a6000000|  0%| F|  |TAMS 0x00000000a5f00000| PB 0x00000000a5f00000| Untracked 
|  66|0x00000000a6000000, 0x00000000a6000000, 0x00000000a6100000|  0%| F|  |TAMS 0x00000000a6000000| PB 0x00000000a6000000| Untracked 
|  67|0x00000000a6100000, 0x00000000a6100000, 0x00000000a6200000|  0%| F|  |TAMS 0x00000000a6100000| PB 0x00000000a6100000| Untracked 
|  68|0x00000000a6200000, 0x00000000a6200000, 0x00000000a6300000|  0%| F|  |TAMS 0x00000000a6200000| PB 0x00000000a6200000| Untracked 
|  69|0x00000000a6300000, 0x00000000a6300000, 0x00000000a6400000|  0%| F|  |TAMS 0x00000000a6300000| PB 0x00000000a6300000| Untracked 
|  70|0x00000000a6400000, 0x00000000a6400000, 0x00000000a6500000|  0%| F|  |TAMS 0x00000000a6400000| PB 0x00000000a6400000| Untracked 
|  71|0x00000000a6500000, 0x00000000a6500000, 0x00000000a6600000|  0%| F|  |TAMS 0x00000000a6500000| PB 0x00000000a6500000| Untracked 
|  72|0x00000000a6600000, 0x00000000a6600000, 0x00000000a6700000|  0%| F|  |TAMS 0x00000000a6600000| PB 0x00000000a6600000| Untracked 
|  73|0x00000000a6700000, 0x00000000a6700000, 0x00000000a6800000|  0%| F|  |TAMS 0x00000000a6700000| PB 0x00000000a6700000| Untracked 
|  74|0x00000000a6800000, 0x00000000a6800000, 0x00000000a6900000|  0%| F|  |TAMS 0x00000000a6800000| PB 0x00000000a6800000| Untracked 
|  75|0x00000000a6900000, 0x00000000a6900000, 0x00000000a6a00000|  0%| F|  |TAMS 0x00000000a6900000| PB 0x00000000a6900000| Untracked 
|  76|0x00000000a6a00000, 0x00000000a6a00000, 0x00000000a6b00000|  0%| F|  |TAMS 0x00000000a6a00000| PB 0x00000000a6a00000| Untracked 
|  77|0x00000000a6b00000, 0x00000000a6b00000, 0x00000000a6c00000|  0%| F|  |TAMS 0x00000000a6b00000| PB 0x00000000a6b00000| Untracked 
|  78|0x00000000a6c00000, 0x00000000a6c00000, 0x00000000a6d00000|  0%| F|  |TAMS 0x00000000a6c00000| PB 0x00000000a6c00000| Untracked 
|  79|0x00000000a6d00000, 0x00000000a6d00000, 0x00000000a6e00000|  0%| F|  |TAMS 0x00000000a6d00000| PB 0x00000000a6d00000| Untracked 
|  80|0x00000000a6e00000, 0x00000000a6e00000, 0x00000000a6f00000|  0%| F|  |TAMS 0x00000000a6e00000| PB 0x00000000a6e00000| Untracked 
|  81|0x00000000a6f00000, 0x00000000a6f00000, 0x00000000a7000000|  0%| F|  |TAMS 0x00000000a6f00000| PB 0x00000000a6f00000| Untracked 
|  82|0x00000000a7000000, 0x00000000a7000000, 0x00000000a7100000|  0%| F|  |TAMS 0x00000000a7000000| PB 0x00000000a7000000| Untracked 
|  83|0x00000000a7100000, 0x00000000a7100000, 0x00000000a7200000|  0%| F|  |TAMS 0x00000000a7100000| PB 0x00000000a7100000| Untracked 
|  84|0x00000000a7200000, 0x00000000a7200000, 0x00000000a7300000|  0%| F|  |TAMS 0x00000000a7200000| PB 0x00000000a7200000| Untracked 
|  85|0x00000000a7300000, 0x00000000a7300000, 0x00000000a7400000|  0%| F|  |TAMS 0x00000000a7300000| PB 0x00000000a7300000| Untracked 
|  86|0x00000000a7400000, 0x00000000a7400000, 0x00000000a7500000|  0%| F|  |TAMS 0x00000000a7400000| PB 0x00000000a7400000| Untracked 
|  87|0x00000000a7500000, 0x00000000a7500000, 0x00000000a7600000|  0%| F|  |TAMS 0x00000000a7500000| PB 0x00000000a7500000| Untracked 
|  88|0x00000000a7600000, 0x00000000a7600000, 0x00000000a7700000|  0%| F|  |TAMS 0x00000000a7600000| PB 0x00000000a7600000| Untracked 
|  89|0x00000000a7700000, 0x00000000a7700000, 0x00000000a7800000|  0%| F|  |TAMS 0x00000000a7700000| PB 0x00000000a7700000| Untracked 
|  90|0x00000000a7800000, 0x00000000a7800000, 0x00000000a7900000|  0%| F|  |TAMS 0x00000000a7800000| PB 0x00000000a7800000| Untracked 
|  91|0x00000000a7900000, 0x00000000a7900000, 0x00000000a7a00000|  0%| F|  |TAMS 0x00000000a7900000| PB 0x00000000a7900000| Untracked 
|  92|0x00000000a7a00000, 0x00000000a7a00000, 0x00000000a7b00000|  0%| F|  |TAMS 0x00000000a7a00000| PB 0x00000000a7a00000| Untracked 
|  93|0x00000000a7b00000, 0x00000000a7b00000, 0x00000000a7c00000|  0%| F|  |TAMS 0x00000000a7b00000| PB 0x00000000a7b00000| Untracked 
|  94|0x00000000a7c00000, 0x00000000a7c85230, 0x00000000a7d00000| 52%| E|  |TAMS 0x00000000a7c00000| PB 0x00000000a7c00000| Complete 
|  95|0x00000000a7d00000, 0x00000000a7e00000, 0x00000000a7e00000|100%| E|CS|TAMS 0x00000000a7d00000| PB 0x00000000a7d00000| Complete 

Card table byte_map: [0x00000223ff940000,0x00000223ffc40000] _byte_map_base: 0x00000223ff431000

Marking Bits: (CMBitMap*) 0x00000223efed0a20
 Bits: [0x0000022380000000, 0x0000022381788000)

Polling page: 0x00000223e53a0000

Metaspace:

Usage:
  Non-class:      4.12 MB used.
      Class:    344.66 KB used.
       Both:      4.46 MB used.

Virtual space:
  Non-class space:       64.00 MB reserved,       4.12 MB (  6%) committed,  1 nodes.
      Class space:        1.00 GB reserved,     384.00 KB ( <1%) committed,  1 nodes.
             Both:        1.06 GB reserved,       4.50 MB ( <1%) committed. 

Chunk freelists:
   Non-Class:  11.00 MB
       Class:  15.62 MB
        Both:  26.62 MB

MaxMetaspaceSize: unlimited
CompressedClassSpaceSize: 1.00 GB
Initial GC threshold: 21.00 MB
Current GC threshold: 21.00 MB
CDS: off
 - commit_granule_bytes: 65536.
 - commit_granule_words: 8192.
 - virtual_space_node_default_size: 8388608.
 - enlarge_chunks_in_place: 1.
 - use_allocation_guard: 0.


Internal statistics:

num_allocs_failed_limit: 0.
num_arena_births: 2.
num_arena_deaths: 0.
num_vsnodes_births: 2.
num_vsnodes_deaths: 0.
num_space_committed: 72.
num_space_uncommitted: 0.
num_chunks_returned_to_freelist: 0.
num_chunks_taken_from_freelist: 5.
num_chunk_merges: 0.
num_chunk_splits: 3.
num_chunks_enlarged: 0.
num_inconsistent_stats: 0.

CodeHeap 'non-profiled nmethods': size=120000Kb used=13Kb max_used=13Kb free=119986Kb
 bounds [0x00000223f7af0000, 0x00000223f7d60000, 0x00000223ff020000]
CodeHeap 'profiled nmethods': size=120000Kb used=70Kb max_used=70Kb free=119929Kb
 bounds [0x00000223f0020000, 0x00000223f0290000, 0x00000223f7550000]
CodeHeap 'non-nmethods': size=5760Kb used=1262Kb max_used=1262Kb free=4498Kb
 bounds [0x00000223f7550000, 0x00000223f77c0000, 0x00000223f7af0000]
CodeCache: size=245760Kb, used=1345Kb, max_used=1345Kb, free=244413Kb
 total_blobs=383, nmethods=55, adapters=233, full_count=0
Compilation: enabled, stopped_count=0, restarted_count=0

Compilation events (20 events):
Event: 0.847 Thread 0x0000022383a07650   42       3       java.lang.String::getBytes (44 bytes)
Event: 0.848 Thread 0x0000022383a07650 nmethod 42 0x00000223f002cb10 code [0x00000223f002cce0, 0x00000223f002cff8]
Event: 0.851 Thread 0x0000022383a07650   43       3       java.lang.String::indexOf (37 bytes)
Event: 0.852 Thread 0x0000022383a07650 nmethod 43 0x00000223f002d290 code [0x00000223f002d4a0, 0x00000223f002d950]
Event: 0.852 Thread 0x0000022383a07650   44       3       java.lang.StringLatin1::indexOf (37 bytes)
Event: 0.852 Thread 0x0000022383a07650 nmethod 44 0x00000223f002dd10 code [0x00000223f002df00, 0x00000223f002e3f8]
Event: 0.852 Thread 0x0000022383a07650   45       3       java.lang.String::indexOf (7 bytes)
Event: 0.853 Thread 0x0000022383a07650 nmethod 45 0x00000223f002e790 code [0x00000223f002e940, 0x00000223f002ea98]
Event: 0.876 Thread 0x0000022383a07650   47       3       java.util.ImmutableCollections$SetN$SetNIterator::hasNext (13 bytes)
Event: 0.876 Thread 0x0000022383a07650 nmethod 47 0x00000223f002eb90 code [0x00000223f002ed20, 0x00000223f002ee80]
Event: 0.877 Thread 0x0000022383a07650   50       3       java.util.concurrent.ConcurrentHashMap::tabAt (22 bytes)
Event: 0.877 Thread 0x0000022383a07650 nmethod 50 0x00000223f002ef90 code [0x00000223f002f140, 0x00000223f002f410]
Event: 0.877 Thread 0x0000022383a07650   51       3       jdk.internal.misc.Unsafe::getReferenceAcquire (7 bytes)
Event: 0.877 Thread 0x0000022383a07650 nmethod 51 0x00000223f002f510 code [0x00000223f002f6a0, 0x00000223f002f800]
Event: 0.877 Thread 0x0000022383a07650   52       3       java.util.concurrent.ConcurrentHashMap::spread (10 bytes)
Event: 0.877 Thread 0x0000022383a07650 nmethod 52 0x00000223f002f890 code [0x00000223f002fa20, 0x00000223f002fb18]
Event: 0.877 Thread 0x0000022383a07650   53       3       java.util.concurrent.ConcurrentHashMap::addCount (280 bytes)
Event: 0.879 Thread 0x0000022383a07650 nmethod 53 0x00000223f002fb90 code [0x00000223f002fe00, 0x00000223f00307d0]
Event: 0.879 Thread 0x0000022383a07650   54       3       java.util.ImmutableCollections$SetN$SetNIterator::next (90 bytes)
Event: 0.879 Thread 0x0000022383a07650 nmethod 54 0x00000223f0031090 code [0x00000223f0031260, 0x00000223f0031560]

GC Heap History (0 events):
No events

Dll operation events (3 events):
Event: 0.207 Loaded shared library C:\Users\LENOVO\.jdks\ms-21.0.8\bin\java.dll
Event: 0.214 Loaded shared library C:\Users\LENOVO\.jdks\ms-21.0.8\bin\zip.dll
Event: 0.594 Loaded shared library C:\Users\LENOVO\.jdks\ms-21.0.8\bin\jsvml.dll

Deoptimization events (0 events):
No events

Classes loaded (20 events):
Event: 0.895 Loading class sun/invoke/util/Wrapper$Format done
Event: 0.896 Loading class java/lang/Void
Event: 0.896 Loading class java/lang/Void done
Event: 0.896 Loading class java/lang/invoke/DirectMethodHandle$Holder
Event: 0.897 Loading class java/lang/invoke/DirectMethodHandle$Holder done
Event: 0.897 Loading class sun/invoke/util/ValueConversions
Event: 0.898 Loading class sun/invoke/util/ValueConversions done
Event: 0.898 Loading class java/lang/invoke/Invokers
Event: 0.899 Loading class java/lang/invoke/Invokers done
Event: 0.899 Loading class java/lang/invoke/LambdaForm$Kind
Event: 0.899 Loading class java/lang/invoke/LambdaForm$Kind done
Event: 0.900 Loading class java/lang/invoke/LambdaForm$BasicType
Event: 0.901 Loading class java/lang/invoke/LambdaForm$BasicType done
Event: 0.901 Loading class java/lang/reflect/Array
Event: 0.901 Loading class java/lang/reflect/Array done
Event: 0.902 Loading class java/lang/invoke/LambdaForm$Name
Event: 0.902 Loading class java/lang/invoke/LambdaForm$Name done
Event: 0.902 Loading class java/lang/invoke/LambdaForm$Holder
Event: 0.903 Loading class java/lang/invoke/LambdaForm$Holder done
Event: 0.903 Loading class java/lang/invoke/InvokerBytecodeGenerator

Classes unloaded (0 events):
No events

Classes redefined (0 events):
No events

Internal exceptions (0 events):
No events

ZGC Phase Switch (0 events):
No events

VM Operations (0 events):
No events

Memory protections (0 events):
No events

Nmethod flushes (0 events):
No events

Events (9 events):
Event: 0.246 Thread 0x00000223efe84d60 Thread added: 0x00000223efe84d60
Event: 0.584 Thread 0x00000223efe84d60 Thread added: 0x0000022383a10160
Event: 0.584 Thread 0x00000223efe84d60 Thread added: 0x0000022383a107c0
Event: 0.587 Thread 0x00000223efe84d60 Thread added: 0x00000223839fbec0
Event: 0.588 Thread 0x00000223efe84d60 Thread added: 0x00000223839fc520
Event: 0.588 Thread 0x00000223efe84d60 Thread added: 0x00000223839fef90
Event: 0.588 Thread 0x00000223efe84d60 Thread added: 0x0000022383a03600
Event: 0.588 Thread 0x00000223efe84d60 Thread added: 0x0000022383a05fa0
Event: 0.600 Thread 0x00000223efe84d60 Thread added: 0x0000022383a07650


Dynamic libraries:
0x00007ff6adf30000 - 0x00007ff6adf3e000 	C:\Users\LENOVO\.jdks\ms-21.0.8\bin\java.exe
0x00007ffc45970000 - 0x00007ffc45b87000 	C:\WINDOWS\SYSTEM32\ntdll.dll
0x00007ffc44a90000 - 0x00007ffc44b54000 	C:\WINDOWS\System32\KERNEL32.DLL
0x00007ffc42e50000 - 0x00007ffc43220000 	C:\WINDOWS\System32\KERNELBASE.dll
0x00007ffc42cd0000 - 0x00007ffc42de1000 	C:\WINDOWS\System32\ucrtbase.dll
0x00007ffc34f20000 - 0x00007ffc34f38000 	C:\Users\LENOVO\.jdks\ms-21.0.8\bin\jli.dll
0x00007ffc44f60000 - 0x00007ffc45111000 	C:\WINDOWS\System32\USER32.dll
0x00007ffc42df0000 - 0x00007ffc42e16000 	C:\WINDOWS\System32\win32u.dll
0x00007ffc45200000 - 0x00007ffc45229000 	C:\WINDOWS\System32\GDI32.dll
0x00007ffc43450000 - 0x00007ffc43573000 	C:\WINDOWS\System32\gdi32full.dll
0x00007ffc42a70000 - 0x00007ffc42b0a000 	C:\WINDOWS\System32\msvcp_win.dll
0x00007ffc34f00000 - 0x00007ffc34f1e000 	C:\Users\LENOVO\.jdks\ms-21.0.8\bin\VCRUNTIME140.dll
0x00007ffc32760000 - 0x00007ffc329fc000 	C:\WINDOWS\WinSxS\amd64_microsoft.windows.common-controls_6595b64144ccf1df_6.0.22621.5840_none_2710ea077384a4fe\COMCTL32.dll
0x00007ffc43a60000 - 0x00007ffc43b07000 	C:\WINDOWS\System32\msvcrt.dll
0x00007ffc44b60000 - 0x00007ffc44b91000 	C:\WINDOWS\System32\IMM32.DLL
0x00007ffc33690000 - 0x00007ffc3369c000 	C:\Users\LENOVO\.jdks\ms-21.0.8\bin\vcruntime140_1.dll
0x00007ffc289e0000 - 0x00007ffc28a69000 	C:\Users\LENOVO\.jdks\ms-21.0.8\bin\msvcp140.dll
0x00007ffbf70c0000 - 0x00007ffbf7e6c000 	C:\Users\LENOVO\.jdks\ms-21.0.8\bin\server\jvm.dll
0x00007ffc45230000 - 0x00007ffc452e1000 	C:\WINDOWS\System32\ADVAPI32.dll
0x00007ffc43d70000 - 0x00007ffc43e18000 	C:\WINDOWS\System32\sechost.dll
0x00007ffc42e20000 - 0x00007ffc42e48000 	C:\WINDOWS\System32\bcrypt.dll
0x00007ffc44970000 - 0x00007ffc44a88000 	C:\WINDOWS\System32\RPCRT4.dll
0x00007ffc43cf0000 - 0x00007ffc43d61000 	C:\WINDOWS\System32\WS2_32.dll
0x00007ffc40440000 - 0x00007ffc40474000 	C:\WINDOWS\SYSTEM32\WINMM.dll
0x00007ffc42940000 - 0x00007ffc4298d000 	C:\WINDOWS\SYSTEM32\POWRPROF.dll
0x00007ffc398c0000 - 0x00007ffc398ca000 	C:\WINDOWS\SYSTEM32\VERSION.dll
0x00007ffc42920000 - 0x00007ffc42933000 	C:\WINDOWS\SYSTEM32\UMPDC.dll
0x00007ffc41a40000 - 0x00007ffc41a58000 	C:\WINDOWS\SYSTEM32\kernel.appcore.dll
0x00007ffc335c0000 - 0x00007ffc335ca000 	C:\Users\LENOVO\.jdks\ms-21.0.8\bin\jimage.dll
0x00007ffc401a0000 - 0x00007ffc403d3000 	C:\WINDOWS\SYSTEM32\DBGHELP.DLL
0x00007ffc44ba0000 - 0x00007ffc44f31000 	C:\WINDOWS\System32\combase.dll
0x00007ffc43710000 - 0x00007ffc437e8000 	C:\WINDOWS\System32\OLEAUT32.dll
0x00007ffc40400000 - 0x00007ffc40432000 	C:\WINDOWS\SYSTEM32\dbgcore.DLL
0x00007ffc43580000 - 0x00007ffc435fb000 	C:\WINDOWS\System32\bcryptPrimitives.dll
0x00007ffc28e70000 - 0x00007ffc28eac000 	C:\Users\LENOVO\.jdks\ms-21.0.8\bin\jdwp.dll
0x00007ffc31030000 - 0x00007ffc31040000 	C:\Users\LENOVO\.jdks\ms-21.0.8\bin\instrument.dll
0x00007ffc31170000 - 0x00007ffc31191000 	C:\Users\LENOVO\.jdks\ms-21.0.8\bin\java.dll
0x00007ffc004c0000 - 0x00007ffc006d1000 	C:\Users\LENOVO\AppData\Local\Temp\idea_libasyncProfiler_dll_temp_folder235\libasyncProfiler.dll
0x00007ffc2b960000 - 0x00007ffc2b978000 	C:\Users\LENOVO\.jdks\ms-21.0.8\bin\zip.dll
0x00007ffc43e90000 - 0x00007ffc44731000 	C:\WINDOWS\System32\SHELL32.dll
0x00007ffc42b10000 - 0x00007ffc42c4f000 	C:\WINDOWS\System32\wintypes.dll
0x00007ffc40940000 - 0x00007ffc4125a000 	C:\WINDOWS\SYSTEM32\windows.storage.dll
0x00007ffc43600000 - 0x00007ffc4370a000 	C:\WINDOWS\System32\SHCORE.dll
0x00007ffc43e20000 - 0x00007ffc43e89000 	C:\WINDOWS\System32\shlwapi.dll
0x00007ffc429a0000 - 0x00007ffc429c5000 	C:\WINDOWS\SYSTEM32\profapi.dll
0x00007ffc0a5b0000 - 0x00007ffc0a686000 	C:\Users\LENOVO\.jdks\ms-21.0.8\bin\jsvml.dll

JVMTI agents:
jdwp path:none, loaded, not initialized, options:transport=dt_socket,address=127.0.0.1:59644,suspend=y,server=n
C:\Users\LENOVO\AppData\Local\JetBrains\IdeaIC2025.2\captureAgent\debugger-agent.jar path:none, loaded, not initialized, instrumentlib options:file:///C:/Users/LENOVO/AppData/Local/Temp/capture2115948002461685180.props
C:\Users\LENOVO\AppData\Local\Temp\idea_libasyncProfiler_dll_temp_folder235\libasyncProfiler.dll path:none, loaded, not initialized, options:version,jfr,event=wall,interval=10ms,cstack=no,file=C:\Users\LENOVO\IdeaSnapshots\Application_2025_10_24_151408.jfr,dbghelppath=C:\Users\LENOVO\AppData\Local\Temp\idea_dbghelp_dll_temp_folder7\dbghelp.dll,log=C:\Users\LENOVO\AppData\Local\Temp\Application_2025_10_24_151408.jfr.log.txt,logLevel=DEBUG

dbghelp: loaded successfully - version: 4.0.5 - missing functions: none
symbol engine: initialized successfully - sym options: 0x614 - pdb path: .;C:\Users\LENOVO\.jdks\ms-21.0.8\bin;C:\WINDOWS\SYSTEM32;C:\WINDOWS\WinSxS\amd64_microsoft.windows.common-controls_6595b64144ccf1df_6.0.22621.5840_none_2710ea077384a4fe;C:\Users\LENOVO\.jdks\ms-21.0.8\bin\server;C:\Users\LENOVO\AppData\Local\Temp\idea_libasyncProfiler_dll_temp_folder235

VM Arguments:
jvm_args: -agentlib:jdwp=transport=dt_socket,address=127.0.0.1:59644,suspend=y,server=n -javaagent:C:\Users\LENOVO\AppData\Local\JetBrains\IdeaIC2025.2\captureAgent\debugger-agent.jar=file:///C:/Users/LENOVO/AppData/Local/Temp/capture2115948002461685180.props -agentpath:C:\Users\LENOVO\AppData\Local\Temp\idea_libasyncProfiler_dll_temp_folder235\libasyncProfiler.dll=version,jfr,event=wall,interval=10ms,cstack=no,file=C:\Users\LENOVO\IdeaSnapshots\Application_2025_10_24_151408.jfr,dbghelppath=C:\Users\LENOVO\AppData\Local\Temp\idea_dbghelp_dll_temp_folder7\dbghelp.dll,log=C:\Users\LENOVO\AppData\Local\Temp\Application_2025_10_24_151408.jfr.log.txt,logLevel=DEBUG -Dkotlinx.coroutines.debug.enable.creation.stack.trace=false -Ddebugger.agent.enable.coroutines=true -Dkotlinx.coroutines.debug.enable.flows.stack.trace=true -Dkotlinx.coroutines.debug.enable.mutable.state.flows.stack.trace=true -Dfile.encoding=UTF-8 -Dsun.stdout.encoding=UTF-8 -Dsun.stderr.encoding=UTF-8 
java_command: com.example.demo.Java1.Application
java_class_path (initial): C:\Users\LENOVO\Desktop\demo.Java1\target\classes;C:\Users\LENOVO\.m2\repository\org\springframework\boot\spring-boot-starter-web\3.4.9-SNAPSHOT\spring-boot-starter-web-3.4.9-20250821.055224-57.jar;C:\Users\LENOVO\.m2\repository\org\springframework\boot\spring-boot-starter\3.4.9-SNAPSHOT\spring-boot-starter-3.4.9-20250821.055224-57.jar;C:\Users\LENOVO\.m2\repository\org\springframework\boot\spring-boot\3.4.9-SNAPSHOT\spring-boot-3.4.9-20250821.055224-57.jar;C:\Users\LENOVO\.m2\repository\org\springframework\boot\spring-boot-autoconfigure\3.4.9-SNAPSHOT\spring-boot-autoconfigure-3.4.9-20250821.055224-57.jar;C:\Users\LENOVO\.m2\repository\org\springframework\boot\spring-boot-starter-logging\3.4.9-SNAPSHOT\spring-boot-starter-logging-3.4.9-20250821.055224-57.jar;C:\Users\LENOVO\.m2\repository\ch\qos\logback\logback-classic\1.5.18\logback-classic-1.5.18.jar;C:\Users\LENOVO\.m2\repository\ch\qos\logback\logback-core\1.5.18\logback-core-1.5.18.jar;C:\Users\LENOVO\.m2\repository\org\apache\logging\log4j\log4j-to-slf4j\2.24.3\log4j-to-slf4j-2.24.3.jar;C:\Users\LENOVO\.m2\repository\org\apache\logging\log4j\log4j-api\2.24.3\log4j-api-2.24.3.jar;C:\Users\LENOVO\.m2\repository\org\slf4j\jul-to-slf4j\2.0.17\jul-to-slf4j-2.0.17.jar;C:\Users\LENOVO\.m2\repository\jakarta\annotation\jakarta.annotation-api\2.1.1\jakarta.annotation-api-2.1.1.jar;C:\Users\LENOVO\.m2\repository\org\yaml\snakeyaml\2.3\snakeyaml-2.3.jar;C:\Users\LENOVO\.m2\repository\org\springframework\boot\spring-boot-starter-json\3.4.9-SNAPSHOT\spring-boot-starter-json-3.4.9-20250821.055224-57.jar;C:\Users\LENOVO\.m2\repository\com\fasterxml\jackson\datatype\jackson-datatype-jdk8\2.18.4\jackson-datatype-jdk8-2.18.4.jar;C:\Users\LENOVO\.m2\repository\com\fasterxml\jackson\datatype\jackson-datatype-jsr310\2.18.4\jackson-datatype-jsr310-2.18.4.jar;C:\Users\LENOVO\.m2\repository\com\fasterxml\jackson\module\jackson-module-parameter-names\2.18.4\jackson-module-parameter-names-2.18.4.jar;C:\Users\LENOVO\.m2\repository\org\springframework\boot\spring-boot-starter-tomcat\3.4.9-SNAPSHOT\spring-boot-starter-tomcat-3.4.9-20250821.055224-57.jar;C:\Users\LENOVO\.m2\repository\org\apache\tomcat\embed\tomcat-embed-core\10.1.44\tomcat-embed-core-10.1.44.jar;C:\Users\LENOVO\.m2\repository\org\apache\tomcat\embed\tomcat-embed-el\10.1.44\tomcat-embed-el-10.1.44.jar;C:\Users\LENOVO\.m2\repository\org\apache\tomcat\embed\tomcat-embed-websocket\10.1.44\tomcat-embed-websocket-10.1.44.jar;C:\Users\LENOVO\.m2\repository\org\springframework\spring-web\6.2.10\spring-web-6.2.10.jar;C:\Users\LENOVO\.m2\repository\org\springframework\spring-beans\6.2.10\spring-beans-6.2.10.jar;C:\Users\LENOVO\.m2\repository\io\micrometer\micrometer-observation\1.14.10\micrometer-observation-1.14.10.jar;C:\Users\LENOVO\.m2\repository\io\micrometer\micrometer-commons\1.14.10\micrometer-commons-1.14.10.jar;C:\Users\LENOVO\.m2\repository\org\springframework\spring-webmvc\6.2.10\spring-webmvc-6.2.10.jar;C:\Users\LENOVO\.m2\repository\org\springframework\spring-context\6.2.10\spring-context-6.2.10.jar;C:\Users\LENOVO\.m2\repository\org\springframework\spring-expression\6.2.10\spring-expression-6.2.10.jar;C:\Users\LENOVO\.m2\repository\org\springframework\boot\spring-boot-starter-jdbc\3.4.9-SNAPSHOT\spring-boot-starter-jdbc-3.4.9-20250821.055224-57.jar;C:\Users\LENOVO\.m2\repository\com\zaxxer\HikariCP\5.1.0\HikariCP-5.1.0.jar;C:\Users\LENOVO\.m2\repository\org\slf4j\slf4j-api\2.0.17\slf4j-api-2.0.17.jar;C:\Users\LENOVO\.m2\repository\org\springframework\spring-jdbc\6.2.10\spring-jdbc-6.2.10.jar;C:\Users\LENOVO\.m2\repository\org\springframework\spring-tx\6.2.10\spring-tx-6.2.10.jar;C:\Users\LENOVO\.m2\repository\com\mysql\mysql-connector-j\9.4.0\mysql-connector-j-9.4.0.jar;C:\Users\LENOVO\.m2\repository\org\springframework\spring-core\6.2.10\spring-core-6.2.10.jar;C:\Users\LENOVO\.m2\repository\org\springframework\spring-jcl\6.2.10\spring-jcl-6.2.10.jar;C:\Users\LENOVO\.m2\repository\io\jsonwebtoken\jjwt-api\0.11.5\jjwt-api-0.11.5.jar;C:\Users\LENOVO\.m2\repository\io\jsonwebtoken\jjwt-impl\0.11.5\jjwt-impl-0.11.5.jar;C:\Users\LENOVO\.m2\repository\io\jsonwebtoken\jjwt-jackson\0.11.5\jjwt-jackson-0.11.5.jar;C:\Users\LENOVO\.m2\repository\com\fasterxml\jackson\core\jackson-databind\2.18.4\jackson-databind-2.18.4.jar;C:\Users\LENOVO\.m2\repository\com\fasterxml\jackson\core\jackson-annotations\2.18.4\jackson-annotations-2.18.4.jar;C:\Users\LENOVO\.m2\repository\com\fasterxml\jackson\core\jackson-core\2.18.4.1\jackson-core-2.18.4.1.jar;C:\Users\LENOVO\.m2\repository\org\springframework\boot\spring-boot-starter-security\3.4.9-SNAPSHOT\spring-boot-starter-security-3.4.9-20250821.055224-57.jar;C:\Users\LENOVO\.m2\repository\org\springframework\spring-aop\6.2.10\spring-aop-6.2.10.jar;C:\Users\LENOVO\.m2\repository\org\springframework\security\spring-security-config\6.4.9\spring-security-config-6.4.9.jar;C:\Users\LENOVO\.m2\repository\org\springframework\security\spring-security-core\6.4.9\spring-security-core-6.4.9.jar;C:\Users\LENOVO\.m2\repository\org\springframework\security\spring-security-crypto\6.4.9\spring-security-crypto-6.4.9.jar;C:\Users\LENOVO\.m2\repository\org\springframework\security\spring-security-web\6.4.9\spring-security-web-6.4.9.jar;C:\Program Files\JetBrains\IntelliJ IDEA Community Edition 2025.2.1\lib\idea_rt.jar
Launcher Type: SUN_STANDARD

[Global flags]
     intx CICompilerCount                          = 3                                         {product} {ergonomic}
     uint ConcGCThreads                            = 1                                         {product} {ergonomic}
     uint G1ConcRefinementThreads                  = 4                                         {product} {ergonomic}
   size_t G1HeapRegionSize                         = 1048576                                   {product} {ergonomic}
    uintx GCDrainStackTargetSize                   = 64                                        {product} {ergonomic}
   size_t InitialHeapSize                          = 100663296                                 {product} {ergonomic}
   size_t MarkStackSize                            = 4194304                                   {product} {ergonomic}
   size_t MaxHeapSize                              = 1579155456                                {product} {ergonomic}
   size_t MaxNewSize                               = 946864128                                 {product} {ergonomic}
   size_t MinHeapDeltaBytes                        = 1048576                                   {product} {ergonomic}
   size_t MinHeapSize                              = 8388608                                   {product} {ergonomic}
    uintx NonNMethodCodeHeapSize                   = 5832780                                {pd product} {ergonomic}
    uintx NonProfiledCodeHeapSize                  = 122912730                              {pd product} {ergonomic}
    uintx ProfiledCodeHeapSize                     = 122912730                              {pd product} {ergonomic}
    uintx ReservedCodeCacheSize                    = 251658240                              {pd product} {ergonomic}
     bool SegmentedCodeCache                       = true                                      {product} {ergonomic}
   size_t SoftMaxHeapSize                          = 1579155456                             {manageable} {ergonomic}
     bool UseCompressedOops                        = true                           {product lp64_product} {ergonomic}
     bool UseG1GC                                  = true                                      {product} {ergonomic}
     bool UseLargePagesIndividualAllocation        = false                                  {pd product} {ergonomic}

Logging:
Log output configuration:
 #0: stdout all=warning uptime,level,tags foldmultilines=false
 #1: stderr all=off uptime,level,tags foldmultilines=false

Environment Variables:
PATH=C:\xampp\php;C:\Users\LENOVO\Downloads\php-8.4.12-nts-Win32-vs17-x64\;C:\Program Files\Eclipse Adoptium\jdk-21.0.5.11-hotspot\bin;C:\WINDOWS\system32;C:\WINDOWS;C:\WINDOWS\System32\Wbem;C:\WINDOWS\System32\WindowsPowerShell\v1.0\;C:\WINDOWS\System32\OpenSSH\;C:\Program Files (x86)\Microsoft SQL Server\160\Tools\Binn\;C:\Program Files\Microsoft SQL Server\160\Tools\Binn\;C:\Program Files\Microsoft SQL Server\Client SDK\ODBC\170\Tools\Binn\;C:\Program Files\Microsoft SQL Server\160\DTS\Binn\;C:\Program Files (x86)\Microsoft SQL Server\160\DTS\Binn\;C:\Program Files\Git\cmd;C:\Users\LENOVO\AppData\Local\Programs\Python\Python313\Scripts\;C:\Users\LENOVO\AppData\Local\Programs\Python\Python313\;C:\Users\LENOVO\AppData\Local\Programs\Python\Python313\python.exe;C:\Users\LENOVO\AppData\Local\Programs\Python\Python313\python.exe -m pydoc -b;C:\Users\LENOVO\AppData\Local\Programs\Python\Launcher\;C:\Users\LENOVO\AppData\Local\Programs\Python\Launcher\Scripts;C:\Users\LENOVO\AppData\Local\Microsoft\WindowsApps;C:\Users\LENOVO\AppData\Local\spicetify;C:\Users\LENOVO\AppData\Local\Programs\Microsoft VS Code\bin;
USERNAME=LENOVO
OS=Windows_NT
PROCESSOR_IDENTIFIER=AMD64 Family 23 Model 24 Stepping 1, AuthenticAMD
TMP=C:\Users\LENOVO\AppData\Local\Temp
TEMP=C:\Users\LENOVO\AppData\Local\Temp




Periodic native trim disabled

---------------  S Y S T E M  ---------------

OS:
 Windows 11 , 64 bit Build 22621 (10.0.22621.5415)
OS uptime: 7 days 0:41 hours

CPU: total 4 (initial active 4) (4 cores per cpu, 2 threads per core) family 23 model 24 stepping 1 microcode 0x0, cx8, cmov, fxsr, ht, mmx, 3dnowpref, sse, sse2, sse3, ssse3, sse4a, sse4.1, sse4.2, popcnt, lzcnt, tsc, tscinvbit, avx, avx2, aes, clmul, bmi1, bmi2, adx, sha, fma, vzeroupper, clflush, clflushopt, rdtscp, f16c
Processor Information for the first 4 processors :
  Max Mhz: 2400, Current Mhz: 2400, Mhz Limit: 2400

Memory: 4k page, system-wide physical 6020M (88M free)
TotalPageFile size 18308M (AvailPageFile size 0M)
current process WorkingSet (physical memory assigned to process): 29M, peak: 29M
current process commit charge ("private bytes"): 170M, peak: 170M

vm_info: OpenJDK 64-Bit Server VM (21.0.8+9-LTS) for windows-amd64 JRE (21.0.8+9-LTS), built on 2025-07-10T20:22:44Z by "MicrosoftCorporation" with unknown MS VC++:1944

END.
