#
# There is insufficient memory for the Java Runtime Environment to continue.
# Native memory allocation (malloc) failed to allocate 32744 bytes. Error detail: Chunk::new
# Possible reasons:
#   The system is out of physical RAM or swap space
#   This process is running with CompressedOops enabled, and the Java Heap may be blocking the growth of the native heap
# Possible solutions:
#   Reduce memory load on the system
#   Increase physical memory or swap space
#   Check if swap backing store is full
#   Decrease Java heap size (-Xmx/-Xms)
#   Decrease number of Java threads
#   Decrease Java thread stack sizes (-Xss)
#   Set larger code cache with -XX:ReservedCodeCacheSize=
#   JVM is running with Unscaled Compressed Oops mode in which the Java heap is
#     placed in the first 4GB address space. The Java Heap base address is the
#     maximum limit for the native heap growth. Please use -XX:HeapBaseMinAddress
#     to set the Java Heap base and to place the Java Heap above 4GB virtual address.
# This output file may be truncated or incomplete.
#
#  Out of Memory Error (arena.cpp:168), pid=9208, tid=6440
#
# JRE version: OpenJDK Runtime Environment Microsoft-11933218 (21.0.8+9) (build 21.0.8+9-LTS)
# Java VM: OpenJDK 64-Bit Server VM Microsoft-11933218 (21.0.8+9-LTS, mixed mode, sharing, tiered, compressed oops, compressed class ptrs, g1 gc, windows-amd64)
# No core dump will be written. Minidumps are not enabled by default on client versions of Windows
#

---------------  S U M M A R Y ------------

Command Line: -javaagent:C:\Program Files\JetBrains\IntelliJ IDEA Community Edition 2025.2.1\lib\idea_rt.jar=60820 -Dfile.encoding=UTF-8 -Dsun.stdout.encoding=UTF-8 -Dsun.stderr.encoding=UTF-8 com.example.demo.Java1.Application

Host: AMD Athlon Gold 3150U with Radeon Graphics     , 4 cores, 5G,  Windows 11 , 64 bit Build 22621 (10.0.22621.5415)
Time: Thu Sep 25 14:27:02 2025 Hora est. Pacífico, Sudamérica elapsed time: 694.584076 seconds (0d 0h 11m 34s)

---------------  T H R E A D  ---------------

Current thread (0x000001e051021cf0):  JavaThread "C2 CompilerThread0" daemon [_thread_in_native, id=6440, stack(0x000000a336200000,0x000000a336300000) (1024K)]


Current CompileTask:
C2:694584 5477   !   4       java.io.BufferedOutputStream::flush (60 bytes)

Stack: [0x000000a336200000,0x000000a336300000]
Native frames: (J=compiled Java code, j=interpreted, Vv=VM code, C=native code)
V  [jvm.dll+0x6e1729]
V  [jvm.dll+0x8bf47b]
V  [jvm.dll+0x8c19aa]
V  [jvm.dll+0x8c2083]
V  [jvm.dll+0x289fd6]
V  [jvm.dll+0xc903d]
V  [jvm.dll+0xc958c]
V  [jvm.dll+0x66968d]
V  [jvm.dll+0x66f63b]
V  [jvm.dll+0x670617]
V  [jvm.dll+0x66e968]
V  [jvm.dll+0x251adb]
V  [jvm.dll+0x251283]
V  [jvm.dll+0x1d18bf]
V  [jvm.dll+0x260f4a]
V  [jvm.dll+0x25f2b5]
V  [jvm.dll+0x40151d]
V  [jvm.dll+0x86975d]
V  [jvm.dll+0x6dff2d]
C  [ucrtbase.dll+0x29333]
C  [KERNEL32.DLL+0x1259d]
C  [ntdll.dll+0x5af78]


---------------  P R O C E S S  ---------------

Threads class SMR info:
_java_thread_list=0x000001e09738f950, length=33, elements={
0x000001e051013170, 0x000001e051015880, 0x000001e051017410, 0x000001e05101cc30,
0x000001e05101b1f0, 0x000001e05101ab60, 0x000001e051021cf0, 0x000001e051039a10,
0x000001e05101b880, 0x000001e05101bf10, 0x000001e05101d2c0, 0x000001e05101d950,
0x000001e05101dfe0, 0x000001e051a55f80, 0x000001e051a59400, 0x000001e051a579c0,
0x000001e051a5a7b0, 0x000001e051a59a90, 0x000001e051a5ae40, 0x000001e051a5b4d0,
0x000001e051a5c1f0, 0x000001e051a5bb60, 0x000001e051a586e0, 0x000001e051a58d70,
0x000001e051a5d5a0, 0x000001e051a56610, 0x000001e051a56ca0, 0x000001e051a57330,
0x000001e051a58050, 0x000001e09838c920, 0x000001e09838e9f0, 0x000001e09838f080,
0x000001e098388780
}

Java Threads: ( => current thread )
  0x000001e051013170 JavaThread "Reference Handler"          daemon [_thread_blocked, id=17456, stack(0x000000a335c00000,0x000000a335d00000) (1024K)]
  0x000001e051015880 JavaThread "Finalizer"                  daemon [_thread_blocked, id=19080, stack(0x000000a335d00000,0x000000a335e00000) (1024K)]
  0x000001e051017410 JavaThread "Signal Dispatcher"          daemon [_thread_blocked, id=2456, stack(0x000000a335e00000,0x000000a335f00000) (1024K)]
  0x000001e05101cc30 JavaThread "Attach Listener"            daemon [_thread_blocked, id=4244, stack(0x000000a335f00000,0x000000a336000000) (1024K)]
  0x000001e05101b1f0 JavaThread "Service Thread"             daemon [_thread_blocked, id=20064, stack(0x000000a336000000,0x000000a336100000) (1024K)]
  0x000001e05101ab60 JavaThread "Monitor Deflation Thread"   daemon [_thread_blocked, id=13444, stack(0x000000a336100000,0x000000a336200000) (1024K)]
=>0x000001e051021cf0 JavaThread "C2 CompilerThread0"         daemon [_thread_in_native, id=6440, stack(0x000000a336200000,0x000000a336300000) (1024K)]
  0x000001e051039a10 JavaThread "C1 CompilerThread0"         daemon [_thread_blocked, id=13332, stack(0x000000a336300000,0x000000a336400000) (1024K)]
  0x000001e05101b880 JavaThread "Common-Cleaner"             daemon [_thread_blocked, id=11720, stack(0x000000a336400000,0x000000a336500000) (1024K)]
  0x000001e05101bf10 JavaThread "Monitor Ctrl-Break"         daemon [_thread_in_native, id=11592, stack(0x000000a336500000,0x000000a336600000) (1024K)]
  0x000001e05101d2c0 JavaThread "Notification Thread"        daemon [_thread_blocked, id=15652, stack(0x000000a336600000,0x000000a336700000) (1024K)]
  0x000001e05101d950 JavaThread "RMI TCP Accept-0"           daemon [_thread_in_native, id=10916, stack(0x000000a336b00000,0x000000a336c00000) (1024K)]
  0x000001e05101dfe0 JavaThread "RMI Scheduler(0)"           daemon [_thread_blocked, id=19636, stack(0x000000a336d00000,0x000000a336e00000) (1024K)]
  0x000001e051a55f80 JavaThread "JMX server connection timeout 28" daemon [_thread_blocked, id=19428, stack(0x000000a336e00000,0x000000a336f00000) (1024K)]
  0x000001e051a59400 JavaThread "Catalina-utility-1"                [_thread_blocked, id=16748, stack(0x000000a336a00000,0x000000a336b00000) (1024K)]
  0x000001e051a579c0 JavaThread "Catalina-utility-2"                [_thread_blocked, id=18836, stack(0x000000a337000000,0x000000a337100000) (1024K)]
  0x000001e051a5a7b0 JavaThread "container-0"                       [_thread_blocked, id=5552, stack(0x000000a337100000,0x000000a337200000) (1024K)]
  0x000001e051a59a90 JavaThread "mysql-cj-abandoned-connection-cleanup" daemon [_thread_blocked, id=6092, stack(0x000000a337200000,0x000000a337300000) (1024K)]
  0x000001e051a5ae40 JavaThread "http-nio-8080-exec-1"       daemon [_thread_blocked, id=8924, stack(0x000000a337300000,0x000000a337400000) (1024K)]
  0x000001e051a5b4d0 JavaThread "http-nio-8080-exec-2"       daemon [_thread_blocked, id=6536, stack(0x000000a337400000,0x000000a337500000) (1024K)]
  0x000001e051a5c1f0 JavaThread "http-nio-8080-exec-3"       daemon [_thread_blocked, id=15072, stack(0x000000a337500000,0x000000a337600000) (1024K)]
  0x000001e051a5bb60 JavaThread "http-nio-8080-exec-4"       daemon [_thread_blocked, id=19224, stack(0x000000a337600000,0x000000a337700000) (1024K)]
  0x000001e051a586e0 JavaThread "http-nio-8080-exec-5"       daemon [_thread_blocked, id=11644, stack(0x000000a337700000,0x000000a337800000) (1024K)]
  0x000001e051a58d70 JavaThread "http-nio-8080-exec-6"       daemon [_thread_blocked, id=16828, stack(0x000000a337800000,0x000000a337900000) (1024K)]
  0x000001e051a5d5a0 JavaThread "http-nio-8080-exec-7"       daemon [_thread_blocked, id=12576, stack(0x000000a337900000,0x000000a337a00000) (1024K)]
  0x000001e051a56610 JavaThread "http-nio-8080-exec-8"       daemon [_thread_blocked, id=12052, stack(0x000000a337a00000,0x000000a337b00000) (1024K)]
  0x000001e051a56ca0 JavaThread "http-nio-8080-exec-9"       daemon [_thread_blocked, id=19468, stack(0x000000a337b00000,0x000000a337c00000) (1024K)]
  0x000001e051a57330 JavaThread "http-nio-8080-exec-10"      daemon [_thread_blocked, id=9652, stack(0x000000a337c00000,0x000000a337d00000) (1024K)]
  0x000001e051a58050 JavaThread "http-nio-8080-Poller"       daemon [_thread_in_native, id=19036, stack(0x000000a337d00000,0x000000a337e00000) (1024K)]
  0x000001e09838c920 JavaThread "http-nio-8080-Acceptor"     daemon [_thread_in_native, id=14900, stack(0x000000a337e00000,0x000000a337f00000) (1024K)]
  0x000001e09838e9f0 JavaThread "DestroyJavaVM"                     [_thread_blocked, id=8060, stack(0x000000a335400000,0x000000a335500000) (1024K)]
  0x000001e09838f080 JavaThread "RMI TCP Connection(2)-10.252.139.224" daemon [_thread_in_native, id=19280, stack(0x000000a335100000,0x000000a335200000) (1024K)]
  0x000001e098388780 JavaThread "HikariPool-1 housekeeper"   daemon [_thread_blocked, id=11712, stack(0x000000a337f00000,0x000000a338000000) (1024K)]
Total: 33

Other Threads:
  0x000001e050ffab00 VMThread "VM Thread"                           [id=8776, stack(0x000000a335b00000,0x000000a335c00000) (1024K)]
  0x000001e050fe5630 WatcherThread "VM Periodic Task Thread"        [id=9424, stack(0x000000a335a00000,0x000000a335b00000) (1024K)]
  0x000001e035737a30 WorkerThread "GC Thread#0"                     [id=12992, stack(0x000000a335500000,0x000000a335600000) (1024K)]
  0x000001e051779010 WorkerThread "GC Thread#1"                     [id=19724, stack(0x000000a336700000,0x000000a336800000) (1024K)]
  0x000001e051759880 WorkerThread "GC Thread#2"                     [id=18504, stack(0x000000a336800000,0x000000a336900000) (1024K)]
  0x000001e05175a030 WorkerThread "GC Thread#3"                     [id=18152, stack(0x000000a336900000,0x000000a336a00000) (1024K)]
  0x000001e035744560 ConcurrentGCThread "G1 Main Marker"            [id=18384, stack(0x000000a335600000,0x000000a335700000) (1024K)]
  0x000001e035744f70 WorkerThread "G1 Conc#0"                       [id=11516, stack(0x000000a335700000,0x000000a335800000) (1024K)]
  0x000001e0357a5960 ConcurrentGCThread "G1 Refine#0"               [id=1880, stack(0x000000a335800000,0x000000a335900000) (1024K)]
  0x000001e050ec15f0 ConcurrentGCThread "G1 Service"                [id=6328, stack(0x000000a335900000,0x000000a335a00000) (1024K)]
Total: 10

Threads with active compile tasks:
C2 CompilerThread0  694638 5477   !   4       java.io.BufferedOutputStream::flush (60 bytes)
Total: 1

VM state: not at safepoint (normal execution)

VM Mutex/Monitor currently owned by a thread: None

Heap address: 0x00000000a1e00000, size: 1506 MB, Compressed Oops mode: 32-bit

CDS archive(s) mapped at: [0x000001e052000000-0x000001e052c80000-0x000001e052c80000), size 13107200, SharedBaseAddress: 0x000001e052000000, ArchiveRelocationMode: 1.
Compressed class space mapped at: 0x000001e053000000-0x000001e093000000, reserved size: 1073741824
Narrow klass base: 0x000001e052000000, Narrow klass shift: 0, Narrow klass range: 0x100000000

GC Precious Log:
 CardTable entry size: 512
 Card Set container configuration: InlinePtr #cards 5 size 8 Array Of Cards #cards 12 size 40 Howl #buckets 4 coarsen threshold 1843 Howl Bitmap #cards 512 size 80 coarsen threshold 460 Card regions per heap region 1 cards per card region 2048
 CPUs: 4 total, 4 available
 Memory: 6020M
 Large Page Support: Disabled
 NUMA Support: Disabled
 Compressed Oops: Enabled (32-bit)
 Heap Region Size: 1M
 Heap Min Capacity: 8M
 Heap Initial Capacity: 96M
 Heap Max Capacity: 1506M
 Pre-touch: Disabled
 Parallel Workers: 4
 Concurrent Workers: 1
 Concurrent Refinement Workers: 4
 Periodic GC: Disabled

Heap:
 garbage-first heap   total 37888K, used 30703K [0x00000000a1e00000, 0x0000000100000000)
  region size 1024K, 14 young (14336K), 2 survivors (2048K)
 Metaspace       used 39255K, committed 39872K, reserved 1114112K
  class space    used 4824K, committed 5120K, reserved 1048576K

Heap Regions: E=young(eden), S=young(survivor), O=old, HS=humongous(starts), HC=humongous(continues), CS=collection set, F=free, TAMS=top-at-mark-start, PB=parsable bottom
|   0|0x00000000a1e00000, 0x00000000a1f00000, 0x00000000a1f00000|100%| O|  |TAMS 0x00000000a1e00000| PB 0x00000000a1e00000| Untracked 
|   1|0x00000000a1f00000, 0x00000000a2000000, 0x00000000a2000000|100%| O|  |TAMS 0x00000000a1f00000| PB 0x00000000a1f00000| Untracked 
|   2|0x00000000a2000000, 0x00000000a2100000, 0x00000000a2100000|100%| O|  |TAMS 0x00000000a2000000| PB 0x00000000a2000000| Untracked 
|   3|0x00000000a2100000, 0x00000000a2200000, 0x00000000a2200000|100%| O|  |TAMS 0x00000000a2100000| PB 0x00000000a2100000| Untracked 
|   4|0x00000000a2200000, 0x00000000a2300000, 0x00000000a2300000|100%| O|  |TAMS 0x00000000a2200000| PB 0x00000000a2200000| Untracked 
|   5|0x00000000a2300000, 0x00000000a2400000, 0x00000000a2400000|100%| O|  |TAMS 0x00000000a2300000| PB 0x00000000a2300000| Untracked 
|   6|0x00000000a2400000, 0x00000000a2500000, 0x00000000a2500000|100%| O|  |TAMS 0x00000000a2400000| PB 0x00000000a2400000| Untracked 
|   7|0x00000000a2500000, 0x00000000a2600000, 0x00000000a2600000|100%| O|  |TAMS 0x00000000a2500000| PB 0x00000000a2500000| Untracked 
|   8|0x00000000a2600000, 0x00000000a2700000, 0x00000000a2700000|100%| O|  |TAMS 0x00000000a2600000| PB 0x00000000a2600000| Untracked 
|   9|0x00000000a2700000, 0x00000000a2800000, 0x00000000a2800000|100%| O|  |TAMS 0x00000000a2700000| PB 0x00000000a2700000| Untracked 
|  10|0x00000000a2800000, 0x00000000a2900000, 0x00000000a2900000|100%| O|Cm|TAMS 0x00000000a2800000| PB 0x00000000a2800000| Complete 
|  11|0x00000000a2900000, 0x00000000a2a00000, 0x00000000a2a00000|100%| O|  |TAMS 0x00000000a2900000| PB 0x00000000a2900000| Untracked 
|  12|0x00000000a2a00000, 0x00000000a2b00000, 0x00000000a2b00000|100%| O|  |TAMS 0x00000000a2a00000| PB 0x00000000a2a00000| Untracked 
|  13|0x00000000a2b00000, 0x00000000a2c00000, 0x00000000a2c00000|100%| O|  |TAMS 0x00000000a2b00000| PB 0x00000000a2b00000| Untracked 
|  14|0x00000000a2c00000, 0x00000000a2d00000, 0x00000000a2d00000|100%| O|  |TAMS 0x00000000a2c00000| PB 0x00000000a2c00000| Untracked 
|  15|0x00000000a2d00000, 0x00000000a2e00000, 0x00000000a2e00000|100%| O|  |TAMS 0x00000000a2d00000| PB 0x00000000a2d00000| Untracked 
|  16|0x00000000a2e00000, 0x00000000a2f00000, 0x00000000a2f00000|100%| O|  |TAMS 0x00000000a2e00000| PB 0x00000000a2e00000| Untracked 
|  17|0x00000000a2f00000, 0x00000000a2ffbcb8, 0x00000000a3000000| 98%| O|  |TAMS 0x00000000a2f00000| PB 0x00000000a2f00000| Untracked 
|  18|0x00000000a3000000, 0x00000000a3000000, 0x00000000a3100000|  0%| F|  |TAMS 0x00000000a3000000| PB 0x00000000a3000000| Untracked 
|  19|0x00000000a3100000, 0x00000000a3100000, 0x00000000a3200000|  0%| F|  |TAMS 0x00000000a3100000| PB 0x00000000a3100000| Untracked 
|  20|0x00000000a3200000, 0x00000000a3300000, 0x00000000a3300000|100%| S|CS|TAMS 0x00000000a3200000| PB 0x00000000a3200000| Complete 
|  21|0x00000000a3300000, 0x00000000a3400000, 0x00000000a3400000|100%| S|CS|TAMS 0x00000000a3300000| PB 0x00000000a3300000| Complete 
|  22|0x00000000a3400000, 0x00000000a3400000, 0x00000000a3500000|  0%| F|  |TAMS 0x00000000a3400000| PB 0x00000000a3400000| Untracked 
|  23|0x00000000a3500000, 0x00000000a3500000, 0x00000000a3600000|  0%| F|  |TAMS 0x00000000a3500000| PB 0x00000000a3500000| Untracked 
|  24|0x00000000a3600000, 0x00000000a3600000, 0x00000000a3700000|  0%| F|  |TAMS 0x00000000a3600000| PB 0x00000000a3600000| Untracked 
|  25|0x00000000a3700000, 0x00000000a37d2d00, 0x00000000a3800000| 82%| E|  |TAMS 0x00000000a3700000| PB 0x00000000a3700000| Complete 
|  26|0x00000000a3800000, 0x00000000a3900000, 0x00000000a3900000|100%| E|CS|TAMS 0x00000000a3800000| PB 0x00000000a3800000| Complete 
|  27|0x00000000a3900000, 0x00000000a3a00000, 0x00000000a3a00000|100%| E|CS|TAMS 0x00000000a3900000| PB 0x00000000a3900000| Complete 
|  28|0x00000000a3a00000, 0x00000000a3b00000, 0x00000000a3b00000|100%| E|CS|TAMS 0x00000000a3a00000| PB 0x00000000a3a00000| Complete 
|  29|0x00000000a3b00000, 0x00000000a3c00000, 0x00000000a3c00000|100%| E|CS|TAMS 0x00000000a3b00000| PB 0x00000000a3b00000| Complete 
|  30|0x00000000a3c00000, 0x00000000a3d00000, 0x00000000a3d00000|100%| E|CS|TAMS 0x00000000a3c00000| PB 0x00000000a3c00000| Complete 
|  46|0x00000000a4c00000, 0x00000000a4d00000, 0x00000000a4d00000|100%| E|CS|TAMS 0x00000000a4c00000| PB 0x00000000a4c00000| Complete 
|  47|0x00000000a4d00000, 0x00000000a4e00000, 0x00000000a4e00000|100%| E|CS|TAMS 0x00000000a4d00000| PB 0x00000000a4d00000| Complete 
|  48|0x00000000a4e00000, 0x00000000a4f00000, 0x00000000a4f00000|100%| E|CS|TAMS 0x00000000a4e00000| PB 0x00000000a4e00000| Complete 
|  49|0x00000000a4f00000, 0x00000000a5000000, 0x00000000a5000000|100%| E|CS|TAMS 0x00000000a4f00000| PB 0x00000000a4f00000| Complete 
|  50|0x00000000a5000000, 0x00000000a5100000, 0x00000000a5100000|100%| E|  |TAMS 0x00000000a5000000| PB 0x00000000a5000000| Complete 
|  51|0x00000000a5100000, 0x00000000a5200000, 0x00000000a5200000|100%| E|CS|TAMS 0x00000000a5100000| PB 0x00000000a5100000| Complete 

Card table byte_map: [0x000001e04d0f0000,0x000001e04d3f0000] _byte_map_base: 0x000001e04cbe1000

Marking Bits: (CMBitMap*) 0x000001e035738040
 Bits: [0x000001e04d3f0000, 0x000001e04eb78000)

Polling page: 0x000001e0335c0000

Metaspace:

Usage:
  Non-class:     33.62 MB used.
      Class:      4.71 MB used.
       Both:     38.34 MB used.

Virtual space:
  Non-class space:       64.00 MB reserved,      33.94 MB ( 53%) committed,  1 nodes.
      Class space:        1.00 GB reserved,       5.00 MB ( <1%) committed,  1 nodes.
             Both:        1.06 GB reserved,      38.94 MB (  4%) committed. 

Chunk freelists:
   Non-Class:  13.88 MB
       Class:  10.91 MB
        Both:  24.78 MB

MaxMetaspaceSize: unlimited
CompressedClassSpaceSize: 1.00 GB
Initial GC threshold: 21.00 MB
Current GC threshold: 58.75 MB
CDS: on
 - commit_granule_bytes: 65536.
 - commit_granule_words: 8192.
 - virtual_space_node_default_size: 8388608.
 - enlarge_chunks_in_place: 1.
 - use_allocation_guard: 0.


Internal statistics:

num_allocs_failed_limit: 6.
num_arena_births: 794.
num_arena_deaths: 0.
num_vsnodes_births: 2.
num_vsnodes_deaths: 0.
num_space_committed: 623.
num_space_uncommitted: 0.
num_chunks_returned_to_freelist: 6.
num_chunks_taken_from_freelist: 2131.
num_chunk_merges: 6.
num_chunk_splits: 1444.
num_chunks_enlarged: 1021.
num_inconsistent_stats: 0.

CodeHeap 'non-profiled nmethods': size=120000Kb used=3154Kb max_used=3154Kb free=116845Kb
 bounds [0x000001e0458c0000, 0x000001e045be0000, 0x000001e04cdf0000]
CodeHeap 'profiled nmethods': size=120000Kb used=10492Kb max_used=10492Kb free=109507Kb
 bounds [0x000001e03ddf0000, 0x000001e03e840000, 0x000001e045320000]
CodeHeap 'non-nmethods': size=5760Kb used=1551Kb max_used=1595Kb free=4208Kb
 bounds [0x000001e045320000, 0x000001e045590000, 0x000001e0458c0000]
CodeCache: size=245760Kb, used=15197Kb, max_used=15241Kb, free=230560Kb
 total_blobs=5722, nmethods=5105, adapters=521, full_count=0
Compilation: enabled, stopped_count=0, restarted_count=0

Compilation events (20 events):
Event: 651.919 Thread 0x000001e051021cf0 nmethod 5467 0x000001e045bd0190 code [0x000001e045bd0300, 0x000001e045bd0368]
Event: 654.642 Thread 0x000001e051039a10 5468   !   3       org.apache.catalina.core.ContainerBase::getRealmInternal (38 bytes)
Event: 654.643 Thread 0x000001e051039a10 nmethod 5468 0x000001e03e82e490 code [0x000001e03e82e6c0, 0x000001e03e82edd8]
Event: 663.694 Thread 0x000001e051021cf0 5469       4       sun.rmi.runtime.Log$LoggerLog::log (45 bytes)
Event: 663.696 Thread 0x000001e051021cf0 nmethod 5469 0x000001e045bd0490 code [0x000001e045bd0620, 0x000001e045bd0728]
Event: 664.643 Thread 0x000001e051039a10 5470   !   3       org.apache.catalina.core.ContainerBase::getClusterInternal (38 bytes)
Event: 664.644 Thread 0x000001e051039a10 nmethod 5470 0x000001e03e82f110 code [0x000001e03e82f340, 0x000001e03e82fa58]
Event: 664.644 Thread 0x000001e051039a10 5471       3       java.util.Comparator$$Lambda/0x000001e0531760d0::compare (10 bytes)
Event: 664.644 Thread 0x000001e051039a10 nmethod 5471 0x000001e03e82fd90 code [0x000001e03e82ff80, 0x000001e03e830400]
Event: 664.644 Thread 0x000001e051039a10 5472       3       java.util.Comparator::lambda$comparingLong$6043328a$1 (18 bytes)
Event: 664.645 Thread 0x000001e051039a10 nmethod 5472 0x000001e03e830590 code [0x000001e03e830760, 0x000001e03e830b50]
Event: 668.005 Thread 0x000001e051021cf0 5473       4       sun.rmi.server.UnicastRef::unmarshalValue (193 bytes)
Event: 668.023 Thread 0x000001e051021cf0 nmethod 5473 0x000001e045bd0890 code [0x000001e045bd0b00, 0x000001e045bd13e8]
Event: 672.414 Thread 0x000001e051021cf0 5474       4       java.lang.StringConcatHelper::prepend (22 bytes)
Event: 672.430 Thread 0x000001e051021cf0 nmethod 5474 0x000001e045bd1b10 code [0x000001e045bd1ce0, 0x000001e045bd2330]
Event: 672.430 Thread 0x000001e051021cf0 5475       4       com.sun.jmx.remote.internal.ServerCommunicatorAdmin::logtime (16 bytes)
Event: 672.468 Thread 0x000001e051021cf0 nmethod 5475 0x000001e045bd2810 code [0x000001e045bd2a20, 0x000001e045bd35f0]
Event: 691.021 Thread 0x000001e051021cf0 5476       4       java.util.ArrayList::toArray (57 bytes)
Event: 691.027 Thread 0x000001e051021cf0 nmethod 5476 0x000001e045bd4190 code [0x000001e045bd4340, 0x000001e045bd4848]
Event: 694.513 Thread 0x000001e051021cf0 5477   !   4       java.io.BufferedOutputStream::flush (60 bytes)

GC Heap History (20 events):
Event: 7.322 GC heap before
{Heap before GC invocations=0 (full 0):
 garbage-first heap   total 98304K, used 13312K [0x00000000a1e00000, 0x0000000100000000)
  region size 1024K, 13 young (13312K), 0 survivors (0K)
 Metaspace       used 5389K, committed 5568K, reserved 1114112K
  class space    used 551K, committed 640K, reserved 1048576K
}
Event: 7.333 GC heap after
{Heap after GC invocations=1 (full 0):
 garbage-first heap   total 98304K, used 4768K [0x00000000a1e00000, 0x0000000100000000)
  region size 1024K, 2 young (2048K), 2 survivors (2048K)
 Metaspace       used 5389K, committed 5568K, reserved 1114112K
  class space    used 551K, committed 640K, reserved 1048576K
}
Event: 8.394 GC heap before
{Heap before GC invocations=1 (full 0):
 garbage-first heap   total 98304K, used 19104K [0x00000000a1e00000, 0x0000000100000000)
  region size 1024K, 16 young (16384K), 2 survivors (2048K)
 Metaspace       used 10900K, committed 11200K, reserved 1114112K
  class space    used 1263K, committed 1408K, reserved 1048576K
}
Event: 8.405 GC heap after
{Heap after GC invocations=2 (full 0):
 garbage-first heap   total 98304K, used 6665K [0x00000000a1e00000, 0x0000000100000000)
  region size 1024K, 2 young (2048K), 2 survivors (2048K)
 Metaspace       used 10900K, committed 11200K, reserved 1114112K
  class space    used 1263K, committed 1408K, reserved 1048576K
}
Event: 11.183 GC heap before
{Heap before GC invocations=2 (full 0):
 garbage-first heap   total 98304K, used 47625K [0x00000000a1e00000, 0x0000000100000000)
  region size 1024K, 44 young (45056K), 2 survivors (2048K)
 Metaspace       used 21154K, committed 21504K, reserved 1114112K
  class space    used 2606K, committed 2752K, reserved 1048576K
}
Event: 11.195 GC heap after
{Heap after GC invocations=3 (full 0):
 garbage-first heap   total 98304K, used 10524K [0x00000000a1e00000, 0x0000000100000000)
  region size 1024K, 6 young (6144K), 6 survivors (6144K)
 Metaspace       used 21154K, committed 21504K, reserved 1114112K
  class space    used 2606K, committed 2752K, reserved 1048576K
}
Event: 12.160 GC heap before
{Heap before GC invocations=4 (full 0):
 garbage-first heap   total 37888K, used 26908K [0x00000000a1e00000, 0x0000000100000000)
  region size 1024K, 22 young (22528K), 6 survivors (6144K)
 Metaspace       used 22942K, committed 23360K, reserved 1114112K
  class space    used 2829K, committed 3008K, reserved 1048576K
}
Event: 12.173 GC heap after
{Heap after GC invocations=5 (full 0):
 garbage-first heap   total 37888K, used 11873K [0x00000000a1e00000, 0x0000000100000000)
  region size 1024K, 2 young (2048K), 2 survivors (2048K)
 Metaspace       used 22942K, committed 23360K, reserved 1114112K
  class space    used 2829K, committed 3008K, reserved 1048576K
}
Event: 13.364 GC heap before
{Heap before GC invocations=5 (full 0):
 garbage-first heap   total 37888K, used 27233K [0x00000000a1e00000, 0x0000000100000000)
  region size 1024K, 18 young (18432K), 2 survivors (2048K)
 Metaspace       used 25830K, committed 26304K, reserved 1114112K
  class space    used 3215K, committed 3392K, reserved 1048576K
}
Event: 13.375 GC heap after
{Heap after GC invocations=6 (full 0):
 garbage-first heap   total 37888K, used 13312K [0x00000000a1e00000, 0x0000000100000000)
  region size 1024K, 3 young (3072K), 3 survivors (3072K)
 Metaspace       used 25830K, committed 26304K, reserved 1114112K
  class space    used 3215K, committed 3392K, reserved 1048576K
}
Event: 14.526 GC heap before
{Heap before GC invocations=6 (full 0):
 garbage-first heap   total 37888K, used 28672K [0x00000000a1e00000, 0x0000000100000000)
  region size 1024K, 19 young (19456K), 3 survivors (3072K)
 Metaspace       used 29192K, committed 29696K, reserved 1114112K
  class space    used 3666K, committed 3904K, reserved 1048576K
}
Event: 14.535 GC heap after
{Heap after GC invocations=7 (full 0):
 garbage-first heap   total 37888K, used 15278K [0x00000000a1e00000, 0x0000000100000000)
  region size 1024K, 2 young (2048K), 2 survivors (2048K)
 Metaspace       used 29192K, committed 29696K, reserved 1114112K
  class space    used 3666K, committed 3904K, reserved 1048576K
}
Event: 15.554 GC heap before
{Heap before GC invocations=7 (full 0):
 garbage-first heap   total 37888K, used 30638K [0x00000000a1e00000, 0x0000000100000000)
  region size 1024K, 17 young (17408K), 2 survivors (2048K)
 Metaspace       used 31163K, committed 31680K, reserved 1114112K
  class space    used 3923K, committed 4160K, reserved 1048576K
}
Event: 15.561 GC heap after
{Heap after GC invocations=8 (full 0):
 garbage-first heap   total 37888K, used 17299K [0x00000000a1e00000, 0x0000000100000000)
  region size 1024K, 2 young (2048K), 2 survivors (2048K)
 Metaspace       used 31163K, committed 31680K, reserved 1114112K
  class space    used 3923K, committed 4160K, reserved 1048576K
}
Event: 138.398 GC heap before
{Heap before GC invocations=8 (full 0):
 garbage-first heap   total 37888K, used 31635K [0x00000000a1e00000, 0x0000000100000000)
  region size 1024K, 16 young (16384K), 2 survivors (2048K)
 Metaspace       used 33887K, committed 34432K, reserved 1114112K
  class space    used 4239K, committed 4480K, reserved 1048576K
}
Event: 138.404 GC heap after
{Heap after GC invocations=9 (full 0):
 garbage-first heap   total 37888K, used 18430K [0x00000000a1e00000, 0x0000000100000000)
  region size 1024K, 2 young (2048K), 2 survivors (2048K)
 Metaspace       used 33887K, committed 34432K, reserved 1114112K
  class space    used 4239K, committed 4480K, reserved 1048576K
}
Event: 139.363 GC heap before
{Heap before GC invocations=9 (full 0):
 garbage-first heap   total 37888K, used 22526K [0x00000000a1e00000, 0x0000000100000000)
  region size 1024K, 7 young (7168K), 2 survivors (2048K)
 Metaspace       used 35419K, committed 35968K, reserved 1114112K
  class space    used 4407K, committed 4672K, reserved 1048576K
}
Event: 139.367 GC heap after
{Heap after GC invocations=10 (full 0):
 garbage-first heap   total 37888K, used 19063K [0x00000000a1e00000, 0x0000000100000000)
  region size 1024K, 2 young (2048K), 2 survivors (2048K)
 Metaspace       used 35419K, committed 35968K, reserved 1114112K
  class space    used 4407K, committed 4672K, reserved 1048576K
}
Event: 208.034 GC heap before
{Heap before GC invocations=11 (full 0):
 garbage-first heap   total 37888K, used 31351K [0x00000000a1e00000, 0x0000000100000000)
  region size 1024K, 15 young (15360K), 2 survivors (2048K)
 Metaspace       used 38978K, committed 39552K, reserved 1114112K
  class space    used 4817K, committed 5056K, reserved 1048576K
}
Event: 208.044 GC heap after
{Heap after GC invocations=12 (full 0):
 garbage-first heap   total 37888K, used 20463K [0x00000000a1e00000, 0x0000000100000000)
  region size 1024K, 2 young (2048K), 2 survivors (2048K)
 Metaspace       used 38978K, committed 39552K, reserved 1114112K
  class space    used 4817K, committed 5056K, reserved 1048576K
}

Dll operation events (12 events):
Event: 0.048 Loaded shared library C:\Users\LENOVO\.jdks\ms-21.0.8\bin\java.dll
Event: 0.276 Loaded shared library C:\Users\LENOVO\.jdks\ms-21.0.8\bin\jsvml.dll
Event: 0.901 Loaded shared library C:\Users\LENOVO\.jdks\ms-21.0.8\bin\zip.dll
Event: 1.173 Loaded shared library C:\Users\LENOVO\.jdks\ms-21.0.8\bin\instrument.dll
Event: 1.190 Loaded shared library C:\Users\LENOVO\.jdks\ms-21.0.8\bin\net.dll
Event: 1.196 Loaded shared library C:\Users\LENOVO\.jdks\ms-21.0.8\bin\nio.dll
Event: 1.268 Loaded shared library C:\Users\LENOVO\.jdks\ms-21.0.8\bin\zip.dll
Event: 1.280 Loaded shared library C:\Users\LENOVO\.jdks\ms-21.0.8\bin\jimage.dll
Event: 6.916 Loaded shared library C:\Users\LENOVO\.jdks\ms-21.0.8\bin\extnet.dll
Event: 6.938 Loaded shared library C:\Users\LENOVO\.jdks\ms-21.0.8\bin\management.dll
Event: 6.967 Loaded shared library C:\Users\LENOVO\.jdks\ms-21.0.8\bin\management_ext.dll
Event: 10.231 Loaded shared library C:\Users\LENOVO\.jdks\ms-21.0.8\bin\sunmscapi.dll

Deoptimization events (20 events):
Event: 181.170 Thread 0x000001e051a59400 Uncommon trap: trap_request=0xffffffbe fr.pc=0x000001e045937514 relative=0x0000000000001374
Event: 181.170 Thread 0x000001e051a59400 Uncommon trap: reason=profile_predicate action=maybe_recompile pc=0x000001e045937514 method=java.util.TreeMap.put(Ljava/lang/Object;Ljava/lang/Object;Z)Ljava/lang/Object; @ 27 c2
Event: 181.170 Thread 0x000001e051a59400 DEOPT PACKING pc=0x000001e045937514 sp=0x000000a336afebd0
Event: 181.170 Thread 0x000001e051a59400 DEOPT UNPACKING pc=0x000001e0453746a2 sp=0x000000a336afeb90 mode 2
Event: 307.943 Thread 0x000001e09838f080 Uncommon trap: trap_request=0xffffff45 fr.pc=0x000001e045b60fd0 relative=0x0000000000002cd0
Event: 307.943 Thread 0x000001e09838f080 Uncommon trap: reason=unstable_if action=reinterpret pc=0x000001e045b60fd0 method=java.io.ObjectStreamField.isPrimitive()Z @ 14 c2
Event: 307.943 Thread 0x000001e09838f080 DEOPT PACKING pc=0x000001e045b60fd0 sp=0x000000a3351fdf80
Event: 307.943 Thread 0x000001e09838f080 DEOPT UNPACKING pc=0x000001e0453746a2 sp=0x000000a3351fde28 mode 2
Event: 307.943 Thread 0x000001e09838f080 Uncommon trap: trap_request=0xffffff45 fr.pc=0x000001e045b5b168 relative=0x00000000000012c8
Event: 307.943 Thread 0x000001e09838f080 Uncommon trap: reason=unstable_if action=reinterpret pc=0x000001e045b5b168 method=java.io.ObjectStreamClass$FieldReflector.getObjFieldValues(Ljava/lang/Object;[Ljava/lang/Object;)V @ 39 c2
Event: 307.943 Thread 0x000001e09838f080 DEOPT PACKING pc=0x000001e045b5b168 sp=0x000000a3351fdf90
Event: 307.943 Thread 0x000001e09838f080 DEOPT UNPACKING pc=0x000001e0453746a2 sp=0x000000a3351fde60 mode 2
Event: 307.943 Thread 0x000001e09838f080 Uncommon trap: trap_request=0xffffff45 fr.pc=0x000001e045b269d8 relative=0x00000000000022f8
Event: 307.943 Thread 0x000001e09838f080 Uncommon trap: reason=unstable_if action=reinterpret pc=0x000001e045b269d8 method=java.io.ObjectOutputStream.writeObject0(Ljava/lang/Object;Z)V @ 459 c2
Event: 307.943 Thread 0x000001e09838f080 DEOPT PACKING pc=0x000001e045b269d8 sp=0x000000a3351fded0
Event: 307.943 Thread 0x000001e09838f080 DEOPT UNPACKING pc=0x000001e0453746a2 sp=0x000000a3351fdea8 mode 2
Event: 641.122 Thread 0x000001e09838f080 Uncommon trap: trap_request=0xffffffcc fr.pc=0x000001e045bcb970 relative=0x0000000000000230
Event: 641.122 Thread 0x000001e09838f080 Uncommon trap: reason=intrinsic_or_type_checked_inlining action=make_not_entrant pc=0x000001e045bcb970 method=java.util.ArrayList.toArray([Ljava/lang/Object;)[Ljava/lang/Object; @ 36 c2
Event: 641.122 Thread 0x000001e09838f080 DEOPT PACKING pc=0x000001e045bcb970 sp=0x000000a3351fe0a0
Event: 641.122 Thread 0x000001e09838f080 DEOPT UNPACKING pc=0x000001e0453746a2 sp=0x000000a3351fe040 mode 2

Classes loaded (20 events):
Event: 140.202 Loading class java/util/stream/LongStream
Event: 140.203 Loading class java/util/stream/LongStream done
Event: 140.203 Loading class java/util/stream/DoubleStream
Event: 140.203 Loading class java/util/stream/DoubleStream done
Event: 140.253 Loading class org/w3c/dom/Node
Event: 140.253 Loading class org/w3c/dom/Node done
Event: 140.253 Loading class org/w3c/dom/Document
Event: 140.254 Loading class org/w3c/dom/Document done
Event: 579.868 Loading class java/lang/foreign/MemorySegment
Event: 579.871 Loading class java/lang/foreign/MemorySegment done
Event: 585.774 Loading class sun/util/resources/LocaleData$CommonResourceBundleProvider
Event: 585.775 Loading class sun/util/resources/LocaleData$LocaleDataResourceBundleProvider
Event: 585.775 Loading class java/util/spi/ResourceBundleProvider
Event: 585.775 Loading class java/util/spi/ResourceBundleProvider done
Event: 585.775 Loading class sun/util/resources/LocaleData$LocaleDataResourceBundleProvider done
Event: 585.775 Loading class sun/util/resources/LocaleData$CommonResourceBundleProvider done
Event: 585.776 Loading class sun/util/resources/Bundles$2
Event: 585.776 Loading class sun/util/resources/Bundles$2 done
Event: 585.794 Loading class jdk/internal/ValueBased
Event: 585.795 Loading class jdk/internal/ValueBased done

Classes unloaded (0 events):
No events

Classes redefined (0 events):
No events

Internal exceptions (20 events):
Event: 13.530 Thread 0x000001e0356efd30 Exception <a 'java/lang/NoSuchMethodError'{0x00000000a50edf08}: 'java.lang.Object java.lang.invoke.Invokers$Holder.linkToTargetMethod(java.lang.Object, java.lang.Object, int, java.lang.Object)'> (0x00000000a50edf08) 
thrown [s\src\hotspot\share\interpreter\linkResolver.cpp, line 773]
Event: 13.961 Thread 0x000001e0356efd30 Exception <a 'java/lang/NoSuchMethodError'{0x00000000a39c90c8}: 'int java.lang.invoke.DirectMethodHandle$Holder.invokeVirtual(java.lang.Object, java.lang.Object, java.lang.Object, java.lang.Object)'> (0x00000000a39c90c8) 
thrown [s\src\hotspot\share\interpreter\linkResolver.cpp, line 773]
Event: 13.962 Thread 0x000001e0356efd30 Exception <a 'java/lang/NoSuchMethodError'{0x00000000a39cc958}: 'int java.lang.invoke.DelegatingMethodHandle$Holder.reinvoke_L(java.lang.Object, java.lang.Object, java.lang.Object, java.lang.Object)'> (0x00000000a39cc958) 
thrown [s\src\hotspot\share\interpreter\linkResolver.cpp, line 773]
Event: 14.013 Thread 0x000001e0356efd30 Exception <a 'java/io/FileNotFoundException'{0x00000000a38bf9c0}> (0x00000000a38bf9c0) 
thrown [s\src\hotspot\share\prims\jni.cpp, line 520]
Event: 14.097 Thread 0x000001e0356efd30 Exception <a 'java/lang/NoSuchMethodError'{0x00000000a369b990}: 'int java.lang.invoke.DirectMethodHandle$Holder.invokeInterface(java.lang.Object, java.lang.Object, java.lang.Object, java.lang.Object)'> (0x00000000a369b990) 
thrown [s\src\hotspot\share\interpreter\linkResolver.cpp, line 773]
Event: 14.662 Thread 0x000001e0356efd30 Exception <a 'java/lang/NoSuchMethodError'{0x00000000a4fe50a0}: 'void java.lang.invoke.DirectMethodHandle$Holder.invokeStatic(java.lang.Object, java.lang.Object, int)'> (0x00000000a4fe50a0) 
thrown [s\src\hotspot\share\interpreter\linkResolver.cpp, line 773]
Event: 14.728 Thread 0x000001e0356efd30 Exception <a 'java/lang/NoSuchMethodError'{0x00000000a4efd7f0}: 'void java.lang.invoke.Invokers$Holder.invokeExact_MT(java.lang.Object, java.lang.Object, java.lang.Object, java.lang.Object)'> (0x00000000a4efd7f0) 
thrown [s\src\hotspot\share\interpreter\linkResolver.cpp, line 773]
Event: 15.016 Thread 0x000001e0356efd30 Exception <a 'java/lang/NoSuchMethodError'{0x00000000a3c540f0}: 'java.lang.Object java.lang.invoke.DirectMethodHandle$Holder.newInvokeSpecial(java.lang.Object, java.lang.Object, java.lang.Object, java.lang.Object, java.lang.Object, java.lang.Object, java.lang.Object, java.lang.Object)'> (0x00000000a3c540f0) 
thrown [s\src\hotspot\share\interpreter\linkResolver.cpp, line 773]
Event: 15.542 Thread 0x000001e0356efd30 Exception <a 'java/lang/IncompatibleClassChangeError'{0x00000000a34c7d28}: Found class java.lang.Object, but interface was expected> (0x00000000a34c7d28) 
thrown [s\src\hotspot\share\interpreter\linkResolver.cpp, line 840]
Event: 15.658 Thread 0x000001e0356efd30 Exception <a 'java/lang/NoSuchMethodError'{0x00000000a5044120}: 'void java.lang.invoke.DirectMethodHandle$Holder.invokeVirtual(java.lang.Object, java.lang.Object, long)'> (0x00000000a5044120) 
thrown [s\src\hotspot\share\interpreter\linkResolver.cpp, line 773]
Event: 15.764 Thread 0x000001e0356efd30 Exception <a 'java/lang/NoSuchMethodError'{0x00000000a4e97070}: 'int java.lang.invoke.DirectMethodHandle$Holder.invokeStaticInit(java.lang.Object, java.lang.Object, java.lang.Object, java.lang.Object)'> (0x00000000a4e97070) 
thrown [s\src\hotspot\share\interpreter\linkResolver.cpp, line 773]
Event: 15.948 Thread 0x000001e0356efd30 Exception <a 'java/lang/IncompatibleClassChangeError'{0x00000000a3cbc6b8}: Found class java.lang.Object, but interface was expected> (0x00000000a3cbc6b8) 
thrown [s\src\hotspot\share\interpreter\linkResolver.cpp, line 840]
Event: 16.030 Thread 0x000001e0356efd30 Exception <a 'java/lang/NoSuchMethodError'{0x00000000a3ba9b00}: 'java.lang.Object java.lang.invoke.DirectMethodHandle$Holder.newInvokeSpecial(java.lang.Object, java.lang.Object, int, java.lang.Object, java.lang.Object)'> (0x00000000a3ba9b00) 
thrown [s\src\hotspot\share\interpreter\linkResolver.cpp, line 773]
Event: 138.217 Thread 0x000001e09838c920 Exception <a 'java/lang/NoSuchMethodError'{0x00000000a365e678}: 'java.lang.Object java.lang.invoke.DirectMethodHandle$Holder.invokeStatic(java.lang.Object, java.lang.Object, java.lang.Object, int, int)'> (0x00000000a365e678) 
thrown [s\src\hotspot\share\interpreter\linkResolver.cpp, line 773]
Event: 138.218 Thread 0x000001e09838c920 Exception <a 'java/lang/NoSuchMethodError'{0x00000000a3661e28}: 'java.lang.Object java.lang.invoke.DirectMethodHandle$Holder.invokeStaticInit(java.lang.Object, java.lang.Object, java.lang.Object, int, int)'> (0x00000000a3661e28) 
thrown [s\src\hotspot\share\interpreter\linkResolver.cpp, line 773]
Event: 138.370 Thread 0x000001e051a5b4d0 Exception <a 'java/lang/NoSuchMethodError'{0x00000000a35a6c98}: 'java.lang.Object java.lang.invoke.DirectMethodHandle$Holder.invokeSpecial(java.lang.Object, java.lang.Object, java.lang.Object, java.lang.Object, java.lang.Object, long)'> (0x00000000a35a6c98) 
thrown [s\src\hotspot\share\interpreter\linkResolver.cpp, line 773]
Event: 138.370 Thread 0x000001e051a5b4d0 Exception <a 'java/lang/NoSuchMethodError'{0x00000000a35aa468}: 'java.lang.Object java.lang.invoke.Invokers$Holder.linkToTargetMethod(java.lang.Object, java.lang.Object, java.lang.Object, long, java.lang.Object)'> (0x00000000a35aa468) 
thrown [s\src\hotspot\share\interpreter\linkResolver.cpp, line 773]
Event: 140.015 Thread 0x000001e051a5b4d0 Exception <a 'java/lang/NoSuchMethodError'{0x00000000a398a638}: 'int java.lang.invoke.Invokers$Holder.invokeExact_MT(java.lang.Object, java.lang.Object)'> (0x00000000a398a638) 
thrown [s\src\hotspot\share\interpreter\linkResolver.cpp, line 773]
Event: 140.021 Thread 0x000001e051a5b4d0 Exception <a 'java/lang/NoSuchMethodError'{0x00000000a399aa38}: 'java.lang.Object java.lang.invoke.DirectMethodHandle$Holder.invokeStaticInit(java.lang.Object, java.lang.Object, java.lang.Object, java.lang.Object)'> (0x00000000a399aa38) 
thrown [s\src\hotspot\share\interpreter\linkResolver.cpp, line 773]
Event: 140.108 Thread 0x000001e051a5b4d0 Exception <a 'java/lang/NoSuchMethodError'{0x00000000a38b7760}: 'int java.lang.invoke.DirectMethodHandle$Holder.invokeVirtual(java.lang.Object, java.lang.Object, java.lang.Object)'> (0x00000000a38b7760) 
thrown [s\src\hotspot\share\interpreter\linkResolver.cpp, line 773]

ZGC Phase Switch (0 events):
No events

VM Operations (20 events):
Event: 526.206 Executing VM operation: Cleanup
Event: 526.206 Executing VM operation: Cleanup done
Event: 574.235 Executing VM operation: Cleanup
Event: 574.235 Executing VM operation: Cleanup done
Event: 580.240 Executing VM operation: Cleanup
Event: 580.240 Executing VM operation: Cleanup done
Event: 585.807 Executing VM operation: HandshakeAllThreads (Deoptimize)
Event: 585.808 Executing VM operation: HandshakeAllThreads (Deoptimize) done
Event: 585.808 Executing VM operation: Cleanup
Event: 585.808 Executing VM operation: Cleanup done
Event: 587.808 Executing VM operation: Cleanup
Event: 587.808 Executing VM operation: Cleanup done
Event: 594.814 Executing VM operation: Cleanup
Event: 594.814 Executing VM operation: Cleanup done
Event: 608.821 Executing VM operation: Cleanup
Event: 608.821 Executing VM operation: Cleanup done
Event: 624.828 Executing VM operation: Cleanup
Event: 624.828 Executing VM operation: Cleanup done
Event: 678.853 Executing VM operation: Cleanup
Event: 678.853 Executing VM operation: Cleanup done

Memory protections (0 events):
No events

Nmethod flushes (20 events):
Event: 139.431 Thread 0x000001e050ffab00 flushing  nmethod 0x000001e03dff4810
Event: 139.431 Thread 0x000001e050ffab00 flushing  nmethod 0x000001e03dff5490
Event: 139.431 Thread 0x000001e050ffab00 flushing  nmethod 0x000001e03dff8910
Event: 139.431 Thread 0x000001e050ffab00 flushing  nmethod 0x000001e03dff9690
Event: 139.431 Thread 0x000001e050ffab00 flushing  nmethod 0x000001e03e01c890
Event: 139.431 Thread 0x000001e050ffab00 flushing  nmethod 0x000001e03e043790
Event: 139.431 Thread 0x000001e050ffab00 flushing  nmethod 0x000001e03e047790
Event: 139.431 Thread 0x000001e050ffab00 flushing  nmethod 0x000001e03e04d690
Event: 139.431 Thread 0x000001e050ffab00 flushing  nmethod 0x000001e03e071190
Event: 139.431 Thread 0x000001e050ffab00 flushing  nmethod 0x000001e03e08c090
Event: 139.431 Thread 0x000001e050ffab00 flushing  nmethod 0x000001e03e0a4490
Event: 139.431 Thread 0x000001e050ffab00 flushing  nmethod 0x000001e03e0e0010
Event: 139.431 Thread 0x000001e050ffab00 flushing  nmethod 0x000001e03e0e0490
Event: 139.431 Thread 0x000001e050ffab00 flushing  nmethod 0x000001e03e0ea590
Event: 139.431 Thread 0x000001e050ffab00 flushing  nmethod 0x000001e03e0ebf90
Event: 139.431 Thread 0x000001e050ffab00 flushing  nmethod 0x000001e03e107590
Event: 139.431 Thread 0x000001e050ffab00 flushing  nmethod 0x000001e03e18e610
Event: 139.431 Thread 0x000001e050ffab00 flushing  nmethod 0x000001e03e21c610
Event: 139.431 Thread 0x000001e050ffab00 flushing  nmethod 0x000001e03e227790
Event: 139.431 Thread 0x000001e050ffab00 flushing osr nmethod 0x000001e03e30ed90

Events (20 events):
Event: 16.051 Thread 0x000001e0356efd30 Thread added: 0x000001e051a5c1f0
Event: 16.051 Thread 0x000001e0356efd30 Thread added: 0x000001e051a5bb60
Event: 16.051 Thread 0x000001e0356efd30 Thread added: 0x000001e051a586e0
Event: 16.051 Thread 0x000001e0356efd30 Thread added: 0x000001e051a58d70
Event: 16.051 Thread 0x000001e0356efd30 Thread added: 0x000001e051a5d5a0
Event: 16.051 Thread 0x000001e0356efd30 Thread added: 0x000001e051a56610
Event: 16.051 Thread 0x000001e0356efd30 Thread added: 0x000001e051a56ca0
Event: 16.052 Thread 0x000001e0356efd30 Thread added: 0x000001e051a57330
Event: 16.093 Thread 0x000001e0356efd30 Thread added: 0x000001e051a58050
Event: 16.096 Thread 0x000001e0356efd30 Thread added: 0x000001e09838c920
Event: 16.130 Thread 0x000001e0356efd30 Thread exited: 0x000001e0356efd30
Event: 16.130 Thread 0x000001e09838e9f0 Thread added: 0x000001e09838e9f0
Event: 17.017 Thread 0x000001e0985d6f40 Thread exited: 0x000001e0985d6f40
Event: 129.337 Thread 0x000001e05101d950 Thread added: 0x000001e09838f080
Event: 139.926 Thread 0x000001e051a5b4d0 Thread added: 0x000001e098388780
Event: 140.034 Thread 0x000001e098388780 Thread added: 0x000001e09838d640
Event: 145.530 Thread 0x000001e09838d640 Thread exited: 0x000001e09838d640
Event: 204.369 Thread 0x000001e05101c5a0 Thread exited: 0x000001e05101c5a0
Event: 607.944 Thread 0x000001e05101d950 Thread added: 0x000001e09838dcd0
Event: 684.783 Thread 0x000001e09838dcd0 Thread exited: 0x000001e09838dcd0


Dynamic libraries:
0x00007ff7aa4f0000 - 0x00007ff7aa4fe000 	C:\Users\LENOVO\.jdks\ms-21.0.8\bin\java.exe
0x00007ff91e7b0000 - 0x00007ff91e9c7000 	C:\WINDOWS\SYSTEM32\ntdll.dll
0x00007ff91d560000 - 0x00007ff91d624000 	C:\WINDOWS\System32\KERNEL32.DLL
0x00007ff91c030000 - 0x00007ff91c402000 	C:\WINDOWS\System32\KERNELBASE.dll
0x00007ff91bbe0000 - 0x00007ff91bcf1000 	C:\WINDOWS\System32\ucrtbase.dll
0x00007ff904850000 - 0x00007ff904868000 	C:\Users\LENOVO\.jdks\ms-21.0.8\bin\jli.dll
0x00007ff904830000 - 0x00007ff90484e000 	C:\Users\LENOVO\.jdks\ms-21.0.8\bin\VCRUNTIME140.dll
0x00007ff91c790000 - 0x00007ff91c941000 	C:\WINDOWS\System32\USER32.dll
0x00007ff91ba90000 - 0x00007ff91bab6000 	C:\WINDOWS\System32\win32u.dll
0x00007ff91c760000 - 0x00007ff91c789000 	C:\WINDOWS\System32\GDI32.dll
0x00007ff91bf00000 - 0x00007ff91c023000 	C:\WINDOWS\System32\gdi32full.dll
0x00007ff91bac0000 - 0x00007ff91bb5a000 	C:\WINDOWS\System32\msvcp_win.dll
0x00007ff90a990000 - 0x00007ff90ac2b000 	C:\WINDOWS\WinSxS\amd64_microsoft.windows.common-controls_6595b64144ccf1df_6.0.22621.5697_none_27154c497380d676\COMCTL32.dll
0x00007ff91c440000 - 0x00007ff91c4e7000 	C:\WINDOWS\System32\msvcrt.dll
0x00007ff91d630000 - 0x00007ff91d661000 	C:\WINDOWS\System32\IMM32.DLL
0x00007ff9114e0000 - 0x00007ff9114ec000 	C:\Users\LENOVO\.jdks\ms-21.0.8\bin\vcruntime140_1.dll
0x00007ff8fd480000 - 0x00007ff8fd509000 	C:\Users\LENOVO\.jdks\ms-21.0.8\bin\msvcp140.dll
0x00007ff8d96e0000 - 0x00007ff8da48c000 	C:\Users\LENOVO\.jdks\ms-21.0.8\bin\server\jvm.dll
0x00007ff91e690000 - 0x00007ff91e741000 	C:\WINDOWS\System32\ADVAPI32.dll
0x00007ff91ce30000 - 0x00007ff91ced8000 	C:\WINDOWS\System32\sechost.dll
0x00007ff91c410000 - 0x00007ff91c438000 	C:\WINDOWS\System32\bcrypt.dll
0x00007ff91d430000 - 0x00007ff91d547000 	C:\WINDOWS\System32\RPCRT4.dll
0x00007ff91d730000 - 0x00007ff91d7a1000 	C:\WINDOWS\System32\WS2_32.dll
0x00007ff91b770000 - 0x00007ff91b7bd000 	C:\WINDOWS\SYSTEM32\POWRPROF.dll
0x00007ff919260000 - 0x00007ff919294000 	C:\WINDOWS\SYSTEM32\WINMM.dll
0x00007ff912bd0000 - 0x00007ff912bda000 	C:\WINDOWS\SYSTEM32\VERSION.dll
0x00007ff91b750000 - 0x00007ff91b763000 	C:\WINDOWS\SYSTEM32\UMPDC.dll
0x00007ff91a880000 - 0x00007ff91a898000 	C:\WINDOWS\SYSTEM32\kernel.appcore.dll
0x00007ff911450000 - 0x00007ff91145a000 	C:\Users\LENOVO\.jdks\ms-21.0.8\bin\jimage.dll
0x00007ff918fe0000 - 0x00007ff919213000 	C:\WINDOWS\SYSTEM32\DBGHELP.DLL
0x00007ff91cf70000 - 0x00007ff91d302000 	C:\WINDOWS\System32\combase.dll
0x00007ff91d7b0000 - 0x00007ff91d888000 	C:\WINDOWS\System32\OLEAUT32.dll
0x00007ff919220000 - 0x00007ff919252000 	C:\WINDOWS\SYSTEM32\dbgcore.DLL
0x00007ff91bb60000 - 0x00007ff91bbdb000 	C:\WINDOWS\System32\bcryptPrimitives.dll
0x00007ff909650000 - 0x00007ff909660000 	C:\Users\LENOVO\.jdks\ms-21.0.8\bin\instrument.dll
0x00007ff9042c0000 - 0x00007ff9042e1000 	C:\Users\LENOVO\.jdks\ms-21.0.8\bin\java.dll
0x00007ff91dde0000 - 0x00007ff91e681000 	C:\WINDOWS\System32\SHELL32.dll
0x00007ff91bdc0000 - 0x00007ff91beff000 	C:\WINDOWS\System32\wintypes.dll
0x00007ff919780000 - 0x00007ff91a09a000 	C:\WINDOWS\SYSTEM32\windows.storage.dll
0x00007ff91d310000 - 0x00007ff91d41b000 	C:\WINDOWS\System32\SHCORE.dll
0x00007ff91d890000 - 0x00007ff91d8f9000 	C:\WINDOWS\System32\shlwapi.dll
0x00007ff91b7d0000 - 0x00007ff91b7fb000 	C:\WINDOWS\SYSTEM32\profapi.dll
0x00007ff8f30a0000 - 0x00007ff8f3176000 	C:\Users\LENOVO\.jdks\ms-21.0.8\bin\jsvml.dll
0x00007ff9042a0000 - 0x00007ff9042b8000 	C:\Users\LENOVO\.jdks\ms-21.0.8\bin\zip.dll
0x00007ff903f60000 - 0x00007ff903f71000 	C:\Users\LENOVO\.jdks\ms-21.0.8\bin\net.dll
0x00007ff915400000 - 0x00007ff91552c000 	C:\WINDOWS\SYSTEM32\WINHTTP.dll
0x00007ff91ad50000 - 0x00007ff91adb9000 	C:\WINDOWS\system32\mswsock.dll
0x00007ff903f40000 - 0x00007ff903f56000 	C:\Users\LENOVO\.jdks\ms-21.0.8\bin\nio.dll
0x00007ff91a370000 - 0x00007ff91a468000 	C:\WINDOWS\SYSTEM32\DNSAPI.dll
0x00007ff91a340000 - 0x00007ff91a36d000 	C:\WINDOWS\SYSTEM32\IPHLPAPI.DLL
0x00007ff91ce20000 - 0x00007ff91ce29000 	C:\WINDOWS\System32\NSI.dll
0x00007ff903f20000 - 0x00007ff903f29000 	C:\Users\LENOVO\.jdks\ms-21.0.8\bin\extnet.dll
0x00007ff90ff20000 - 0x00007ff90ff2a000 	C:\Windows\System32\rasadhlp.dll
0x00007ff914520000 - 0x00007ff9145a4000 	C:\WINDOWS\System32\fwpuclnt.dll
0x00007ff903f10000 - 0x00007ff903f1a000 	C:\Users\LENOVO\.jdks\ms-21.0.8\bin\management.dll
0x00007ff903f00000 - 0x00007ff903f0c000 	C:\Users\LENOVO\.jdks\ms-21.0.8\bin\management_ext.dll
0x00007ff91d420000 - 0x00007ff91d428000 	C:\WINDOWS\System32\PSAPI.DLL
0x00007ff91afa0000 - 0x00007ff91afbb000 	C:\WINDOWS\SYSTEM32\CRYPTSP.dll
0x00007ff91a7e0000 - 0x00007ff91a817000 	C:\WINDOWS\system32\rsaenh.dll
0x00007ff91ae40000 - 0x00007ff91ae68000 	C:\WINDOWS\SYSTEM32\USERENV.dll
0x00007ff91afc0000 - 0x00007ff91afcc000 	C:\WINDOWS\SYSTEM32\CRYPTBASE.dll
0x00007ff8fbf90000 - 0x00007ff8fbfa7000 	C:\WINDOWS\system32\napinsp.dll
0x00007ff8fbe90000 - 0x00007ff8fbeab000 	C:\WINDOWS\system32\pnrpnsp.dll
0x00007ff8fbd90000 - 0x00007ff8fbda1000 	C:\WINDOWS\System32\winrnr.dll
0x00007ff8fbd70000 - 0x00007ff8fbd8f000 	C:\WINDOWS\system32\wshbth.dll
0x00007ff8fbcf0000 - 0x00007ff8fbd11000 	C:\WINDOWS\system32\nlansp_c.dll
0x00007ff904ed0000 - 0x00007ff904f20000 	C:\WINDOWS\SYSTEM32\pdh.dll
0x00007ff903f30000 - 0x00007ff903f3e000 	C:\Users\LENOVO\.jdks\ms-21.0.8\bin\sunmscapi.dll
0x00007ff91b8a0000 - 0x00007ff91ba08000 	C:\WINDOWS\System32\CRYPT32.dll
0x00007ff91b160000 - 0x00007ff91b18d000 	C:\WINDOWS\SYSTEM32\ncrypt.dll
0x00007ff91b120000 - 0x00007ff91b157000 	C:\WINDOWS\SYSTEM32\NTASN1.dll
0x00007ff917df0000 - 0x00007ff917e01000 	C:\WINDOWS\System32\perfproc.dll
0x00007ff908920000 - 0x00007ff908928000 	C:\WINDOWS\system32\wshunix.dll

JVMTI agents:
C:\Program Files\JetBrains\IntelliJ IDEA Community Edition 2025.2.1\lib\idea_rt.jar path:C:\Users\LENOVO\.jdks\ms-21.0.8\bin\instrument.dll, loaded, initialized, instrumentlib options:60820

dbghelp: loaded successfully - version: 4.0.5 - missing functions: none
symbol engine: initialized successfully - sym options: 0x614 - pdb path: .;C:\Users\LENOVO\.jdks\ms-21.0.8\bin;C:\WINDOWS\SYSTEM32;C:\WINDOWS\WinSxS\amd64_microsoft.windows.common-controls_6595b64144ccf1df_6.0.22621.5697_none_27154c497380d676;C:\Users\LENOVO\.jdks\ms-21.0.8\bin\server

VM Arguments:
jvm_args: -javaagent:C:\Program Files\JetBrains\IntelliJ IDEA Community Edition 2025.2.1\lib\idea_rt.jar=60820 -Dfile.encoding=UTF-8 -Dsun.stdout.encoding=UTF-8 -Dsun.stderr.encoding=UTF-8 
java_command: com.example.demo.Java1.Application
java_class_path (initial): C:\Users\LENOVO\Desktop\demo.Java1\target\classes;C:\Users\LENOVO\.m2\repository\org\springframework\boot\spring-boot-starter-web\3.4.9-SNAPSHOT\spring-boot-starter-web-3.4.9-20250821.055224-57.jar;C:\Users\LENOVO\.m2\repository\org\springframework\boot\spring-boot-starter\3.4.9-SNAPSHOT\spring-boot-starter-3.4.9-20250821.055224-57.jar;C:\Users\LENOVO\.m2\repository\org\springframework\boot\spring-boot\3.4.9-SNAPSHOT\spring-boot-3.4.9-20250821.055224-57.jar;C:\Users\LENOVO\.m2\repository\org\springframework\boot\spring-boot-autoconfigure\3.4.9-SNAPSHOT\spring-boot-autoconfigure-3.4.9-20250821.055224-57.jar;C:\Users\LENOVO\.m2\repository\org\springframework\boot\spring-boot-starter-logging\3.4.9-SNAPSHOT\spring-boot-starter-logging-3.4.9-20250821.055224-57.jar;C:\Users\LENOVO\.m2\repository\ch\qos\logback\logback-classic\1.5.18\logback-classic-1.5.18.jar;C:\Users\LENOVO\.m2\repository\ch\qos\logback\logback-core\1.5.18\logback-core-1.5.18.jar;C:\Users\LENOVO\.m2\repository\org\apache\logging\log4j\log4j-to-slf4j\2.24.3\log4j-to-slf4j-2.24.3.jar;C:\Users\LENOVO\.m2\repository\org\apache\logging\log4j\log4j-api\2.24.3\log4j-api-2.24.3.jar;C:\Users\LENOVO\.m2\repository\org\slf4j\jul-to-slf4j\2.0.17\jul-to-slf4j-2.0.17.jar;C:\Users\LENOVO\.m2\repository\jakarta\annotation\jakarta.annotation-api\2.1.1\jakarta.annotation-api-2.1.1.jar;C:\Users\LENOVO\.m2\repository\org\yaml\snakeyaml\2.3\snakeyaml-2.3.jar;C:\Users\LENOVO\.m2\repository\org\springframework\boot\spring-boot-starter-json\3.4.9-SNAPSHOT\spring-boot-starter-json-3.4.9-20250821.055224-57.jar;C:\Users\LENOVO\.m2\repository\com\fasterxml\jackson\core\jackson-databind\2.18.4\jackson-databind-2.18.4.jar;C:\Users\LENOVO\.m2\repository\com\fasterxml\jackson\core\jackson-annotations\2.18.4\jackson-annotations-2.18.4.jar;C:\Users\LENOVO\.m2\repository\com\fasterxml\jackson\core\jackson-core\2.18.4.1\jackson-core-2.18.4.1.jar;C:\Users\LENOVO\.m2\repository\com\fasterxml\jackson\datatype\jackson-datatype-jdk8\2.18.4\jackson-datatype-jdk8-2.18.4.jar;C:\Users\LENOVO\.m2\repository\com\fasterxml\jackson\datatype\jackson-datatype-jsr310\2.18.4\jackson-datatype-jsr310-2.18.4.jar;C:\Users\LENOVO\.m2\repository\com\fasterxml\jackson\module\jackson-module-parameter-names\2.18.4\jackson-module-parameter-names-2.18.4.jar;C:\Users\LENOVO\.m2\repository\org\springframework\boot\spring-boot-starter-tomcat\3.4.9-SNAPSHOT\spring-boot-starter-tomcat-3.4.9-20250821.055224-57.jar;C:\Users\LENOVO\.m2\repository\org\apache\tomcat\embed\tomcat-embed-core\10.1.44\tomcat-embed-core-10.1.44.jar;C:\Users\LENOVO\.m2\repository\org\apache\tomcat\embed\tomcat-embed-el\10.1.44\tomcat-embed-el-10.1.44.jar;C:\Users\LENOVO\.m2\repository\org\apache\tomcat\embed\tomcat-embed-websocket\10.1.44\tomcat-embed-websocket-10.1.44.jar;C:\Users\LENOVO\.m2\repository\org\springframework\spring-web\6.2.10\spring-web-6.2.10.jar;C:\Users\LENOVO\.m2\repository\org\springframework\spring-beans\6.2.10\spring-beans-6.2.10.jar;C:\Users\LENOVO\.m2\repository\io\micrometer\micrometer-observation\1.14.10\micrometer-observation-1.14.10.jar;C:\Users\LENOVO\.m2\repository\io\micrometer\micrometer-commons\1.14.10\micrometer-commons-1.14.10.jar;C:\Users\LENOVO\.m2\repository\org\springframework\spring-webmvc\6.2.10\spring-webmvc-6.2.10.jar;C:\Users\LENOVO\.m2\repository\org\springframework\spring-aop\6.2.10\spring-aop-6.2.10.jar;C:\Users\LENOVO\.m2\repository\org\springframework\spring-context\6.2.10\spring-context-6.2.10.jar;C:\Users\LENOVO\.m2\repository\org\springframework\spring-expression\6.2.10\spring-expression-6.2.10.jar;C:\Users\LENOVO\.m2\repository\org\springframework\boot\spring-boot-starter-jdbc\3.4.9-SNAPSHOT\spring-boot-starter-jdbc-3.4.9-20250821.055224-57.jar;C:\Users\LENOVO\.m2\repository\com\zaxxer\HikariCP\5.1.0\HikariCP-5.1.0.jar;C:\Users\LENOVO\.m2\repository\org\slf4j\slf4j-api\2.0.17\slf4j-api-2.0.17.jar;C:\Users\LENOVO\.m2\repository\org\springframework\spring-jdbc\6.2.10\spring-jdbc-6.2.10.jar;C:\Users\LENOVO\.m2\repository\org\springframework\spring-tx\6.2.10\spring-tx-6.2.10.jar;C:\Users\LENOVO\.m2\repository\com\mysql\mysql-connector-j\9.4.0\mysql-connector-j-9.4.0.jar;C:\Users\LENOVO\.m2\repository\org\springframework\spring-core\6.2.10\spring-core-6.2.10.jar;C:\Users\LENOVO\.m2\repository\org\springframework\spring-jcl\6.2.10\spring-jcl-6.2.10.jar
Launcher Type: SUN_STANDARD

[Global flags]
     intx CICompilerCount                          = 3                                         {product} {ergonomic}
     uint ConcGCThreads                            = 1                                         {product} {ergonomic}
     uint G1ConcRefinementThreads                  = 4                                         {product} {ergonomic}
   size_t G1HeapRegionSize                         = 1048576                                   {product} {ergonomic}
    uintx GCDrainStackTargetSize                   = 64                                        {product} {ergonomic}
   size_t InitialHeapSize                          = 100663296                                 {product} {ergonomic}
   size_t MarkStackSize                            = 4194304                                   {product} {ergonomic}
   size_t MaxHeapSize                              = 1579155456                                {product} {ergonomic}
   size_t MaxNewSize                               = 946864128                                 {product} {ergonomic}
   size_t MinHeapDeltaBytes                        = 1048576                                   {product} {ergonomic}
   size_t MinHeapSize                              = 8388608                                   {product} {ergonomic}
    uintx NonNMethodCodeHeapSize                   = 5832780                                {pd product} {ergonomic}
    uintx NonProfiledCodeHeapSize                  = 122912730                              {pd product} {ergonomic}
    uintx ProfiledCodeHeapSize                     = 122912730                              {pd product} {ergonomic}
    uintx ReservedCodeCacheSize                    = 251658240                              {pd product} {ergonomic}
     bool SegmentedCodeCache                       = true                                      {product} {ergonomic}
   size_t SoftMaxHeapSize                          = 1579155456                             {manageable} {ergonomic}
     bool UseCompressedOops                        = true                           {product lp64_product} {ergonomic}
     bool UseG1GC                                  = true                                      {product} {ergonomic}
     bool UseLargePagesIndividualAllocation        = false                                  {pd product} {ergonomic}

Logging:
Log output configuration:
 #0: stdout all=warning uptime,level,tags foldmultilines=false
 #1: stderr all=off uptime,level,tags foldmultilines=false

Environment Variables:
PATH=C:\xampp\php;C:\Users\LENOVO\Downloads\php-8.4.12-nts-Win32-vs17-x64\;C:\Program Files\Eclipse Adoptium\jdk-21.0.5.11-hotspot\bin;C:\WINDOWS\system32;C:\WINDOWS;C:\WINDOWS\System32\Wbem;C:\WINDOWS\System32\WindowsPowerShell\v1.0\;C:\WINDOWS\System32\OpenSSH\;C:\Program Files (x86)\Microsoft SQL Server\160\Tools\Binn\;C:\Program Files\Microsoft SQL Server\160\Tools\Binn\;C:\Program Files\Microsoft SQL Server\Client SDK\ODBC\170\Tools\Binn\;C:\Program Files\Microsoft SQL Server\160\DTS\Binn\;C:\Program Files (x86)\Microsoft SQL Server\160\DTS\Binn\;C:\Program Files\Git\cmd;C:\Users\LENOVO\AppData\Local\Programs\Python\Python313\Scripts\;C:\Users\LENOVO\AppData\Local\Programs\Python\Python313\;C:\Users\LENOVO\AppData\Local\Programs\Python\Python313\python.exe;C:\Users\LENOVO\AppData\Local\Programs\Python\Python313\python.exe -m pydoc -b;C:\Users\LENOVO\AppData\Local\Programs\Python\Launcher\;C:\Users\LENOVO\AppData\Local\Programs\Python\Launcher\Scripts;C:\Users\LENOVO\AppData\Local\Microsoft\WindowsApps;C:\Users\LENOVO\AppData\Local\spicetify;C:\Users\LENOVO\AppData\Local\Programs\Microsoft VS Code\bin;
USERNAME=LENOVO
OS=Windows_NT
PROCESSOR_IDENTIFIER=AMD64 Family 23 Model 24 Stepping 1, AuthenticAMD
TMP=C:\Users\LENOVO\AppData\Local\Temp
TEMP=C:\Users\LENOVO\AppData\Local\Temp




Periodic native trim disabled

---------------  S Y S T E M  ---------------

OS:
 Windows 11 , 64 bit Build 22621 (10.0.22621.5415)
OS uptime: 13 days 1:43 hours

CPU: total 4 (initial active 4) (4 cores per cpu, 2 threads per core) family 23 model 24 stepping 1 microcode 0x0, cx8, cmov, fxsr, ht, mmx, 3dnowpref, sse, sse2, sse3, ssse3, sse4a, sse4.1, sse4.2, popcnt, lzcnt, tsc, tscinvbit, avx, avx2, aes, clmul, bmi1, bmi2, adx, sha, fma, vzeroupper, clflush, clflushopt, rdtscp, f16c
Processor Information for the first 4 processors :
  Max Mhz: 2400, Current Mhz: 2400, Mhz Limit: 2400

Memory: 4k page, system-wide physical 6020M (285M free)
TotalPageFile size 18308M (AvailPageFile size 2M)
current process WorkingSet (physical memory assigned to process): 138M, peak: 190M
current process commit charge ("private bytes"): 193M, peak: 230M

vm_info: OpenJDK 64-Bit Server VM (21.0.8+9-LTS) for windows-amd64 JRE (21.0.8+9-LTS), built on 2025-07-10T20:22:44Z by "MicrosoftCorporation" with unknown MS VC++:1944

END.
